

<!DOCTYPE html>
<html>
<head>
<meta charset="utf-8">
<meta name="viewport" content="width=device-width, initial-scale=1, shrink-to-fit=no">
<title>Automation Execution Report</title>
<link rel="apple-touch-icon" href="https://cdn.jsdelivr.net/gh/extent-framework/extent-github-cdn@b00a2d0486596e73dd7326beacf352c639623a0e/commons/img/logo.png">
<link rel="shortcut icon" href="https://cdn.jsdelivr.net/gh/extent-framework/extent-github-cdn@b00a2d0486596e73dd7326beacf352c639623a0e/commons/img/logo.png">
<link href="https://cdn.jsdelivr.net/gh/extent-framework/extent-github-cdn@d6562a79075e061305ccfdb82f01e5e195e2d307/spark/css/spark-style.css" rel="stylesheet" />
<link href="https://stackpath.bootstrapcdn.com/font-awesome/4.7.0/css/font-awesome.min.css" rel="stylesheet">
<script src="https://cdn.jsdelivr.net/gh/extent-framework/extent-github-cdn@7cc78ce/spark/js/jsontree.js"></script>
<style type="text/css">
.badge-primary { background-color: #0066cc; }
.status.pass { background-color: #28a745; }
.status.fail { background-color: #dc3545; }
</style></head><body class="spa bdd-report dark">
  <div class="app">
    <div class="layout">
<div class="header navbar">
<div class="vheader">
<div class="nav-logo">
<a href="#">
<div class="logo" style="background-image: url('https://cdn.jsdelivr.net/gh/extent-framework/extent-github-cdn@b00a2d0486596e73dd7326beacf352c639623a0e/commons/img/logo.png')"></div>
</a>
</div>
<ul class="nav-left">
<li class="search-box">
<a class="search-toggle" href="#">
<i class="search-icon fa fa-search"></i>
<i class="search-icon-close fa fa-close"></i>
</a>
</li>
<li class="search-input"><input id="search-tests" class="form-control" type="text" placeholder="Search..."></li>
</ul>
<ul class="nav-right">
<li class="m-r-10">
<a href="#"><span class="badge badge-primary">Aldermore Automation Suite</span></a>
</li>
<li class="m-r-10">
<a href="#"><span class="badge badge-primary">Sep 9, 2025 01:23:27 PM</span></a>
</li>
</ul>
</div>
</div><div class="side-nav">
<div class="side-nav-inner">
<ul class="side-nav-menu">
<li class="nav-item dropdown" onclick="toggleView('dashboard-view')">
<a id="nav-dashboard" class="dropdown-toggle" href="#">
<span class="ico"><i class="fa fa-bar-chart"></i></span>
</a>
</li>
<li class="nav-item dropdown" onclick="toggleView('test-view')">
<a id="nav-test" class="dropdown-toggle" href="#">
<span class="ico"><i class="fa fa-list"></i></span>
</a>
</li>
<li class="nav-item dropdown" onclick="toggleView('category-view')">
<a id="nav-category" class="dropdown-toggle" href="#">
<span class="ico"><i class="fa fa-tag"></i></span>
</a>
</li>
<li class="nav-item dropdown" onclick="toggleView('exception-view')">
<a id="nav-exception" class="dropdown-toggle" href="#">
<span class="ico"><i class="fa fa-bug"></i></span>
</a>
</li>
</ul>
</div>
</div>      <div class="vcontainer">
        <div class="main-content">
<div class="container-fluid p-4 view dashboard-view">
<div class="row">
<div class="col-md-3">
<div class="card"><div class="card-body">
<p class="m-b-0">Started</p>
<h3>Sep 9, 2025 01:23:27 PM</h3>
</div></div>
</div>
<div class="col-md-3">
<div class="card"><div class="card-body">
<p class="m-b-0">Ended</p>
<h3>Sep 9, 2025 01:25:51 PM</h3>
</div></div>
</div>
<div class="col-md-3">
<div class="card"><div class="card-body">
<p class="m-b-0 text-pass">Features Passed</p>
<h3>0</h3>
</div></div>
</div>
<div class="col-md-3">
<div class="card"><div class="card-body">
<p class="m-b-0 text-fail">Features Failed</p>
<h3>1</h3>
</div></div>
</div>
</div>
<div class="row">
<div class="col-md-4">
<div class="card">
<div class="card-header">
<h6 class="card-title">Features</h6>
</div>
<div class="card-body">
<div class="">
<canvas id='parent-analysis' width='115' height='90'></canvas>
</div>
</div>
<div class="card-footer">
<div><small data-tooltip='0%'>
<b>0</b> features passed
</small>
</div>
<div>
<small data-tooltip='100%'><b>1</b> features failed,
<b>0</b> skipped, <b data-tooltip='0%'>0</b> others
</small>
</div>
</div>
</div>
</div>
<div class="col-md-4">
<div class="card">
<div class="card-header">
<h6 class="card-title">Scenarios</h6>
</div>
<div class="card-body">
<div class="">
<canvas id='child-analysis' width='115' height='90'></canvas>
</div>
</div>
<div class="card-footer">
<div><small data-tooltip='38%'><b>8</b> scenarios passed</small></div>
<div>
<small data-tooltip='61%'><b>13</b> scenarios failed,
<b>0</b> skipped, <b data-tooltip='%'>0</b> others
</small>
</div>
</div>
</div>
</div>
<div class="col-md-4">
<div class="card">
<div class="card-header">
<h6 class="card-title">Steps</h6>
</div>
<div class="card-body">
<div class="">
<canvas id='grandchild-analysis' width='115' height='90'></canvas>
</div>
</div>
<div class="card-footer">
<div><small data-tooltip='77%'><b>68</b> steps passed</small></div>
<div>
<small data-tooltip='14%'><b>13</b> steps failed,
<b>7</b> skipped, <b data-tooltip='%'>0</b> others
</small>
</div>
</div>
</div>
</div>
</div>
<div class="row"><div class="col-md-12">
<div class="card"><div class="card-header"><p>Timeline</p></div>
<div class="card-body pt-0"><div>
<canvas id="timeline" height="120"></canvas>
</div></div>
</div>
</div></div>
<script>
var timeline = {
"Mortgages":137.981
};
</script>
<div class="row">
<div class="col-lg-6 col-md-12 category-container">
<div class="card">
<div class="card-header"><p>Tags</p></div>
<div class="card-body pb-0 pt-0"><table class="table table-sm table-bordered">
<thead><tr class="bg-gray"><th>Name</th><th>Passed</th><th>Failed</th><th>Skipped</th><th>Others</th><th>Passed %</th></tr></thead><tbody>
<tr>
<td>@BlackBox_Option2</td>
<td>0</td>
<td>1</td>
<td>0</td>
<td>0</td>
<td>0%</td>
</tr>
<tr>
<td>@why_use_a_mortgage_broker</td>
<td>0</td>
<td>1</td>
<td>0</td>
<td>0</td>
<td>0%</td>
</tr>
<tr>
<td>@Buy_to_let_for_limited_companies</td>
<td>0</td>
<td>1</td>
<td>0</td>
<td>0</td>
<td>0%</td>
</tr>
<tr>
<td>@Image_section</td>
<td>1</td>
<td>1</td>
<td>0</td>
<td>0</td>
<td>50%</td>
</tr>
<tr>
<td>@MastHead-Small</td>
<td>0</td>
<td>1</td>
<td>0</td>
<td>0</td>
<td>0%</td>
</tr>
<tr>
<td>@Mortgages</td>
<td>8</td>
<td>13</td>
<td>0</td>
<td>0</td>
<td>38.095%</td>
</tr>
<tr>
<td>@First_time_buyer_mortgages</td>
<td>0</td>
<td>1</td>
<td>0</td>
<td>0</td>
<td>0%</td>
</tr>
<tr>
<td>@Self-employed_mortgages</td>
<td>0</td>
<td>1</td>
<td>0</td>
<td>0</td>
<td>0%</td>
</tr>
<tr>
<td>@BlackBox_Option3</td>
<td>0</td>
<td>1</td>
<td>0</td>
<td>0</td>
<td>0%</td>
</tr>
<tr>
<td>@Masthead_BlackBox</td>
<td>1</td>
<td>0</td>
<td>0</td>
<td>0</td>
<td>100%</td>
</tr>
<tr>
<td>@Mortgages_for_customers_with_credit_issues_card</td>
<td>0</td>
<td>5</td>
<td>0</td>
<td>0</td>
<td>0%</td>
</tr>
<tr>
<td>@CardHeaders</td>
<td>6</td>
<td>2</td>
<td>0</td>
<td>0</td>
<td>75%</td>
</tr>
<tr>
<td>@Commercial_mortgages</td>
<td>0</td>
<td>1</td>
<td>0</td>
<td>0</td>
<td>0%</td>
</tr>
<tr>
<td>@BlackBox_Option1</td>
<td>0</td>
<td>3</td>
<td>0</td>
<td>0</td>
<td>0%</td>
</tr>
<tr>
<td>@USPSection</td>
<td>0</td>
<td>1</td>
<td>0</td>
<td>0</td>
<td>0%</td>
</tr>
</tbody>
</table></div>
</div>
</div>
<div class="col-lg-6 col-md-12 sysenv-container">
<div class="card">
<div class="card-header"><p>System/Environment</p></div>
<div class="card-body pb-0 pt-0"><table class="table table-sm table-bordered">
<thead><tr class="bg-gray"><th>Name</th><th>Value</th></tr></thead>
<tbody>
<tr>
<td>Environment</td>
<td>PreProd</td>
</tr>
<tr>
<td>Tester</td>
<td>Automation Engineer Trupti Gumar</td>
</tr>
<tr>
<td>Platform</td>
<td>Windows 11</td>
</tr>
</tbody>
</table></div>
</div>
</div>
</div>
</div>
<script>
var statusGroup = {
parentCount: 5,
passParent: 0,
failParent: 1,
warningParent: 0,
skipParent: 0,
childCount: 5,
passChild: 8,
failChild: 13,
warningChild: 0,
skipChild: 0,
infoChild: 0,
grandChildCount: 5,
passGrandChild: 68,
failGrandChild: 13,
warningGrandChild: 0,
skipGrandChild: 7,
infoGrandChild: 0,
eventsCount: 5,
};
</script><div class="test-wrapper row view test-view">
  <div class="test-list">
    <div class="test-list-tools">
<ul class="tools pull-left">
<li><a href="#"><span class="font-size-14">Tests</span></a></li>
</ul>
<ul class="tools text-right">
<li class="dropdown">
<a href="#" class="dropdown-toggle" data-toggle="dropdown"><i class="fa fa-exclamation-circle"></i></a>
<ul id="status-toggle" class="dropdown-menu dropdown-md p-v-0">
<a class="dropdown-item" status="fail" href="#"><span>Fail</span><span class="status danger"></span></a>
<div class="dropdown-divider"></div>
<a status="clear" class="dropdown-item" href="#"><span>Clear</span><span class="pull-right"><i class="fa fa-close"></i></span></a>
</ul>
</li>
<li class="dropdown">
<a href="#" class="dropdown-toggle" data-toggle="dropdown"><i class="fa fa-tag"></i></a>
<ul id="tag-toggle" class="dropdown-menu dropdown-md p-v-0">
<a class="dropdown-item" href="#">@BlackBox_Option2</a><a class="dropdown-item" href="#">@why_use_a_mortgage_broker</a><a class="dropdown-item" href="#">@Buy_to_let_for_limited_companies</a><a class="dropdown-item" href="#">@Image_section</a><a class="dropdown-item" href="#">@MastHead-Small</a><a class="dropdown-item" href="#">@Mortgages</a><a class="dropdown-item" href="#">@First_time_buyer_mortgages</a><a class="dropdown-item" href="#">@Self-employed_mortgages</a><a class="dropdown-item" href="#">@BlackBox_Option3</a><a class="dropdown-item" href="#">@Masthead_BlackBox</a><a class="dropdown-item" href="#">@Mortgages_for_customers_with_credit_issues_card</a><a class="dropdown-item" href="#">@CardHeaders</a><a class="dropdown-item" href="#">@Commercial_mortgages</a><a class="dropdown-item" href="#">@BlackBox_Option1</a><a class="dropdown-item" href="#">@USPSection</a>
</ul>
</li>
</ul>
</div>    <div class="test-list-wrapper scrollable">
      <ul class="test-list-item">
        <li class="test-item"  status="fail" test-id="1"
          author=""
          tag=""
          device="">
          <div class="test-detail">
            <p class="name">Mortgages</p>
            <p class="text-sm">
              <span>1:23:32 PM</span> / <span>00:02:17:981</span>
              <span class="badge fail-bg log float-right">Fail</span>
            </p>
          </div>
          <div class="test-contents d-none">
<div class="detail-head">
<div class="p-v-10">
<div class="info">
<h5 class="test-status text-fail">Mortgages</h5>
<span class='badge badge-success'>09.09.2025 1:23:32 PM</span>
<span class='badge badge-danger'>09.09.2025 1:25:50 PM</span>
<span class='badge badge-default'>00:02:17:981</span>
&middot; <span class='uri-anchor badge badge-default'>#test-id=1</span>
<span class='badge badge-default pointer float-right ml-1 et'><i class="fa fa-chevron-down"></i></span>
<span class='badge badge-default pointer float-right ct'><i class="fa fa-chevron-up"></i></span>
</div>
<div class="m-t-10 m-l-5">I want to verify the components in this page.</div>
</div>
</div>
<div class="accordion mt-4">
  <div class="card">
    <div class="card-header" role="tab">
      <div class="card-title">
        <div class="node" id="2"><span class="badge log fail-bg mr-2">Fail</span>Verify mortgages page</div>
      </div>
    </div>
        <div class="scenario_outline ">
            <div class="card-body l1">
              <div class="card-header">
                <div class="card-title outline-child">
                  <div class="node" id="3"><span class="badge log fail-bg mr-2">Fail</span>Verify mortgages page</div>
                </div>
              </div>
              <div class="card-body mt-3 ">
                  <div class="step fail-bg">
                    <span>Given I am on the Aldermore page</span>
      <div>
        <textarea disabled class="code-block">java.lang.AssertionError: Web Element is not clicked in a given time
	at org.testng.Assert.fail(Assert.java:99)
	at utils.SeleniumDriver.waitForElementClickable(SeleniumDriver.java:208)
	at Mortgages_Feature_Steps.MortgagesPageSteps.i_am_on_the_aldermore_home_page(MortgagesPageSteps.java:23)
	at ?.I am on the Aldermore page(file:///G:/TRG/Website-Test-Automation-couk_Automation_Handover/Website-Test-Automation-couk_Automation_Handover2/src/test/resources/Mortgages_FeatureFiles/Mortgages.feature:7)
</textarea>
      
      </div>
                  </div>
                  <div class="step skip-bg">
                    <span>When I navigate to Mortgages dropdown option</span>
      <div>Step skipped
      </div>
                  </div>
                  <div class="step skip-bg">
                    <span>Then I should see the "Mortgages home" as optionss</span>
      <div>Step skipped
      </div>
                  </div>
                  <div class="step skip-bg">
                    <span>When I click on the link</span>
      <div>Step skipped
      </div>
                  </div>
                  <div class="step skip-bg">
                    <span>Then I should be redirected to "Mortgages"</span>
      <div>Step skipped
      </div>
                  </div>
              </div>
            </div>
        </div>
  </div>
  <div class="card">
    <div class="card-header" role="tab">
      <div class="card-title">
        <div class="node" id="9"><span class="badge log fail-bg mr-2">Fail</span>Verify the USP section present on the Mortgage Page</div>
      </div>
    </div>
        <div class="">
          <div class="card-body">
              <div class="step pass-bg" title="Mortgages_Feature_Steps.MortgagesPageSteps.i_am_on_the_aldermore_home_page()">
                <span>Given I am on the Aldermore page</span>
      <div>
      </div>
              </div>
              <div class="step pass-bg" title="Mortgages_Feature_Steps.MortgagesPageSteps.i_navigate_to_mortgages_dropdown_option()">
                <span>When I navigate to Mortgages dropdown option</span>
      <div>
      </div>
              </div>
              <div class="step pass-bg" title="Mortgages_Feature_Steps.MortgagesPageSteps.i_should_be_navigated_to_Mortgage_page()">
                <span>Then I should be navigated to Mortgage Page</span>
      <div>
      </div>
              </div>
              <div class="step fail-bg" title="Mortgages_Feature_Steps.MortgagesPageSteps.i_should_see_the_USP_section_on_mortgage_page()">
                <span>Then I should see the USP section on Mortgage page</span>
      <div>
        <textarea disabled class="code-block">org.openqa.selenium.NoSuchElementException: no such element: Unable to locate element: {"method":"xpath","selector":"//ul[@class = 'unique-selling-points__section__grid']"}
  (Session info: chrome=118.0.5993.70)
For documentation on this error, please visit: https://www.selenium.dev/documentation/webdriver/troubleshooting/errors#no-such-element-exception
Build info: version: '4.11.0', revision: '040bc5406b'
System info: os.name: 'Windows Server 2019', os.arch: 'amd64', os.version: '10.0', java.version: '17.0.1'
Driver info: org.openqa.selenium.chrome.ChromeDriver
Command: [ecb0b9da923ea1e9a65a978c59c785fc, findElement {using=xpath, value=//ul[@class = 'unique-selling-points__section__grid']}]
Capabilities {acceptInsecureCerts: false, browserName: chrome, browserVersion: 118.0.5993.70, chrome: {chromedriverVersion: 118.0.5993.70 (e52f33f30b91..., userDataDir: C:\Users\TRUPTI~1.GUM\AppDa...}, fedcm:accounts: true, goog:chromeOptions: {debuggerAddress: localhost:52063}, networkConnectionEnabled: false, pageLoadStrategy: normal, platformName: windows, proxy: Proxy(), se:cdp: ws://localhost:52063/devtoo..., se:cdpVersion: 118.0.5993.70, setWindowRect: true, strictFileInteractability: false, timeouts: {implicit: 0, pageLoad: 300000, script: 30000}, unhandledPromptBehavior: dismiss and notify, webauthn:extension:credBlob: true, webauthn:extension:largeBlob: true, webauthn:extension:minPinLength: true, webauthn:extension:prf: true, webauthn:virtualAuthenticators: true}
Session ID: ecb0b9da923ea1e9a65a978c59c785fc
	at java.base/jdk.internal.reflect.NativeConstructorAccessorImpl.newInstance0(Native Method)
	at java.base/jdk.internal.reflect.NativeConstructorAccessorImpl.newInstance(NativeConstructorAccessorImpl.java:77)
	at java.base/jdk.internal.reflect.DelegatingConstructorAccessorImpl.newInstance(DelegatingConstructorAccessorImpl.java:45)
	at java.base/java.lang.reflect.Constructor.newInstanceWithCaller(Constructor.java:499)
	at java.base/java.lang.reflect.Constructor.newInstance(Constructor.java:480)
	at org.openqa.selenium.remote.codec.w3c.W3CHttpResponseCodec.createException(W3CHttpResponseCodec.java:200)
	at org.openqa.selenium.remote.codec.w3c.W3CHttpResponseCodec.decode(W3CHttpResponseCodec.java:133)
	at org.openqa.selenium.remote.codec.w3c.W3CHttpResponseCodec.decode(W3CHttpResponseCodec.java:52)
	at org.openqa.selenium.remote.HttpCommandExecutor.execute(HttpCommandExecutor.java:191)
	at org.openqa.selenium.remote.service.DriverCommandExecutor.invokeExecute(DriverCommandExecutor.java:196)
	at org.openqa.selenium.remote.service.DriverCommandExecutor.execute(DriverCommandExecutor.java:171)
	at org.openqa.selenium.remote.RemoteWebDriver.execute(RemoteWebDriver.java:518)
	at org.openqa.selenium.remote.ElementLocation$ElementFinder$2.findElement(ElementLocation.java:165)
	at org.openqa.selenium.remote.ElementLocation.findElement(ElementLocation.java:59)
	at org.openqa.selenium.remote.RemoteWebDriver.findElement(RemoteWebDriver.java:355)
	at org.openqa.selenium.remote.RemoteWebDriver.findElement(RemoteWebDriver.java:349)
	at org.openqa.selenium.support.pagefactory.DefaultElementLocator.findElement(DefaultElementLocator.java:68)
	at org.openqa.selenium.support.pagefactory.internal.LocatingElementHandler.invoke(LocatingElementHandler.java:38)
	at jdk.proxy2/jdk.proxy2.$Proxy28.isDisplayed(Unknown Source)
	at pages.actions.MortgagePageActions.isUSPSectionPresent(MortgagePageActions.java:139)
	at Mortgages_Feature_Steps.MortgagesPageSteps.i_should_see_the_USP_section_on_mortgage_page(MortgagesPageSteps.java:123)
	at ?.I should see the USP section on Mortgage page(file:///G:/TRG/Website-Test-Automation-couk_Automation_Handover/Website-Test-Automation-couk_Automation_Handover2/src/test/resources/Mortgages_FeatureFiles/Mortgages.feature:23)
</textarea>
      
      </div>
              </div>
          </div>
        </div>
  </div>
  <div class="card">
    <div class="card-header" role="tab">
      <div class="card-title">
        <div class="node" id="14"><span class="badge log pass-bg mr-2">Pass</span>Verify the Masthead Black box contents on Mortgage page</div>
      </div>
    </div>
        <div class="scenario_outline collapse">
            <div class="card-body l1">
              <div class="card-header">
                <div class="card-title outline-child">
                  <div class="node" id="15"><span class="badge log pass-bg mr-2">Pass</span>Verify the Masthead Black box contents on Mortgage page</div>
                </div>
              </div>
              <div class="card-body mt-3 collapse">
                  <div class="step pass-bg">
                    <span>Given I am on the Aldermore page</span>
      <div>
      </div>
                  </div>
                  <div class="step pass-bg">
                    <span>When I navigate to Mortgages dropdown option</span>
      <div>
      </div>
                  </div>
                  <div class="step pass-bg">
                    <span>Then I should be navigated to Mortgage Page</span>
      <div>
      </div>
                  </div>
                  <div class="step pass-bg">
                    <span>Then I should see the "Quick links" for Masthead Black box on mortgage page</span>
      <div>
      </div>
                  </div>
              </div>
            </div>
        </div>
  </div>
  <div class="card">
    <div class="card-header" role="tab">
      <div class="card-title">
        <div class="node" id="20"><span class="badge log fail-bg mr-2">Fail</span>Verify the "<CardHeader>" present in the page</div>
      </div>
    </div>
        <div class="scenario_outline ">
            <div class="card-body l1">
              <div class="card-header">
                <div class="card-title outline-child">
                  <div class="node" id="21"><span class="badge log pass-bg mr-2">Pass</span>Verify the "Mortgages for customers with credit issues" present in the page</div>
                </div>
              </div>
              <div class="card-body mt-3 collapse">
                  <div class="step pass-bg">
                    <span>Given I am on the Aldermore page</span>
      <div>
      </div>
                  </div>
                  <div class="step pass-bg">
                    <span>When I navigate to Mortgages dropdown option</span>
      <div>
      </div>
                  </div>
                  <div class="step pass-bg">
                    <span>Then I should be navigated to Mortgage Page</span>
      <div>
      </div>
                  </div>
                  <div class="step pass-bg">
                    <span>Then I should see the "Mortgages for customers with credit issues" CTA button present in the page</span>
      <div>
      </div>
                  </div>
              </div>
            </div>
            <div class="card-body l1">
              <div class="card-header">
                <div class="card-title outline-child">
                  <div class="node" id="26"><span class="badge log pass-bg mr-2">Pass</span>Verify the "Self-employed mortgages" present in the page</div>
                </div>
              </div>
              <div class="card-body mt-3 collapse">
                  <div class="step pass-bg">
                    <span>Given I am on the Aldermore page</span>
      <div>
      </div>
                  </div>
                  <div class="step pass-bg">
                    <span>When I navigate to Mortgages dropdown option</span>
      <div>
      </div>
                  </div>
                  <div class="step pass-bg">
                    <span>Then I should be navigated to Mortgage Page</span>
      <div>
      </div>
                  </div>
                  <div class="step pass-bg">
                    <span>Then I should see the "Self-employed mortgages" CTA button present in the page</span>
      <div>
      </div>
                  </div>
              </div>
            </div>
            <div class="card-body l1">
              <div class="card-header">
                <div class="card-title outline-child">
                  <div class="node" id="31"><span class="badge log pass-bg mr-2">Pass</span>Verify the "First time buyer mortgages" present in the page</div>
                </div>
              </div>
              <div class="card-body mt-3 collapse">
                  <div class="step pass-bg">
                    <span>Given I am on the Aldermore page</span>
      <div>
      </div>
                  </div>
                  <div class="step pass-bg">
                    <span>When I navigate to Mortgages dropdown option</span>
      <div>
      </div>
                  </div>
                  <div class="step pass-bg">
                    <span>Then I should be navigated to Mortgage Page</span>
      <div>
      </div>
                  </div>
                  <div class="step pass-bg">
                    <span>Then I should see the "First time buyer mortgages" CTA button present in the page</span>
      <div>
      </div>
                  </div>
              </div>
            </div>
            <div class="card-body l1">
              <div class="card-header">
                <div class="card-title outline-child">
                  <div class="node" id="36"><span class="badge log pass-bg mr-2">Pass</span>Verify the "Commercial mortgages" present in the page</div>
                </div>
              </div>
              <div class="card-body mt-3 collapse">
                  <div class="step pass-bg">
                    <span>Given I am on the Aldermore page</span>
      <div>
      </div>
                  </div>
                  <div class="step pass-bg">
                    <span>When I navigate to Mortgages dropdown option</span>
      <div>
      </div>
                  </div>
                  <div class="step pass-bg">
                    <span>Then I should be navigated to Mortgage Page</span>
      <div>
      </div>
                  </div>
                  <div class="step pass-bg">
                    <span>Then I should see the "Commercial mortgages" CTA button present in the page</span>
      <div>
      </div>
                  </div>
              </div>
            </div>
            <div class="card-body l1">
              <div class="card-header">
                <div class="card-title outline-child">
                  <div class="node" id="41"><span class="badge log pass-bg mr-2">Pass</span>Verify the "Buy to let mortgages for limited companies" present in the page</div>
                </div>
              </div>
              <div class="card-body mt-3 collapse">
                  <div class="step pass-bg">
                    <span>Given I am on the Aldermore page</span>
      <div>
      </div>
                  </div>
                  <div class="step pass-bg">
                    <span>When I navigate to Mortgages dropdown option</span>
      <div>
      </div>
                  </div>
                  <div class="step pass-bg">
                    <span>Then I should be navigated to Mortgage Page</span>
      <div>
      </div>
                  </div>
                  <div class="step pass-bg">
                    <span>Then I should see the "Buy to let mortgages for limited companies" CTA button present in the page</span>
      <div>
      </div>
                  </div>
              </div>
            </div>
            <div class="card-body l1">
              <div class="card-header">
                <div class="card-title outline-child">
                  <div class="node" id="46"><span class="badge log pass-bg mr-2">Pass</span>Verify the "Buy to let mortgages" present in the page</div>
                </div>
              </div>
              <div class="card-body mt-3 collapse">
                  <div class="step pass-bg">
                    <span>Given I am on the Aldermore page</span>
      <div>
      </div>
                  </div>
                  <div class="step pass-bg">
                    <span>When I navigate to Mortgages dropdown option</span>
      <div>
      </div>
                  </div>
                  <div class="step pass-bg">
                    <span>Then I should be navigated to Mortgage Page</span>
      <div>
      </div>
                  </div>
                  <div class="step pass-bg">
                    <span>Then I should see the "Buy to let mortgages" CTA button present in the page</span>
      <div>
      </div>
                  </div>
              </div>
            </div>
            <div class="card-body l1">
              <div class="card-header">
                <div class="card-title outline-child">
                  <div class="node" id="51"><span class="badge log fail-bg mr-2">Fail</span>Verify the "Why use a mortgage broker? Here’s 10 great reasons" present in the page</div>
                </div>
              </div>
              <div class="card-body mt-3 ">
                  <div class="step pass-bg">
                    <span>Given I am on the Aldermore page</span>
      <div>
      </div>
                  </div>
                  <div class="step pass-bg">
                    <span>When I navigate to Mortgages dropdown option</span>
      <div>
      </div>
                  </div>
                  <div class="step pass-bg">
                    <span>Then I should be navigated to Mortgage Page</span>
      <div>
      </div>
                  </div>
                  <div class="step fail-bg">
                    <span>Then I should see the "Why use a mortgage broker? Here’s 10 great reasons" CTA button present in the page</span>
      <div>
        <textarea disabled class="code-block">java.lang.IllegalArgumentException: Invalid value: Why use a mortgage broker? Here’s 10 great reasons
	at pages.actions.MortgagePageActions.verifycardHeaderCTAbutton(MortgagePageActions.java:91)
	at Mortgages_Feature_Steps.MortgagesPageSteps.i_should_see_the_CTA_button(MortgagesPageSteps.java:68)
	at ?.I should see the "Why use a mortgage broker? Here’s 10 great reasons" CTA button present in the page(file:///G:/TRG/Website-Test-Automation-couk_Automation_Handover/Website-Test-Automation-couk_Automation_Handover2/src/test/resources/Mortgages_FeatureFiles/Mortgages.feature:40)
</textarea>
      
      </div>
                  </div>
              </div>
            </div>
            <div class="card-body l1">
              <div class="card-header">
                <div class="card-title outline-child">
                  <div class="node" id="56"><span class="badge log fail-bg mr-2">Fail</span>Verify the "Divorce and mortgages – What you need to know" present in the page</div>
                </div>
              </div>
              <div class="card-body mt-3 ">
                  <div class="step pass-bg">
                    <span>Given I am on the Aldermore page</span>
      <div>
      </div>
                  </div>
                  <div class="step pass-bg">
                    <span>When I navigate to Mortgages dropdown option</span>
      <div>
      </div>
                  </div>
                  <div class="step pass-bg">
                    <span>Then I should be navigated to Mortgage Page</span>
      <div>
      </div>
                  </div>
                  <div class="step fail-bg">
                    <span>Then I should see the "Divorce and mortgages – What you need to know" CTA button present in the page</span>
      <div>
        <textarea disabled class="code-block">java.lang.IllegalArgumentException: Invalid value: Divorce and mortgages – What you need to know
	at pages.actions.MortgagePageActions.verifycardHeaderCTAbutton(MortgagePageActions.java:91)
	at Mortgages_Feature_Steps.MortgagesPageSteps.i_should_see_the_CTA_button(MortgagesPageSteps.java:68)
	at ?.I should see the "Divorce and mortgages – What you need to know" CTA button present in the page(file:///G:/TRG/Website-Test-Automation-couk_Automation_Handover/Website-Test-Automation-couk_Automation_Handover2/src/test/resources/Mortgages_FeatureFiles/Mortgages.feature:40)
</textarea>
      
      </div>
                  </div>
              </div>
            </div>
        </div>
  </div>
  <div class="card">
    <div class="card-header" role="tab">
      <div class="card-title">
        <div class="node" id="61"><span class="badge log fail-bg mr-2">Fail</span>Verif the "<pagetitle>" for the card header</div>
      </div>
    </div>
        <div class="scenario_outline ">
            <div class="card-body l1">
              <div class="card-header">
                <div class="card-title outline-child">
                  <div class="node" id="62"><span class="badge log fail-bg mr-2">Fail</span>Verif the "<pagetitle>" for the card header</div>
                </div>
              </div>
              <div class="card-body mt-3 ">
                  <div class="step pass-bg">
                    <span>Given I am on the Aldermore page</span>
      <div>
      </div>
                  </div>
                  <div class="step pass-bg">
                    <span>When I navigate to Mortgages dropdown option</span>
      <div>
      </div>
                  </div>
                  <div class="step pass-bg">
                    <span>Then I should be navigated to Mortgage Page</span>
      <div>
      </div>
                  </div>
                  <div class="step fail-bg">
                    <span>Then I should click customers with credit issues card and should be redirected to "Mortgages for customers with credit problems - Aldermore Bank"</span>
      <div>
        <textarea disabled class="code-block">java.lang.AssertionError: expected [Mortgages for customers with credit problems - Aldermore Bank] but found [Mortgages for customers with credit problems| Aldermore Bank]
	at org.testng.Assert.fail(Assert.java:99)
	at org.testng.Assert.failNotEquals(Assert.java:1037)
	at org.testng.Assert.assertEqualsImpl(Assert.java:140)
	at org.testng.Assert.assertEquals(Assert.java:122)
	at org.testng.Assert.assertEquals(Assert.java:629)
	at org.testng.Assert.assertEquals(Assert.java:639)
	at Mortgages_Feature_Steps.MortgagesPageSteps.i_should_click_on_card_present_on_mortgage_page_and_should_be_redirected_to_respective_page(MortgagesPageSteps.java:141)
	at ?.I should click customers with credit issues card and should be redirected to "Mortgages for customers with credit problems - Aldermore Bank"(file:///G:/TRG/Website-Test-Automation-couk_Automation_Handover/Website-Test-Automation-couk_Automation_Handover2/src/test/resources/Mortgages_FeatureFiles/Mortgages.feature:56)
</textarea>
      
      </div>
                  </div>
              </div>
            </div>
            <div class="card-body l1">
              <div class="card-header">
                <div class="card-title outline-child">
                  <div class="node" id="67"><span class="badge log fail-bg mr-2">Fail</span>Verif the "<pagetitle>" for the card header</div>
                </div>
              </div>
              <div class="card-body mt-3 ">
                  <div class="step pass-bg">
                    <span>Given I am on the Aldermore page</span>
      <div>
      </div>
                  </div>
                  <div class="step pass-bg">
                    <span>When I navigate to Mortgages dropdown option</span>
      <div>
      </div>
                  </div>
                  <div class="step pass-bg">
                    <span>Then I should be navigated to Mortgage Page</span>
      <div>
      </div>
                  </div>
                  <div class="step fail-bg">
                    <span>Then I should click Self-employed mortgages and should be redirected to "Mortgages for the Self-Employed - Aldermore Bank"</span>
      <div>
        <textarea disabled class="code-block">java.lang.AssertionError: expected [Mortgages for the Self-Employed - Aldermore Bank] but found [Mortgages for the Self-Employed | Aldermore Bank]
	at org.testng.Assert.fail(Assert.java:99)
	at org.testng.Assert.failNotEquals(Assert.java:1037)
	at org.testng.Assert.assertEqualsImpl(Assert.java:140)
	at org.testng.Assert.assertEquals(Assert.java:122)
	at org.testng.Assert.assertEquals(Assert.java:629)
	at org.testng.Assert.assertEquals(Assert.java:639)
	at Mortgages_Feature_Steps.MortgagesPageSteps.i_should_click_on_card_present_on_page_and_should_be_redirected_to_respective_page(MortgagesPageSteps.java:149)
	at ?.I should click Self-employed mortgages and should be redirected to "Mortgages for the Self-Employed - Aldermore Bank"(file:///G:/TRG/Website-Test-Automation-couk_Automation_Handover/Website-Test-Automation-couk_Automation_Handover2/src/test/resources/Mortgages_FeatureFiles/Mortgages.feature:66)
</textarea>
      
      </div>
                  </div>
              </div>
            </div>
            <div class="card-body l1">
              <div class="card-header">
                <div class="card-title outline-child">
                  <div class="node" id="72"><span class="badge log fail-bg mr-2">Fail</span>Verif the "<pagetitle>" for the card header</div>
                </div>
              </div>
              <div class="card-body mt-3 ">
                  <div class="step pass-bg">
                    <span>Given I am on the Aldermore page</span>
      <div>
      </div>
                  </div>
                  <div class="step pass-bg">
                    <span>When I navigate to Mortgages dropdown option</span>
      <div>
      </div>
                  </div>
                  <div class="step pass-bg">
                    <span>Then I should be navigated to Mortgage Page</span>
      <div>
      </div>
                  </div>
                  <div class="step fail-bg">
                    <span>Then I should click First time buyer mortgages and should be redirected to "Mortgages for First Time Buyers - Aldermore Bank"</span>
      <div>
        <textarea disabled class="code-block">java.lang.AssertionError: expected [Mortgages for First Time Buyers - Aldermore Bank] but found [Mortgages for First Time Buyers | Aldermore Bank]
	at org.testng.Assert.fail(Assert.java:99)
	at org.testng.Assert.failNotEquals(Assert.java:1037)
	at org.testng.Assert.assertEqualsImpl(Assert.java:140)
	at org.testng.Assert.assertEquals(Assert.java:122)
	at org.testng.Assert.assertEquals(Assert.java:629)
	at org.testng.Assert.assertEquals(Assert.java:639)
	at Mortgages_Feature_Steps.MortgagesPageSteps.i_should_click_on_First_time_buyer_mortgages_card_present_on_page_and_should_be_redirected_to_respective_page(MortgagesPageSteps.java:157)
	at ?.I should click First time buyer mortgages and should be redirected to "Mortgages for First Time Buyers - Aldermore Bank"(file:///G:/TRG/Website-Test-Automation-couk_Automation_Handover/Website-Test-Automation-couk_Automation_Handover2/src/test/resources/Mortgages_FeatureFiles/Mortgages.feature:76)
</textarea>
      
      </div>
                  </div>
              </div>
            </div>
            <div class="card-body l1">
              <div class="card-header">
                <div class="card-title outline-child">
                  <div class="node" id="77"><span class="badge log fail-bg mr-2">Fail</span>Verif the "<pagetitle>" for the card header</div>
                </div>
              </div>
              <div class="card-body mt-3 ">
                  <div class="step pass-bg">
                    <span>Given I am on the Aldermore page</span>
      <div>
      </div>
                  </div>
                  <div class="step pass-bg">
                    <span>When I navigate to Mortgages dropdown option</span>
      <div>
      </div>
                  </div>
                  <div class="step pass-bg">
                    <span>Then I should be navigated to Mortgage Page</span>
      <div>
      </div>
                  </div>
                  <div class="step fail-bg">
                    <span>Then I should click Commercial mortgages and should be redirected to "Commercial Mortgages - Aldermore Bank"</span>
      <div>
        <textarea disabled class="code-block">java.lang.AssertionError: expected [Commercial Mortgages - Aldermore Bank] but found [Commercial Mortgages | Aldermore Bank]
	at org.testng.Assert.fail(Assert.java:99)
	at org.testng.Assert.failNotEquals(Assert.java:1037)
	at org.testng.Assert.assertEqualsImpl(Assert.java:140)
	at org.testng.Assert.assertEquals(Assert.java:122)
	at org.testng.Assert.assertEquals(Assert.java:629)
	at org.testng.Assert.assertEquals(Assert.java:639)
	at Mortgages_Feature_Steps.MortgagesPageSteps.I_should_click_Commercial_mortgages_and_should_be_redirected_to_(MortgagesPageSteps.java:165)
	at ?.I should click Commercial mortgages and should be redirected to "Commercial Mortgages - Aldermore Bank"(file:///G:/TRG/Website-Test-Automation-couk_Automation_Handover/Website-Test-Automation-couk_Automation_Handover2/src/test/resources/Mortgages_FeatureFiles/Mortgages.feature:86)
</textarea>
      
      </div>
                  </div>
              </div>
            </div>
            <div class="card-body l1">
              <div class="card-header">
                <div class="card-title outline-child">
                  <div class="node" id="82"><span class="badge log fail-bg mr-2">Fail</span>Verif the "<pagetitle>" for the card header</div>
                </div>
              </div>
              <div class="card-body mt-3 ">
                  <div class="step pass-bg">
                    <span>Given I am on the Aldermore page</span>
      <div>
      </div>
                  </div>
                  <div class="step pass-bg">
                    <span>When I navigate to Mortgages dropdown option</span>
      <div>
      </div>
                  </div>
                  <div class="step pass-bg">
                    <span>Then I should be navigated to Mortgage Page</span>
      <div>
      </div>
                  </div>
                  <div class="step fail-bg">
                    <span>Then I should click Buy to let for limited companies card and should be redirected to "Buy to Let Mortgages for Limited Companies - Aldermore Bank"</span>
      <div>
        <textarea disabled class="code-block">java.lang.AssertionError: expected [Buy to Let Mortgages for Limited Companies - Aldermore Bank] but found [Buy to Let Mortgages for Limited Companies | Aldermore Bank]
	at org.testng.Assert.fail(Assert.java:99)
	at org.testng.Assert.failNotEquals(Assert.java:1037)
	at org.testng.Assert.assertEqualsImpl(Assert.java:140)
	at org.testng.Assert.assertEquals(Assert.java:122)
	at org.testng.Assert.assertEquals(Assert.java:629)
	at org.testng.Assert.assertEquals(Assert.java:639)
	at Mortgages_Feature_Steps.MortgagesPageSteps.I_should_click_Buy_to_let_for_limited_companies_card_and_should_be_redirected_to_(MortgagesPageSteps.java:189)
	at ?.I should click Buy to let for limited companies card and should be redirected to "Buy to Let Mortgages for Limited Companies - Aldermore Bank"(file:///G:/TRG/Website-Test-Automation-couk_Automation_Handover/Website-Test-Automation-couk_Automation_Handover2/src/test/resources/Mortgages_FeatureFiles/Mortgages.feature:114)
</textarea>
      
      </div>
                  </div>
              </div>
            </div>
            <div class="card-body l1">
              <div class="card-header">
                <div class="card-title outline-child">
                  <div class="node" id="93"><span class="badge log fail-bg mr-2">Fail</span>Verif the "<pagetitle>" for the card header</div>
                </div>
              </div>
              <div class="card-body mt-3 ">
                  <div class="step pass-bg">
                    <span>Given I am on the Aldermore page</span>
      <div>
      </div>
                  </div>
                  <div class="step pass-bg">
                    <span>When I navigate to Mortgages dropdown option</span>
      <div>
      </div>
                  </div>
                  <div class="step pass-bg">
                    <span>Then I should be navigated to Mortgage Page</span>
      <div>
      </div>
                  </div>
                  <div class="step fail-bg">
                    <span>Then I should click Buy to let for limited companies card and should be redirected to "Buy to Let Mortgages for Limited Companies - Aldermore Bank"</span>
      <div>
        <textarea disabled class="code-block">java.lang.AssertionError: expected [Buy to Let Mortgages for Limited Companies - Aldermore Bank] but found [Buy to Let Mortgages for Limited Companies | Aldermore Bank]
	at org.testng.Assert.fail(Assert.java:99)
	at org.testng.Assert.failNotEquals(Assert.java:1037)
	at org.testng.Assert.assertEqualsImpl(Assert.java:140)
	at org.testng.Assert.assertEquals(Assert.java:122)
	at org.testng.Assert.assertEquals(Assert.java:629)
	at org.testng.Assert.assertEquals(Assert.java:639)
	at Mortgages_Feature_Steps.MortgagesPageSteps.I_should_click_Buy_to_let_for_limited_companies_card_and_should_be_redirected_to_(MortgagesPageSteps.java:189)
	at ?.I should click Buy to let for limited companies card and should be redirected to "Buy to Let Mortgages for Limited Companies - Aldermore Bank"(file:///G:/TRG/Website-Test-Automation-couk_Automation_Handover/Website-Test-Automation-couk_Automation_Handover2/src/test/resources/Mortgages_FeatureFiles/Mortgages.feature:133)
</textarea>
      
      </div>
                  </div>
              </div>
            </div>
        </div>
  </div>
  <div class="card">
    <div class="card-header" role="tab">
      <div class="card-title">
        <div class="node" id="87"><span class="badge log pass-bg mr-2">Pass</span>Verify the Image Section "<header>"</div>
      </div>
    </div>
        <div class="scenario_outline collapse">
            <div class="card-body l1">
              <div class="card-header">
                <div class="card-title outline-child">
                  <div class="node" id="88"><span class="badge log pass-bg mr-2">Pass</span>Verify the Image Section "Why choose Aldermore?"</div>
                </div>
              </div>
              <div class="card-body mt-3 collapse">
                  <div class="step pass-bg">
                    <span>Given I am on the Aldermore page</span>
      <div>
      </div>
                  </div>
                  <div class="step pass-bg">
                    <span>When I navigate to Mortgages dropdown option</span>
      <div>
      </div>
                  </div>
                  <div class="step pass-bg">
                    <span>Then I should be navigated to Mortgage Page</span>
      <div>
      </div>
                  </div>
                  <div class="step pass-bg">
                    <span>Then I should see the "Why choose Aldermore?" in the Image Section</span>
      <div>
      </div>
                  </div>
              </div>
            </div>
        </div>
  </div>
  <div class="card">
    <div class="card-header" role="tab">
      <div class="card-title">
        <div class="node" id="98"><span class="badge log fail-bg mr-2">Fail</span>Verify the first option present in BlackBox option</div>
      </div>
    </div>
        <div class="scenario_outline ">
            <div class="card-body l1">
              <div class="card-header">
                <div class="card-title outline-child">
                  <div class="node" id="99"><span class="badge log fail-bg mr-2">Fail</span>Verify the first option present in BlackBox option</div>
                </div>
              </div>
              <div class="card-body mt-3 ">
                  <div class="step pass-bg">
                    <span>Given I am on the Aldermore page</span>
      <div>
      </div>
                  </div>
                  <div class="step pass-bg">
                    <span>When I navigate to Mortgages dropdown option</span>
      <div>
      </div>
                  </div>
                  <div class="step pass-bg">
                    <span>Then I should be navigated to Mortgage Page</span>
      <div>
      </div>
                  </div>
                  <div class="step fail-bg">
                    <span>Then I should see the first "Buy to let mortgages" in the BlackBox Section</span>
      <div>
        <textarea disabled class="code-block">org.openqa.selenium.NoSuchElementException: no such element: Unable to locate element: {"method":"xpath","selector":"//div[@class="umb-block__root  "]/div/span/section/ul/li[1]/a/span"}
  (Session info: chrome=118.0.5993.70)
For documentation on this error, please visit: https://www.selenium.dev/documentation/webdriver/troubleshooting/errors#no-such-element-exception
Build info: version: '4.11.0', revision: '040bc5406b'
System info: os.name: 'Windows Server 2019', os.arch: 'amd64', os.version: '10.0', java.version: '17.0.1'
Driver info: org.openqa.selenium.chrome.ChromeDriver
Command: [ecb0b9da923ea1e9a65a978c59c785fc, findElement {using=xpath, value=//div[@class="umb-block__root  "]/div/span/section/ul/li[1]/a/span}]
Capabilities {acceptInsecureCerts: false, browserName: chrome, browserVersion: 118.0.5993.70, chrome: {chromedriverVersion: 118.0.5993.70 (e52f33f30b91..., userDataDir: C:\Users\TRUPTI~1.GUM\AppDa...}, fedcm:accounts: true, goog:chromeOptions: {debuggerAddress: localhost:52063}, networkConnectionEnabled: false, pageLoadStrategy: normal, platformName: windows, proxy: Proxy(), se:cdp: ws://localhost:52063/devtoo..., se:cdpVersion: 118.0.5993.70, setWindowRect: true, strictFileInteractability: false, timeouts: {implicit: 0, pageLoad: 300000, script: 30000}, unhandledPromptBehavior: dismiss and notify, webauthn:extension:credBlob: true, webauthn:extension:largeBlob: true, webauthn:extension:minPinLength: true, webauthn:extension:prf: true, webauthn:virtualAuthenticators: true}
Session ID: ecb0b9da923ea1e9a65a978c59c785fc
	at java.base/jdk.internal.reflect.NativeConstructorAccessorImpl.newInstance0(Native Method)
	at java.base/jdk.internal.reflect.NativeConstructorAccessorImpl.newInstance(NativeConstructorAccessorImpl.java:77)
	at java.base/jdk.internal.reflect.DelegatingConstructorAccessorImpl.newInstance(DelegatingConstructorAccessorImpl.java:45)
	at java.base/java.lang.reflect.Constructor.newInstanceWithCaller(Constructor.java:499)
	at java.base/java.lang.reflect.Constructor.newInstance(Constructor.java:480)
	at org.openqa.selenium.remote.codec.w3c.W3CHttpResponseCodec.createException(W3CHttpResponseCodec.java:200)
	at org.openqa.selenium.remote.codec.w3c.W3CHttpResponseCodec.decode(W3CHttpResponseCodec.java:133)
	at org.openqa.selenium.remote.codec.w3c.W3CHttpResponseCodec.decode(W3CHttpResponseCodec.java:52)
	at org.openqa.selenium.remote.HttpCommandExecutor.execute(HttpCommandExecutor.java:191)
	at org.openqa.selenium.remote.service.DriverCommandExecutor.invokeExecute(DriverCommandExecutor.java:196)
	at org.openqa.selenium.remote.service.DriverCommandExecutor.execute(DriverCommandExecutor.java:171)
	at org.openqa.selenium.remote.RemoteWebDriver.execute(RemoteWebDriver.java:518)
	at org.openqa.selenium.remote.ElementLocation$ElementFinder$2.findElement(ElementLocation.java:165)
	at org.openqa.selenium.remote.ElementLocation.findElement(ElementLocation.java:59)
	at org.openqa.selenium.remote.RemoteWebDriver.findElement(RemoteWebDriver.java:355)
	at org.openqa.selenium.remote.RemoteWebDriver.findElement(RemoteWebDriver.java:349)
	at org.openqa.selenium.support.pagefactory.DefaultElementLocator.findElement(DefaultElementLocator.java:68)
	at org.openqa.selenium.support.pagefactory.internal.LocatingElementHandler.invoke(LocatingElementHandler.java:38)
	at jdk.proxy2/jdk.proxy2.$Proxy28.getText(Unknown Source)
	at pages.actions.MortgagePageActions.getQuickLinkOption1(MortgagePageActions.java:154)
	at Mortgages_Feature_Steps.MortgagesPageSteps.i_should_see_the_first_option_in_the_blackbox_section(MortgagesPageSteps.java:202)
	at ?.I should see the first "Buy to let mortgages" in the BlackBox Section(file:///G:/TRG/Website-Test-Automation-couk_Automation_Handover/Website-Test-Automation-couk_Automation_Handover2/src/test/resources/Mortgages_FeatureFiles/Mortgages.feature:142)
</textarea>
      
      </div>
                  </div>
                  <div class="step skip-bg">
                    <span>And I should able to click that option and should be redirected to "Buy to let mortgages"</span>
      <div>Step skipped
      </div>
                  </div>
              </div>
            </div>
            <div class="card-body l1">
              <div class="card-header">
                <div class="card-title outline-child">
                  <div class="node" id="105"><span class="badge log fail-bg mr-2">Fail</span>Verify the first option present in BlackBox option</div>
                </div>
              </div>
              <div class="card-body mt-3 ">
                  <div class="step pass-bg">
                    <span>Given I am on the Aldermore page</span>
      <div>
      </div>
                  </div>
                  <div class="step pass-bg">
                    <span>When I navigate to Mortgages dropdown option</span>
      <div>
      </div>
                  </div>
                  <div class="step pass-bg">
                    <span>Then I should be navigated to Mortgage Page</span>
      <div>
      </div>
                  </div>
                  <div class="step fail-bg">
                    <span>Then I should see the second "Residential mortgages" in the BlackBox Section</span>
      <div>
        <textarea disabled class="code-block">org.openqa.selenium.NoSuchElementException: no such element: Unable to locate element: {"method":"xpath","selector":"//div[@class="umb-block__root  "]/div/span/section/ul/li[2]/a/span"}
  (Session info: chrome=118.0.5993.70)
For documentation on this error, please visit: https://www.selenium.dev/documentation/webdriver/troubleshooting/errors#no-such-element-exception
Build info: version: '4.11.0', revision: '040bc5406b'
System info: os.name: 'Windows Server 2019', os.arch: 'amd64', os.version: '10.0', java.version: '17.0.1'
Driver info: org.openqa.selenium.chrome.ChromeDriver
Command: [ecb0b9da923ea1e9a65a978c59c785fc, findElement {using=xpath, value=//div[@class="umb-block__root  "]/div/span/section/ul/li[2]/a/span}]
Capabilities {acceptInsecureCerts: false, browserName: chrome, browserVersion: 118.0.5993.70, chrome: {chromedriverVersion: 118.0.5993.70 (e52f33f30b91..., userDataDir: C:\Users\TRUPTI~1.GUM\AppDa...}, fedcm:accounts: true, goog:chromeOptions: {debuggerAddress: localhost:52063}, networkConnectionEnabled: false, pageLoadStrategy: normal, platformName: windows, proxy: Proxy(), se:cdp: ws://localhost:52063/devtoo..., se:cdpVersion: 118.0.5993.70, setWindowRect: true, strictFileInteractability: false, timeouts: {implicit: 0, pageLoad: 300000, script: 30000}, unhandledPromptBehavior: dismiss and notify, webauthn:extension:credBlob: true, webauthn:extension:largeBlob: true, webauthn:extension:minPinLength: true, webauthn:extension:prf: true, webauthn:virtualAuthenticators: true}
Session ID: ecb0b9da923ea1e9a65a978c59c785fc
	at java.base/jdk.internal.reflect.NativeConstructorAccessorImpl.newInstance0(Native Method)
	at java.base/jdk.internal.reflect.NativeConstructorAccessorImpl.newInstance(NativeConstructorAccessorImpl.java:77)
	at java.base/jdk.internal.reflect.DelegatingConstructorAccessorImpl.newInstance(DelegatingConstructorAccessorImpl.java:45)
	at java.base/java.lang.reflect.Constructor.newInstanceWithCaller(Constructor.java:499)
	at java.base/java.lang.reflect.Constructor.newInstance(Constructor.java:480)
	at org.openqa.selenium.remote.codec.w3c.W3CHttpResponseCodec.createException(W3CHttpResponseCodec.java:200)
	at org.openqa.selenium.remote.codec.w3c.W3CHttpResponseCodec.decode(W3CHttpResponseCodec.java:133)
	at org.openqa.selenium.remote.codec.w3c.W3CHttpResponseCodec.decode(W3CHttpResponseCodec.java:52)
	at org.openqa.selenium.remote.HttpCommandExecutor.execute(HttpCommandExecutor.java:191)
	at org.openqa.selenium.remote.service.DriverCommandExecutor.invokeExecute(DriverCommandExecutor.java:196)
	at org.openqa.selenium.remote.service.DriverCommandExecutor.execute(DriverCommandExecutor.java:171)
	at org.openqa.selenium.remote.RemoteWebDriver.execute(RemoteWebDriver.java:518)
	at org.openqa.selenium.remote.ElementLocation$ElementFinder$2.findElement(ElementLocation.java:165)
	at org.openqa.selenium.remote.ElementLocation.findElement(ElementLocation.java:59)
	at org.openqa.selenium.remote.RemoteWebDriver.findElement(RemoteWebDriver.java:355)
	at org.openqa.selenium.remote.RemoteWebDriver.findElement(RemoteWebDriver.java:349)
	at org.openqa.selenium.support.pagefactory.DefaultElementLocator.findElement(DefaultElementLocator.java:68)
	at org.openqa.selenium.support.pagefactory.internal.LocatingElementHandler.invoke(LocatingElementHandler.java:38)
	at jdk.proxy2/jdk.proxy2.$Proxy28.getText(Unknown Source)
	at pages.actions.MortgagePageActions.getQuickLinkOption2(MortgagePageActions.java:159)
	at Mortgages_Feature_Steps.MortgagesPageSteps.i_should_see_the_second_option_in_the_blackbox_section(MortgagesPageSteps.java:219)
	at ?.I should see the second "Residential mortgages" in the BlackBox Section(file:///G:/TRG/Website-Test-Automation-couk_Automation_Handover/Website-Test-Automation-couk_Automation_Handover2/src/test/resources/Mortgages_FeatureFiles/Mortgages.feature:153)
</textarea>
      
      </div>
                  </div>
                  <div class="step skip-bg">
                    <span>And I should be able to click the option and should be redirected to "Residential mortgages"</span>
      <div>Step skipped
      </div>
                  </div>
              </div>
            </div>
            <div class="card-body l1">
              <div class="card-header">
                <div class="card-title outline-child">
                  <div class="node" id="111"><span class="badge log fail-bg mr-2">Fail</span>Verify the first option present in BlackBox option</div>
                </div>
              </div>
              <div class="card-body mt-3 ">
                  <div class="step pass-bg">
                    <span>Given I am on the Aldermore page</span>
      <div>
      </div>
                  </div>
                  <div class="step pass-bg">
                    <span>When I navigate to Mortgages dropdown option</span>
      <div>
      </div>
                  </div>
                  <div class="step pass-bg">
                    <span>Then I should be navigated to Mortgage Page</span>
      <div>
      </div>
                  </div>
                  <div class="step fail-bg">
                    <span>Then I should see the third "Help and support" in the BlackBox Section</span>
      <div>
        <textarea disabled class="code-block">org.openqa.selenium.NoSuchElementException: no such element: Unable to locate element: {"method":"xpath","selector":"//div[@class="umb-block__root  "]/div/span/section/ul/li[3]/a/span"}
  (Session info: chrome=118.0.5993.70)
For documentation on this error, please visit: https://www.selenium.dev/documentation/webdriver/troubleshooting/errors#no-such-element-exception
Build info: version: '4.11.0', revision: '040bc5406b'
System info: os.name: 'Windows Server 2019', os.arch: 'amd64', os.version: '10.0', java.version: '17.0.1'
Driver info: org.openqa.selenium.chrome.ChromeDriver
Command: [ecb0b9da923ea1e9a65a978c59c785fc, findElement {using=xpath, value=//div[@class="umb-block__root  "]/div/span/section/ul/li[3]/a/span}]
Capabilities {acceptInsecureCerts: false, browserName: chrome, browserVersion: 118.0.5993.70, chrome: {chromedriverVersion: 118.0.5993.70 (e52f33f30b91..., userDataDir: C:\Users\TRUPTI~1.GUM\AppDa...}, fedcm:accounts: true, goog:chromeOptions: {debuggerAddress: localhost:52063}, networkConnectionEnabled: false, pageLoadStrategy: normal, platformName: windows, proxy: Proxy(), se:cdp: ws://localhost:52063/devtoo..., se:cdpVersion: 118.0.5993.70, setWindowRect: true, strictFileInteractability: false, timeouts: {implicit: 0, pageLoad: 300000, script: 30000}, unhandledPromptBehavior: dismiss and notify, webauthn:extension:credBlob: true, webauthn:extension:largeBlob: true, webauthn:extension:minPinLength: true, webauthn:extension:prf: true, webauthn:virtualAuthenticators: true}
Session ID: ecb0b9da923ea1e9a65a978c59c785fc
	at java.base/jdk.internal.reflect.NativeConstructorAccessorImpl.newInstance0(Native Method)
	at java.base/jdk.internal.reflect.NativeConstructorAccessorImpl.newInstance(NativeConstructorAccessorImpl.java:77)
	at java.base/jdk.internal.reflect.DelegatingConstructorAccessorImpl.newInstance(DelegatingConstructorAccessorImpl.java:45)
	at java.base/java.lang.reflect.Constructor.newInstanceWithCaller(Constructor.java:499)
	at java.base/java.lang.reflect.Constructor.newInstance(Constructor.java:480)
	at org.openqa.selenium.remote.codec.w3c.W3CHttpResponseCodec.createException(W3CHttpResponseCodec.java:200)
	at org.openqa.selenium.remote.codec.w3c.W3CHttpResponseCodec.decode(W3CHttpResponseCodec.java:133)
	at org.openqa.selenium.remote.codec.w3c.W3CHttpResponseCodec.decode(W3CHttpResponseCodec.java:52)
	at org.openqa.selenium.remote.HttpCommandExecutor.execute(HttpCommandExecutor.java:191)
	at org.openqa.selenium.remote.service.DriverCommandExecutor.invokeExecute(DriverCommandExecutor.java:196)
	at org.openqa.selenium.remote.service.DriverCommandExecutor.execute(DriverCommandExecutor.java:171)
	at org.openqa.selenium.remote.RemoteWebDriver.execute(RemoteWebDriver.java:518)
	at org.openqa.selenium.remote.ElementLocation$ElementFinder$2.findElement(ElementLocation.java:165)
	at org.openqa.selenium.remote.ElementLocation.findElement(ElementLocation.java:59)
	at org.openqa.selenium.remote.RemoteWebDriver.findElement(RemoteWebDriver.java:355)
	at org.openqa.selenium.remote.RemoteWebDriver.findElement(RemoteWebDriver.java:349)
	at org.openqa.selenium.support.pagefactory.DefaultElementLocator.findElement(DefaultElementLocator.java:68)
	at org.openqa.selenium.support.pagefactory.internal.LocatingElementHandler.invoke(LocatingElementHandler.java:38)
	at jdk.proxy2/jdk.proxy2.$Proxy28.getText(Unknown Source)
	at pages.actions.MortgagePageActions.getQuickLinkOption3(MortgagePageActions.java:164)
	at Mortgages_Feature_Steps.MortgagesPageSteps.i_should_see_the_third_option_in_the_blackbox_section(MortgagesPageSteps.java:236)
	at ?.I should see the third "Help and support" in the BlackBox Section(file:///G:/TRG/Website-Test-Automation-couk_Automation_Handover/Website-Test-Automation-couk_Automation_Handover2/src/test/resources/Mortgages_FeatureFiles/Mortgages.feature:164)
</textarea>
      
      </div>
                  </div>
                  <div class="step skip-bg">
                    <span>And I should click to the option and should be redirected to "Mortgages help and support"</span>
      <div>Step skipped
      </div>
                  </div>
              </div>
            </div>
        </div>
  </div>
</div>
          </div>
        </li>
      </ul>
    </div>
  </div>
<div class="test-content scrollable">
<div class="test-content-tools">
<ul><li><a class="back-to-test" href="#"><i class="fa fa-arrow-left"></i></a></li></ul>
</div>
<div class="test-content-detail"><div class="detail-body"></div></div>
</div></div>
<div class="test-wrapper row view category-view attributes-view">
<div class="test-list">
<div class="test-list-tools">
<ul class="tools pull-left"><li><a href=""><span class="font-size-14">Category</span></a></li></ul>
<ul class="tools text-right"><li><a href="#"><span class="badge badge-primary">15</span></a></li></ul>
</div>
<div class="test-list-wrapper scrollable">
<ul class="test-list-item">
<li class="test-item">
<div class="test-detail">
<span class="meta">
<span class='badge log badge-danger'>1</span>
</span>
<p class="name">@BlackBox_Option2</p>
<p class="duration text-sm">1 tests</p>
</div>
<div class="test-contents d-none">
<div class="info">
<h4>@BlackBox_Option2</h4>
<span status="fail" class='badge log badge-danger'>1 failed</span>
</div>
<table class='table table-sm mt-4'>
<thead>
<tr>
<th class="status-col">Status</th>
<th class="timestamp-col">Timestamp</th>
<th>TestName</th>
</tr>
</thead>
<tbody>
<tr class="tag-test-status" status="fail">
<td><span class="badge log fail-bg">Fail</span></td>
<td>13:25:41 PM</td>
<td>
<a href="#" class="linked" test-id='1' id='105'>Verify the first option present in BlackBox option</a>
<div class="">
<span class="badge badge-default">Mortgages.Verify the first option present in BlackBox option</span>
</div>
</td>
</tr>
</tbody>
</table>
</div>
</li>
<li class="test-item">
<div class="test-detail">
<span class="meta">
<span class='badge log badge-danger'>1</span>
</span>
<p class="name">@why_use_a_mortgage_broker</p>
<p class="duration text-sm">1 tests</p>
</div>
<div class="test-contents d-none">
<div class="info">
<h4>@why_use_a_mortgage_broker</h4>
<span status="fail" class='badge log badge-danger'>1 failed</span>
</div>
<table class='table table-sm mt-4'>
<thead>
<tr>
<th class="status-col">Status</th>
<th class="timestamp-col">Timestamp</th>
<th>TestName</th>
</tr>
</thead>
<tbody>
<tr class="tag-test-status" status="fail">
<td><span class="badge log fail-bg">Fail</span></td>
<td>13:25:30 PM</td>
<td>
<a href="#" class="linked" test-id='1' id='93'>Verif the "<pagetitle>" for the card header</a>
<div class="">
<span class="badge badge-default">Mortgages.Verif the "<pagetitle>" for the card header</span>
</div>
</td>
</tr>
</tbody>
</table>
</div>
</li>
<li class="test-item">
<div class="test-detail">
<span class="meta">
<span class='badge log badge-danger'>1</span>
</span>
<p class="name">@Buy_to_let_for_limited_companies</p>
<p class="duration text-sm">1 tests</p>
</div>
<div class="test-contents d-none">
<div class="info">
<h4>@Buy_to_let_for_limited_companies</h4>
<span status="fail" class='badge log badge-danger'>1 failed</span>
</div>
<table class='table table-sm mt-4'>
<thead>
<tr>
<th class="status-col">Status</th>
<th class="timestamp-col">Timestamp</th>
<th>TestName</th>
</tr>
</thead>
<tbody>
<tr class="tag-test-status" status="fail">
<td><span class="badge log fail-bg">Fail</span></td>
<td>13:25:19 PM</td>
<td>
<a href="#" class="linked" test-id='1' id='82'>Verif the "<pagetitle>" for the card header</a>
<div class="">
<span class="badge badge-default">Mortgages.Verif the "<pagetitle>" for the card header</span>
</div>
</td>
</tr>
</tbody>
</table>
</div>
</li>
<li class="test-item">
<div class="test-detail">
<span class="meta">
<span class='badge log pass-bg'>1</span>
<span class='badge log badge-danger'>1</span>
</span>
<p class="name">@Image_section</p>
<p class="duration text-sm">2 tests</p>
</div>
<div class="test-contents d-none">
<div class="info">
<h4>@Image_section</h4>
<span status="pass" class='badge log pass-bg'>1 passed</span>
<span status="fail" class='badge log badge-danger'>1 failed</span>
</div>
<table class='table table-sm mt-4'>
<thead>
<tr>
<th class="status-col">Status</th>
<th class="timestamp-col">Timestamp</th>
<th>TestName</th>
</tr>
</thead>
<tbody>
<tr class="tag-test-status" status="pass">
<td><span class="badge log pass-bg">Pass</span></td>
<td>13:25:25 PM</td>
<td>
<a href="#" class="linked" test-id='1' id='88'>Verify the Image Section "Why choose Aldermore?"</a>
<div class="">
<span class="badge badge-default">Mortgages.Verify the Image Section "Why choose Aldermore?"</span>
</div>
</td>
</tr>
<tr class="tag-test-status" status="fail">
<td><span class="badge log fail-bg">Fail</span></td>
<td>13:25:30 PM</td>
<td>
<a href="#" class="linked" test-id='1' id='93'>Verif the "<pagetitle>" for the card header</a>
<div class="">
<span class="badge badge-default">Mortgages.Verif the "<pagetitle>" for the card header</span>
</div>
</td>
</tr>
</tbody>
</table>
</div>
</li>
<li class="test-item">
<div class="test-detail">
<span class="meta">
<span class='badge log badge-danger'>1</span>
</span>
<p class="name">@MastHead-Small</p>
<p class="duration text-sm">1 tests</p>
</div>
<div class="test-contents d-none">
<div class="info">
<h4>@MastHead-Small</h4>
<span status="fail" class='badge log badge-danger'>1 failed</span>
</div>
<table class='table table-sm mt-4'>
<thead>
<tr>
<th class="status-col">Status</th>
<th class="timestamp-col">Timestamp</th>
<th>TestName</th>
</tr>
</thead>
<tbody>
<tr class="tag-test-status" status="fail">
<td><span class="badge log fail-bg">Fail</span></td>
<td>13:23:32 PM</td>
<td>
<a href="#" class="linked" test-id='1' id='3'>Verify mortgages page</a>
<div class="">
<span class="badge badge-default">Mortgages.Verify mortgages page</span>
</div>
</td>
</tr>
</tbody>
</table>
</div>
</li>
<li class="test-item">
<div class="test-detail">
<span class="meta">
<span class='badge log pass-bg'>8</span>
<span class='badge log badge-danger'>13</span>
</span>
<p class="name">@Mortgages</p>
<p class="duration text-sm">21 tests</p>
</div>
<div class="test-contents d-none">
<div class="info">
<h4>@Mortgages</h4>
<span status="pass" class='badge log pass-bg'>8 passed</span>
<span status="fail" class='badge log badge-danger'>13 failed</span>
</div>
<table class='table table-sm mt-4'>
<thead>
<tr>
<th class="status-col">Status</th>
<th class="timestamp-col">Timestamp</th>
<th>TestName</th>
</tr>
</thead>
<tbody>
<tr class="tag-test-status" status="fail">
<td><span class="badge log fail-bg">Fail</span></td>
<td>13:23:32 PM</td>
<td>
<a href="#" class="linked" test-id='1' id='3'>Verify mortgages page</a>
<div class="">
<span class="badge badge-default">Mortgages.Verify mortgages page</span>
</div>
</td>
</tr>
<tr class="tag-test-status" status="fail">
<td><span class="badge log fail-bg">Fail</span></td>
<td>13:24:06 PM</td>
<td>
<a href="#" class="linked" test-id='1' id='9'>Verify the USP section present on the Mortgage Page</a>
<div class="">
<span class="badge badge-default">Mortgages.Verify the USP section present on the Mortgage Page</span>
</div>
</td>
</tr>
<tr class="tag-test-status" status="pass">
<td><span class="badge log pass-bg">Pass</span></td>
<td>13:24:11 PM</td>
<td>
<a href="#" class="linked" test-id='1' id='15'>Verify the Masthead Black box contents on Mortgage page</a>
<div class="">
<span class="badge badge-default">Mortgages.Verify the Masthead Black box contents on Mortgage page</span>
</div>
</td>
</tr>
<tr class="tag-test-status" status="pass">
<td><span class="badge log pass-bg">Pass</span></td>
<td>13:24:16 PM</td>
<td>
<a href="#" class="linked" test-id='1' id='21'>Verify the "Mortgages for customers with credit issues" present in the page</a>
<div class="">
<span class="badge badge-default">Mortgages.Verify the "Mortgages for customers with credit issues" present in the page</span>
</div>
</td>
</tr>
<tr class="tag-test-status" status="pass">
<td><span class="badge log pass-bg">Pass</span></td>
<td>13:24:21 PM</td>
<td>
<a href="#" class="linked" test-id='1' id='26'>Verify the "Self-employed mortgages" present in the page</a>
<div class="">
<span class="badge badge-default">Mortgages.Verify the "Self-employed mortgages" present in the page</span>
</div>
</td>
</tr>
<tr class="tag-test-status" status="pass">
<td><span class="badge log pass-bg">Pass</span></td>
<td>13:24:25 PM</td>
<td>
<a href="#" class="linked" test-id='1' id='31'>Verify the "First time buyer mortgages" present in the page</a>
<div class="">
<span class="badge badge-default">Mortgages.Verify the "First time buyer mortgages" present in the page</span>
</div>
</td>
</tr>
<tr class="tag-test-status" status="pass">
<td><span class="badge log pass-bg">Pass</span></td>
<td>13:24:30 PM</td>
<td>
<a href="#" class="linked" test-id='1' id='36'>Verify the "Commercial mortgages" present in the page</a>
<div class="">
<span class="badge badge-default">Mortgages.Verify the "Commercial mortgages" present in the page</span>
</div>
</td>
</tr>
<tr class="tag-test-status" status="pass">
<td><span class="badge log pass-bg">Pass</span></td>
<td>13:24:34 PM</td>
<td>
<a href="#" class="linked" test-id='1' id='41'>Verify the "Buy to let mortgages for limited companies" present in the page</a>
<div class="">
<span class="badge badge-default">Mortgages.Verify the "Buy to let mortgages for limited companies" present in the page</span>
</div>
</td>
</tr>
<tr class="tag-test-status" status="pass">
<td><span class="badge log pass-bg">Pass</span></td>
<td>13:24:39 PM</td>
<td>
<a href="#" class="linked" test-id='1' id='46'>Verify the "Buy to let mortgages" present in the page</a>
<div class="">
<span class="badge badge-default">Mortgages.Verify the "Buy to let mortgages" present in the page</span>
</div>
</td>
</tr>
<tr class="tag-test-status" status="fail">
<td><span class="badge log fail-bg">Fail</span></td>
<td>13:24:44 PM</td>
<td>
<a href="#" class="linked" test-id='1' id='51'>Verify the "Why use a mortgage broker? Here’s 10 great reasons" present in the page</a>
<div class="">
<span class="badge badge-default">Mortgages.Verify the "Why use a mortgage broker? Here’s 10 great reasons" present in the page</span>
</div>
</td>
</tr>
<tr class="tag-test-status" status="fail">
<td><span class="badge log fail-bg">Fail</span></td>
<td>13:24:48 PM</td>
<td>
<a href="#" class="linked" test-id='1' id='56'>Verify the "Divorce and mortgages – What you need to know" present in the page</a>
<div class="">
<span class="badge badge-default">Mortgages.Verify the "Divorce and mortgages – What you need to know" present in the page</span>
</div>
</td>
</tr>
<tr class="tag-test-status" status="fail">
<td><span class="badge log fail-bg">Fail</span></td>
<td>13:24:53 PM</td>
<td>
<a href="#" class="linked" test-id='1' id='62'>Verif the "<pagetitle>" for the card header</a>
<div class="">
<span class="badge badge-default">Mortgages.Verif the "<pagetitle>" for the card header</span>
</div>
</td>
</tr>
<tr class="tag-test-status" status="fail">
<td><span class="badge log fail-bg">Fail</span></td>
<td>13:25:00 PM</td>
<td>
<a href="#" class="linked" test-id='1' id='67'>Verif the "<pagetitle>" for the card header</a>
<div class="">
<span class="badge badge-default">Mortgages.Verif the "<pagetitle>" for the card header</span>
</div>
</td>
</tr>
<tr class="tag-test-status" status="fail">
<td><span class="badge log fail-bg">Fail</span></td>
<td>13:25:06 PM</td>
<td>
<a href="#" class="linked" test-id='1' id='72'>Verif the "<pagetitle>" for the card header</a>
<div class="">
<span class="badge badge-default">Mortgages.Verif the "<pagetitle>" for the card header</span>
</div>
</td>
</tr>
<tr class="tag-test-status" status="fail">
<td><span class="badge log fail-bg">Fail</span></td>
<td>13:25:12 PM</td>
<td>
<a href="#" class="linked" test-id='1' id='77'>Verif the "<pagetitle>" for the card header</a>
<div class="">
<span class="badge badge-default">Mortgages.Verif the "<pagetitle>" for the card header</span>
</div>
</td>
</tr>
<tr class="tag-test-status" status="fail">
<td><span class="badge log fail-bg">Fail</span></td>
<td>13:25:19 PM</td>
<td>
<a href="#" class="linked" test-id='1' id='82'>Verif the "<pagetitle>" for the card header</a>
<div class="">
<span class="badge badge-default">Mortgages.Verif the "<pagetitle>" for the card header</span>
</div>
</td>
</tr>
<tr class="tag-test-status" status="pass">
<td><span class="badge log pass-bg">Pass</span></td>
<td>13:25:25 PM</td>
<td>
<a href="#" class="linked" test-id='1' id='88'>Verify the Image Section "Why choose Aldermore?"</a>
<div class="">
<span class="badge badge-default">Mortgages.Verify the Image Section "Why choose Aldermore?"</span>
</div>
</td>
</tr>
<tr class="tag-test-status" status="fail">
<td><span class="badge log fail-bg">Fail</span></td>
<td>13:25:30 PM</td>
<td>
<a href="#" class="linked" test-id='1' id='93'>Verif the "<pagetitle>" for the card header</a>
<div class="">
<span class="badge badge-default">Mortgages.Verif the "<pagetitle>" for the card header</span>
</div>
</td>
</tr>
<tr class="tag-test-status" status="fail">
<td><span class="badge log fail-bg">Fail</span></td>
<td>13:25:37 PM</td>
<td>
<a href="#" class="linked" test-id='1' id='99'>Verify the first option present in BlackBox option</a>
<div class="">
<span class="badge badge-default">Mortgages.Verify the first option present in BlackBox option</span>
</div>
</td>
</tr>
<tr class="tag-test-status" status="fail">
<td><span class="badge log fail-bg">Fail</span></td>
<td>13:25:41 PM</td>
<td>
<a href="#" class="linked" test-id='1' id='105'>Verify the first option present in BlackBox option</a>
<div class="">
<span class="badge badge-default">Mortgages.Verify the first option present in BlackBox option</span>
</div>
</td>
</tr>
<tr class="tag-test-status" status="fail">
<td><span class="badge log fail-bg">Fail</span></td>
<td>13:25:46 PM</td>
<td>
<a href="#" class="linked" test-id='1' id='111'>Verify the first option present in BlackBox option</a>
<div class="">
<span class="badge badge-default">Mortgages.Verify the first option present in BlackBox option</span>
</div>
</td>
</tr>
</tbody>
</table>
</div>
</li>
<li class="test-item">
<div class="test-detail">
<span class="meta">
<span class='badge log badge-danger'>1</span>
</span>
<p class="name">@First_time_buyer_mortgages</p>
<p class="duration text-sm">1 tests</p>
</div>
<div class="test-contents d-none">
<div class="info">
<h4>@First_time_buyer_mortgages</h4>
<span status="fail" class='badge log badge-danger'>1 failed</span>
</div>
<table class='table table-sm mt-4'>
<thead>
<tr>
<th class="status-col">Status</th>
<th class="timestamp-col">Timestamp</th>
<th>TestName</th>
</tr>
</thead>
<tbody>
<tr class="tag-test-status" status="fail">
<td><span class="badge log fail-bg">Fail</span></td>
<td>13:25:06 PM</td>
<td>
<a href="#" class="linked" test-id='1' id='72'>Verif the "<pagetitle>" for the card header</a>
<div class="">
<span class="badge badge-default">Mortgages.Verif the "<pagetitle>" for the card header</span>
</div>
</td>
</tr>
</tbody>
</table>
</div>
</li>
<li class="test-item">
<div class="test-detail">
<span class="meta">
<span class='badge log badge-danger'>1</span>
</span>
<p class="name">@Self-employed_mortgages</p>
<p class="duration text-sm">1 tests</p>
</div>
<div class="test-contents d-none">
<div class="info">
<h4>@Self-employed_mortgages</h4>
<span status="fail" class='badge log badge-danger'>1 failed</span>
</div>
<table class='table table-sm mt-4'>
<thead>
<tr>
<th class="status-col">Status</th>
<th class="timestamp-col">Timestamp</th>
<th>TestName</th>
</tr>
</thead>
<tbody>
<tr class="tag-test-status" status="fail">
<td><span class="badge log fail-bg">Fail</span></td>
<td>13:25:00 PM</td>
<td>
<a href="#" class="linked" test-id='1' id='67'>Verif the "<pagetitle>" for the card header</a>
<div class="">
<span class="badge badge-default">Mortgages.Verif the "<pagetitle>" for the card header</span>
</div>
</td>
</tr>
</tbody>
</table>
</div>
</li>
<li class="test-item">
<div class="test-detail">
<span class="meta">
<span class='badge log badge-danger'>1</span>
</span>
<p class="name">@BlackBox_Option3</p>
<p class="duration text-sm">1 tests</p>
</div>
<div class="test-contents d-none">
<div class="info">
<h4>@BlackBox_Option3</h4>
<span status="fail" class='badge log badge-danger'>1 failed</span>
</div>
<table class='table table-sm mt-4'>
<thead>
<tr>
<th class="status-col">Status</th>
<th class="timestamp-col">Timestamp</th>
<th>TestName</th>
</tr>
</thead>
<tbody>
<tr class="tag-test-status" status="fail">
<td><span class="badge log fail-bg">Fail</span></td>
<td>13:25:46 PM</td>
<td>
<a href="#" class="linked" test-id='1' id='111'>Verify the first option present in BlackBox option</a>
<div class="">
<span class="badge badge-default">Mortgages.Verify the first option present in BlackBox option</span>
</div>
</td>
</tr>
</tbody>
</table>
</div>
</li>
<li class="test-item">
<div class="test-detail">
<span class="meta">
<span class='badge log pass-bg'>1</span>
</span>
<p class="name">@Masthead_BlackBox</p>
<p class="duration text-sm">1 tests</p>
</div>
<div class="test-contents d-none">
<div class="info">
<h4>@Masthead_BlackBox</h4>
<span status="pass" class='badge log pass-bg'>1 passed</span>
</div>
<table class='table table-sm mt-4'>
<thead>
<tr>
<th class="status-col">Status</th>
<th class="timestamp-col">Timestamp</th>
<th>TestName</th>
</tr>
</thead>
<tbody>
<tr class="tag-test-status" status="pass">
<td><span class="badge log pass-bg">Pass</span></td>
<td>13:24:11 PM</td>
<td>
<a href="#" class="linked" test-id='1' id='15'>Verify the Masthead Black box contents on Mortgage page</a>
<div class="">
<span class="badge badge-default">Mortgages.Verify the Masthead Black box contents on Mortgage page</span>
</div>
</td>
</tr>
</tbody>
</table>
</div>
</li>
<li class="test-item">
<div class="test-detail">
<span class="meta">
<span class='badge log badge-danger'>5</span>
</span>
<p class="name">@Mortgages_for_customers_with_credit_issues_card</p>
<p class="duration text-sm">5 tests</p>
</div>
<div class="test-contents d-none">
<div class="info">
<h4>@Mortgages_for_customers_with_credit_issues_card</h4>
<span status="fail" class='badge log badge-danger'>5 failed</span>
</div>
<table class='table table-sm mt-4'>
<thead>
<tr>
<th class="status-col">Status</th>
<th class="timestamp-col">Timestamp</th>
<th>TestName</th>
</tr>
</thead>
<tbody>
<tr class="tag-test-status" status="fail">
<td><span class="badge log fail-bg">Fail</span></td>
<td>13:24:53 PM</td>
<td>
<a href="#" class="linked" test-id='1' id='62'>Verif the "<pagetitle>" for the card header</a>
<div class="">
<span class="badge badge-default">Mortgages.Verif the "<pagetitle>" for the card header</span>
</div>
</td>
</tr>
<tr class="tag-test-status" status="fail">
<td><span class="badge log fail-bg">Fail</span></td>
<td>13:25:00 PM</td>
<td>
<a href="#" class="linked" test-id='1' id='67'>Verif the "<pagetitle>" for the card header</a>
<div class="">
<span class="badge badge-default">Mortgages.Verif the "<pagetitle>" for the card header</span>
</div>
</td>
</tr>
<tr class="tag-test-status" status="fail">
<td><span class="badge log fail-bg">Fail</span></td>
<td>13:25:06 PM</td>
<td>
<a href="#" class="linked" test-id='1' id='72'>Verif the "<pagetitle>" for the card header</a>
<div class="">
<span class="badge badge-default">Mortgages.Verif the "<pagetitle>" for the card header</span>
</div>
</td>
</tr>
<tr class="tag-test-status" status="fail">
<td><span class="badge log fail-bg">Fail</span></td>
<td>13:25:12 PM</td>
<td>
<a href="#" class="linked" test-id='1' id='77'>Verif the "<pagetitle>" for the card header</a>
<div class="">
<span class="badge badge-default">Mortgages.Verif the "<pagetitle>" for the card header</span>
</div>
</td>
</tr>
<tr class="tag-test-status" status="fail">
<td><span class="badge log fail-bg">Fail</span></td>
<td>13:25:19 PM</td>
<td>
<a href="#" class="linked" test-id='1' id='82'>Verif the "<pagetitle>" for the card header</a>
<div class="">
<span class="badge badge-default">Mortgages.Verif the "<pagetitle>" for the card header</span>
</div>
</td>
</tr>
</tbody>
</table>
</div>
</li>
<li class="test-item">
<div class="test-detail">
<span class="meta">
<span class='badge log pass-bg'>6</span>
<span class='badge log badge-danger'>2</span>
</span>
<p class="name">@CardHeaders</p>
<p class="duration text-sm">8 tests</p>
</div>
<div class="test-contents d-none">
<div class="info">
<h4>@CardHeaders</h4>
<span status="pass" class='badge log pass-bg'>6 passed</span>
<span status="fail" class='badge log badge-danger'>2 failed</span>
</div>
<table class='table table-sm mt-4'>
<thead>
<tr>
<th class="status-col">Status</th>
<th class="timestamp-col">Timestamp</th>
<th>TestName</th>
</tr>
</thead>
<tbody>
<tr class="tag-test-status" status="pass">
<td><span class="badge log pass-bg">Pass</span></td>
<td>13:24:16 PM</td>
<td>
<a href="#" class="linked" test-id='1' id='21'>Verify the "Mortgages for customers with credit issues" present in the page</a>
<div class="">
<span class="badge badge-default">Mortgages.Verify the "Mortgages for customers with credit issues" present in the page</span>
</div>
</td>
</tr>
<tr class="tag-test-status" status="pass">
<td><span class="badge log pass-bg">Pass</span></td>
<td>13:24:21 PM</td>
<td>
<a href="#" class="linked" test-id='1' id='26'>Verify the "Self-employed mortgages" present in the page</a>
<div class="">
<span class="badge badge-default">Mortgages.Verify the "Self-employed mortgages" present in the page</span>
</div>
</td>
</tr>
<tr class="tag-test-status" status="pass">
<td><span class="badge log pass-bg">Pass</span></td>
<td>13:24:25 PM</td>
<td>
<a href="#" class="linked" test-id='1' id='31'>Verify the "First time buyer mortgages" present in the page</a>
<div class="">
<span class="badge badge-default">Mortgages.Verify the "First time buyer mortgages" present in the page</span>
</div>
</td>
</tr>
<tr class="tag-test-status" status="pass">
<td><span class="badge log pass-bg">Pass</span></td>
<td>13:24:30 PM</td>
<td>
<a href="#" class="linked" test-id='1' id='36'>Verify the "Commercial mortgages" present in the page</a>
<div class="">
<span class="badge badge-default">Mortgages.Verify the "Commercial mortgages" present in the page</span>
</div>
</td>
</tr>
<tr class="tag-test-status" status="pass">
<td><span class="badge log pass-bg">Pass</span></td>
<td>13:24:34 PM</td>
<td>
<a href="#" class="linked" test-id='1' id='41'>Verify the "Buy to let mortgages for limited companies" present in the page</a>
<div class="">
<span class="badge badge-default">Mortgages.Verify the "Buy to let mortgages for limited companies" present in the page</span>
</div>
</td>
</tr>
<tr class="tag-test-status" status="pass">
<td><span class="badge log pass-bg">Pass</span></td>
<td>13:24:39 PM</td>
<td>
<a href="#" class="linked" test-id='1' id='46'>Verify the "Buy to let mortgages" present in the page</a>
<div class="">
<span class="badge badge-default">Mortgages.Verify the "Buy to let mortgages" present in the page</span>
</div>
</td>
</tr>
<tr class="tag-test-status" status="fail">
<td><span class="badge log fail-bg">Fail</span></td>
<td>13:24:44 PM</td>
<td>
<a href="#" class="linked" test-id='1' id='51'>Verify the "Why use a mortgage broker? Here’s 10 great reasons" present in the page</a>
<div class="">
<span class="badge badge-default">Mortgages.Verify the "Why use a mortgage broker? Here’s 10 great reasons" present in the page</span>
</div>
</td>
</tr>
<tr class="tag-test-status" status="fail">
<td><span class="badge log fail-bg">Fail</span></td>
<td>13:24:48 PM</td>
<td>
<a href="#" class="linked" test-id='1' id='56'>Verify the "Divorce and mortgages – What you need to know" present in the page</a>
<div class="">
<span class="badge badge-default">Mortgages.Verify the "Divorce and mortgages – What you need to know" present in the page</span>
</div>
</td>
</tr>
</tbody>
</table>
</div>
</li>
<li class="test-item">
<div class="test-detail">
<span class="meta">
<span class='badge log badge-danger'>1</span>
</span>
<p class="name">@Commercial_mortgages</p>
<p class="duration text-sm">1 tests</p>
</div>
<div class="test-contents d-none">
<div class="info">
<h4>@Commercial_mortgages</h4>
<span status="fail" class='badge log badge-danger'>1 failed</span>
</div>
<table class='table table-sm mt-4'>
<thead>
<tr>
<th class="status-col">Status</th>
<th class="timestamp-col">Timestamp</th>
<th>TestName</th>
</tr>
</thead>
<tbody>
<tr class="tag-test-status" status="fail">
<td><span class="badge log fail-bg">Fail</span></td>
<td>13:25:12 PM</td>
<td>
<a href="#" class="linked" test-id='1' id='77'>Verif the "<pagetitle>" for the card header</a>
<div class="">
<span class="badge badge-default">Mortgages.Verif the "<pagetitle>" for the card header</span>
</div>
</td>
</tr>
</tbody>
</table>
</div>
</li>
<li class="test-item">
<div class="test-detail">
<span class="meta">
<span class='badge log badge-danger'>3</span>
</span>
<p class="name">@BlackBox_Option1</p>
<p class="duration text-sm">3 tests</p>
</div>
<div class="test-contents d-none">
<div class="info">
<h4>@BlackBox_Option1</h4>
<span status="fail" class='badge log badge-danger'>3 failed</span>
</div>
<table class='table table-sm mt-4'>
<thead>
<tr>
<th class="status-col">Status</th>
<th class="timestamp-col">Timestamp</th>
<th>TestName</th>
</tr>
</thead>
<tbody>
<tr class="tag-test-status" status="fail">
<td><span class="badge log fail-bg">Fail</span></td>
<td>13:25:37 PM</td>
<td>
<a href="#" class="linked" test-id='1' id='99'>Verify the first option present in BlackBox option</a>
<div class="">
<span class="badge badge-default">Mortgages.Verify the first option present in BlackBox option</span>
</div>
</td>
</tr>
<tr class="tag-test-status" status="fail">
<td><span class="badge log fail-bg">Fail</span></td>
<td>13:25:41 PM</td>
<td>
<a href="#" class="linked" test-id='1' id='105'>Verify the first option present in BlackBox option</a>
<div class="">
<span class="badge badge-default">Mortgages.Verify the first option present in BlackBox option</span>
</div>
</td>
</tr>
<tr class="tag-test-status" status="fail">
<td><span class="badge log fail-bg">Fail</span></td>
<td>13:25:46 PM</td>
<td>
<a href="#" class="linked" test-id='1' id='111'>Verify the first option present in BlackBox option</a>
<div class="">
<span class="badge badge-default">Mortgages.Verify the first option present in BlackBox option</span>
</div>
</td>
</tr>
</tbody>
</table>
</div>
</li>
<li class="test-item">
<div class="test-detail">
<span class="meta">
<span class='badge log badge-danger'>1</span>
</span>
<p class="name">@USPSection</p>
<p class="duration text-sm">1 tests</p>
</div>
<div class="test-contents d-none">
<div class="info">
<h4>@USPSection</h4>
<span status="fail" class='badge log badge-danger'>1 failed</span>
</div>
<table class='table table-sm mt-4'>
<thead>
<tr>
<th class="status-col">Status</th>
<th class="timestamp-col">Timestamp</th>
<th>TestName</th>
</tr>
</thead>
<tbody>
<tr class="tag-test-status" status="fail">
<td><span class="badge log fail-bg">Fail</span></td>
<td>13:24:06 PM</td>
<td>
<a href="#" class="linked" test-id='1' id='9'>Verify the USP section present on the Mortgage Page</a>
<div class="">
<span class="badge badge-default">Mortgages.Verify the USP section present on the Mortgage Page</span>
</div>
</td>
</tr>
</tbody>
</table>
</div>
</li>
</ul>
</div>
</div>
<div class="test-content scrollable">
<div class="test-content-detail">
<div class="detail-body"></div>
</div>
</div>
</div><div class="test-wrapper row view exception-view attributes-view">
<div class="test-list">
<div class="test-list-tools">
<ul class="tools pull-left"><li><a href=""><span class="font-size-14">Exception</span></a></li></ul>
<ul class="tools text-right"><li><a href="#"><span class="badge badge-primary">3</span></a></li></ul>
</div>
<div class="test-list-wrapper scrollable">
<ul class="test-list-item">
<li class="test-item">
<div class="test-detail">
<span class="meta">
<span class='badge log badge-danger'>4</span>
</span>
<p class="name">org.openqa.selenium.NoSuchElementException</p>
<p class="duration text-sm">4 tests</p>
</div>
<div class="test-contents d-none">
<div class="info">
<h4>org.openqa.selenium.NoSuchElementException</h4>
<span status="fail" class='badge log badge-danger'>4 failed</span>
</div>
<table class='table table-sm mt-4'>
<thead>
<tr>
<th class="status-col">Status</th>
<th class="timestamp-col">Timestamp</th>
<th>TestName</th>
</tr>
</thead>
<tbody>
<tr class="tag-test-status" status="fail">
<td><span class="badge log fail-bg">Fail</span></td>
<td>13:24:11 PM</td>
<td>
<a href="#" class="linked" test-id='1' id='13'>Then I should see the USP section on Mortgage page</a>
<div class="">
<span class="badge badge-default">Mortgages.Verify the USP section present on the Mortgage Page.Then I should see the USP section on Mortgage page</span>
</div>
</td>
</tr>
<tr class="tag-test-status" status="fail">
<td><span class="badge log fail-bg">Fail</span></td>
<td>13:25:41 PM</td>
<td>
<a href="#" class="linked" test-id='1' id='103'>Then I should see the first "Buy to let mortgages" in the BlackBox Section</a>
<div class="">
<span class="badge badge-default">Mortgages.Verify the first option present in BlackBox option.Then I should see the first "Buy to let mortgages" in the BlackBox Section</span>
</div>
</td>
</tr>
<tr class="tag-test-status" status="fail">
<td><span class="badge log fail-bg">Fail</span></td>
<td>13:25:46 PM</td>
<td>
<a href="#" class="linked" test-id='1' id='109'>Then I should see the second "Residential mortgages" in the BlackBox Section</a>
<div class="">
<span class="badge badge-default">Mortgages.Verify the first option present in BlackBox option.Then I should see the second "Residential mortgages" in the BlackBox Section</span>
</div>
</td>
</tr>
<tr class="tag-test-status" status="fail">
<td><span class="badge log fail-bg">Fail</span></td>
<td>13:25:50 PM</td>
<td>
<a href="#" class="linked" test-id='1' id='115'>Then I should see the third "Help and support" in the BlackBox Section</a>
<div class="">
<span class="badge badge-default">Mortgages.Verify the first option present in BlackBox option.Then I should see the third "Help and support" in the BlackBox Section</span>
</div>
</td>
</tr>
</tbody>
</table>
</div>
</li>
<li class="test-item">
<div class="test-detail">
<span class="meta">
<span class='badge log badge-danger'>2</span>
</span>
<p class="name">java.lang.IllegalArgumentException</p>
<p class="duration text-sm">2 tests</p>
</div>
<div class="test-contents d-none">
<div class="info">
<h4>java.lang.IllegalArgumentException</h4>
<span status="fail" class='badge log badge-danger'>2 failed</span>
</div>
<table class='table table-sm mt-4'>
<thead>
<tr>
<th class="status-col">Status</th>
<th class="timestamp-col">Timestamp</th>
<th>TestName</th>
</tr>
</thead>
<tbody>
<tr class="tag-test-status" status="fail">
<td><span class="badge log fail-bg">Fail</span></td>
<td>13:24:48 PM</td>
<td>
<a href="#" class="linked" test-id='1' id='55'>Then I should see the "Why use a mortgage broker? Here’s 10 great reasons" CTA button present in the page</a>
<div class="">
<span class="badge badge-default">Mortgages.Verify the "Why use a mortgage broker? Here’s 10 great reasons" present in the page.Then I should see the "Why use a mortgage broker? Here’s 10 great reasons" CTA button present in the page</span>
</div>
</td>
</tr>
<tr class="tag-test-status" status="fail">
<td><span class="badge log fail-bg">Fail</span></td>
<td>13:24:53 PM</td>
<td>
<a href="#" class="linked" test-id='1' id='60'>Then I should see the "Divorce and mortgages – What you need to know" CTA button present in the page</a>
<div class="">
<span class="badge badge-default">Mortgages.Verify the "Divorce and mortgages – What you need to know" present in the page.Then I should see the "Divorce and mortgages – What you need to know" CTA button present in the page</span>
</div>
</td>
</tr>
</tbody>
</table>
</div>
</li>
<li class="test-item">
<div class="test-detail">
<span class="meta">
<span class='badge log badge-danger'>7</span>
</span>
<p class="name">java.lang.AssertionError</p>
<p class="duration text-sm">7 tests</p>
</div>
<div class="test-contents d-none">
<div class="info">
<h4>java.lang.AssertionError</h4>
<span status="fail" class='badge log badge-danger'>7 failed</span>
</div>
<table class='table table-sm mt-4'>
<thead>
<tr>
<th class="status-col">Status</th>
<th class="timestamp-col">Timestamp</th>
<th>TestName</th>
</tr>
</thead>
<tbody>
<tr class="tag-test-status" status="fail">
<td><span class="badge log fail-bg">Fail</span></td>
<td>13:23:32 PM</td>
<td>
<a href="#" class="linked" test-id='1' id='4'>Given I am on the Aldermore page</a>
<div class="">
<span class="badge badge-default">Mortgages.Verify mortgages page.Given I am on the Aldermore page</span>
</div>
</td>
</tr>
<tr class="tag-test-status" status="fail">
<td><span class="badge log fail-bg">Fail</span></td>
<td>13:24:58 PM</td>
<td>
<a href="#" class="linked" test-id='1' id='66'>Then I should click customers with credit issues card and should be redirected to "Mortgages for customers with credit problems - Aldermore Bank"</a>
<div class="">
<span class="badge badge-default">Mortgages.Verif the "<pagetitle>" for the card header.Then I should click customers with credit issues card and should be redirected to "Mortgages for customers with credit problems - Aldermore Bank"</span>
</div>
</td>
</tr>
<tr class="tag-test-status" status="fail">
<td><span class="badge log fail-bg">Fail</span></td>
<td>13:25:04 PM</td>
<td>
<a href="#" class="linked" test-id='1' id='71'>Then I should click Self-employed mortgages and should be redirected to "Mortgages for the Self-Employed - Aldermore Bank"</a>
<div class="">
<span class="badge badge-default">Mortgages.Verif the "<pagetitle>" for the card header.Then I should click Self-employed mortgages and should be redirected to "Mortgages for the Self-Employed - Aldermore Bank"</span>
</div>
</td>
</tr>
<tr class="tag-test-status" status="fail">
<td><span class="badge log fail-bg">Fail</span></td>
<td>13:25:11 PM</td>
<td>
<a href="#" class="linked" test-id='1' id='76'>Then I should click First time buyer mortgages and should be redirected to "Mortgages for First Time Buyers - Aldermore Bank"</a>
<div class="">
<span class="badge badge-default">Mortgages.Verif the "<pagetitle>" for the card header.Then I should click First time buyer mortgages and should be redirected to "Mortgages for First Time Buyers - Aldermore Bank"</span>
</div>
</td>
</tr>
<tr class="tag-test-status" status="fail">
<td><span class="badge log fail-bg">Fail</span></td>
<td>13:25:17 PM</td>
<td>
<a href="#" class="linked" test-id='1' id='81'>Then I should click Commercial mortgages and should be redirected to "Commercial Mortgages - Aldermore Bank"</a>
<div class="">
<span class="badge badge-default">Mortgages.Verif the "<pagetitle>" for the card header.Then I should click Commercial mortgages and should be redirected to "Commercial Mortgages - Aldermore Bank"</span>
</div>
</td>
</tr>
<tr class="tag-test-status" status="fail">
<td><span class="badge log fail-bg">Fail</span></td>
<td>13:25:23 PM</td>
<td>
<a href="#" class="linked" test-id='1' id='86'>Then I should click Buy to let for limited companies card and should be redirected to "Buy to Let Mortgages for Limited Companies - Aldermore Bank"</a>
<div class="">
<span class="badge badge-default">Mortgages.Verif the "<pagetitle>" for the card header.Then I should click Buy to let for limited companies card and should be redirected to "Buy to Let Mortgages for Limited Companies - Aldermore Bank"</span>
</div>
</td>
</tr>
<tr class="tag-test-status" status="fail">
<td><span class="badge log fail-bg">Fail</span></td>
<td>13:25:35 PM</td>
<td>
<a href="#" class="linked" test-id='1' id='97'>Then I should click Buy to let for limited companies card and should be redirected to "Buy to Let Mortgages for Limited Companies - Aldermore Bank"</a>
<div class="">
<span class="badge badge-default">Mortgages.Verif the "<pagetitle>" for the card header.Then I should click Buy to let for limited companies card and should be redirected to "Buy to Let Mortgages for Limited Companies - Aldermore Bank"</span>
</div>
</td>
</tr>
</tbody>
</table>
</div>
</li>
</ul>
</div>
</div>
<div class="test-content scrollable">
<div class="test-content-detail">
<div class="detail-body"></div>
</div>
</div>
</div>        </div>
      </div>
    </div>
  </div>
<script src="https://cdn.jsdelivr.net/gh/extent-framework/extent-github-cdn@d6562a79075e061305ccfdb82f01e5e195e2d307/spark/js/spark-script.js"></script>
<script type="text/javascript"></script></body>
</html>