<?xml version="1.0" encoding="UTF-8"?>
<testng-results ignored="0" total="35" passed="29" failed="6" skipped="0">
  <reporter-output>
  </reporter-output>
  <suite started-at="2025-09-15T07:38:17 BST" name="Default suite" finished-at="2025-09-15T07:44:42 BST" duration-ms="385254">
    <groups>
      <group name="cucumber">
        <method signature="AbstractTestNGCucumberTests.runScenario(io.cucumber.testng.PickleWrapper,io.cucumber.testng.FeatureWrapper)[pri:0, instance:runners.TestRunner@7674f035]" name="runScenario" class="io.cucumber.testng.AbstractTestNGCucumberTests"/>
      </group> <!-- cucumber -->
    </groups>
    <test started-at="2025-09-15T07:38:17 BST" name="Default test" finished-at="2025-09-15T07:44:42 BST" duration-ms="385254">
      <class name="runners.TestRunner">
        <test-method is-config="true" signature="setUpClass()[pri:0, instance:runners.TestRunner@7674f035]" started-at="2025-09-15T07:38:17 BST" name="setUpClass" finished-at="2025-09-15T07:38:19 BST" duration-ms="1572" status="PASS">
          <reporter-output>
          </reporter-output>
        </test-method> <!-- setUpClass -->
        <test-method is-config="true" signature="setUp()[pri:0, instance:runners.TestRunner@7674f035]" started-at="2025-09-15T07:38:19 BST" name="setUp" finished-at="2025-09-15T07:38:22 BST" duration-ms="3289" status="PASS">
          <reporter-output>
          </reporter-output>
        </test-method> <!-- setUp -->
        <test-method signature="runScenario(io.cucumber.testng.PickleWrapper,io.cucumber.testng.FeatureWrapper)[pri:0, instance:runners.TestRunner@7674f035]" started-at="2025-09-15T07:38:22 BST" name="runScenario" description="Runs Cucumber Scenarios" data-provider="scenarios" finished-at="2025-09-15T07:38:55 BST" duration-ms="33507" status="FAIL">
          <params>
            <param index="0">
              <value>
                <![CDATA["Verify the Accounts and products Options Menu Pages"]]>
              </value>
            </param>
            <param index="1">
              <value>
                <![CDATA["Optional[Aldermore Homepage]"]]>
              </value>
            </param>
          </params>
          <exception class="java.lang.AssertionError">
            <message>
              <![CDATA[Web Element is not clicked in a given time]]>
            </message>
            <full-stacktrace>
              <![CDATA[java.lang.AssertionError: Web Element is not clicked in a given time
at org.testng.Assert.fail(Assert.java:99)
at utils.SeleniumDriver.waitForElementClickable(SeleniumDriver.java:208)
at HomePage_Steps.AldermoreHomePageFooterPageSteps.i_see_aldermore_homepage(AldermoreHomePageFooterPageSteps.java:18)
at ✽.I see Aldermore page(file:///C:/Users/Trupti.Gumar/git/Web_Automation_Framework-/Website_Completed(Sep)2/src/test/resources/HomePage_FeatureFiles/AldermoreHomePageFooter.feature:7)
]]>
            </full-stacktrace>
          </exception> <!-- java.lang.AssertionError -->
          <reporter-output>
          </reporter-output>
        </test-method> <!-- runScenario -->
        <test-method signature="runScenario(io.cucumber.testng.PickleWrapper,io.cucumber.testng.FeatureWrapper)[pri:0, instance:runners.TestRunner@7674f035]" started-at="2025-09-15T07:38:55 BST" name="runScenario" description="Runs Cucumber Scenarios" data-provider="scenarios" finished-at="2025-09-15T07:39:10 BST" duration-ms="14325" status="PASS">
          <params>
            <param index="0">
              <value>
                <![CDATA["Verify the Accounts and products Options Menu Pages"]]>
              </value>
            </param>
            <param index="1">
              <value>
                <![CDATA["Optional[Aldermore Homepage]"]]>
              </value>
            </param>
          </params>
          <reporter-output>
          </reporter-output>
        </test-method> <!-- runScenario -->
        <test-method signature="runScenario(io.cucumber.testng.PickleWrapper,io.cucumber.testng.FeatureWrapper)[pri:0, instance:runners.TestRunner@7674f035]" started-at="2025-09-15T07:39:10 BST" name="runScenario" description="Runs Cucumber Scenarios" data-provider="scenarios" finished-at="2025-09-15T07:39:24 BST" duration-ms="14102" status="PASS">
          <params>
            <param index="0">
              <value>
                <![CDATA["Verify the Accounts and products Options Menu Pages"]]>
              </value>
            </param>
            <param index="1">
              <value>
                <![CDATA["Optional[Aldermore Homepage]"]]>
              </value>
            </param>
          </params>
          <reporter-output>
          </reporter-output>
        </test-method> <!-- runScenario -->
        <test-method signature="runScenario(io.cucumber.testng.PickleWrapper,io.cucumber.testng.FeatureWrapper)[pri:0, instance:runners.TestRunner@7674f035]" started-at="2025-09-15T07:39:24 BST" name="runScenario" description="Runs Cucumber Scenarios" data-provider="scenarios" finished-at="2025-09-15T07:39:38 BST" duration-ms="13935" status="PASS">
          <params>
            <param index="0">
              <value>
                <![CDATA["Verify the Accounts and products Options Menu Pages"]]>
              </value>
            </param>
            <param index="1">
              <value>
                <![CDATA["Optional[Aldermore Homepage]"]]>
              </value>
            </param>
          </params>
          <reporter-output>
          </reporter-output>
        </test-method> <!-- runScenario -->
        <test-method signature="runScenario(io.cucumber.testng.PickleWrapper,io.cucumber.testng.FeatureWrapper)[pri:0, instance:runners.TestRunner@7674f035]" started-at="2025-09-15T07:39:38 BST" name="runScenario" description="Runs Cucumber Scenarios" data-provider="scenarios" finished-at="2025-09-15T07:39:52 BST" duration-ms="13877" status="PASS">
          <params>
            <param index="0">
              <value>
                <![CDATA["Verify the Accounts and products Options Menu Pages"]]>
              </value>
            </param>
            <param index="1">
              <value>
                <![CDATA["Optional[Aldermore Homepage]"]]>
              </value>
            </param>
          </params>
          <reporter-output>
          </reporter-output>
        </test-method> <!-- runScenario -->
        <test-method signature="runScenario(io.cucumber.testng.PickleWrapper,io.cucumber.testng.FeatureWrapper)[pri:0, instance:runners.TestRunner@7674f035]" started-at="2025-09-15T07:39:52 BST" name="runScenario" description="Runs Cucumber Scenarios" data-provider="scenarios" finished-at="2025-09-15T07:40:05 BST" duration-ms="13783" status="PASS">
          <params>
            <param index="0">
              <value>
                <![CDATA["Verify the Help and support Options Menu Pages"]]>
              </value>
            </param>
            <param index="1">
              <value>
                <![CDATA["Optional[Aldermore Homepage]"]]>
              </value>
            </param>
          </params>
          <reporter-output>
          </reporter-output>
        </test-method> <!-- runScenario -->
        <test-method signature="runScenario(io.cucumber.testng.PickleWrapper,io.cucumber.testng.FeatureWrapper)[pri:0, instance:runners.TestRunner@7674f035]" started-at="2025-09-15T07:40:05 BST" name="runScenario" description="Runs Cucumber Scenarios" data-provider="scenarios" finished-at="2025-09-15T07:40:19 BST" duration-ms="14099" status="PASS">
          <params>
            <param index="0">
              <value>
                <![CDATA["Verify the Help and support Options Menu Pages"]]>
              </value>
            </param>
            <param index="1">
              <value>
                <![CDATA["Optional[Aldermore Homepage]"]]>
              </value>
            </param>
          </params>
          <reporter-output>
          </reporter-output>
        </test-method> <!-- runScenario -->
        <test-method signature="runScenario(io.cucumber.testng.PickleWrapper,io.cucumber.testng.FeatureWrapper)[pri:0, instance:runners.TestRunner@7674f035]" started-at="2025-09-15T07:40:19 BST" name="runScenario" description="Runs Cucumber Scenarios" data-provider="scenarios" finished-at="2025-09-15T07:40:34 BST" duration-ms="14397" status="PASS">
          <params>
            <param index="0">
              <value>
                <![CDATA["Verify the Help and support Options Menu Pages"]]>
              </value>
            </param>
            <param index="1">
              <value>
                <![CDATA["Optional[Aldermore Homepage]"]]>
              </value>
            </param>
          </params>
          <reporter-output>
          </reporter-output>
        </test-method> <!-- runScenario -->
        <test-method signature="runScenario(io.cucumber.testng.PickleWrapper,io.cucumber.testng.FeatureWrapper)[pri:0, instance:runners.TestRunner@7674f035]" started-at="2025-09-15T07:40:34 BST" name="runScenario" description="Runs Cucumber Scenarios" data-provider="scenarios" finished-at="2025-09-15T07:40:48 BST" duration-ms="14010" status="PASS">
          <params>
            <param index="0">
              <value>
                <![CDATA["Verify the Help and support Options Menu Pages"]]>
              </value>
            </param>
            <param index="1">
              <value>
                <![CDATA["Optional[Aldermore Homepage]"]]>
              </value>
            </param>
          </params>
          <reporter-output>
          </reporter-output>
        </test-method> <!-- runScenario -->
        <test-method signature="runScenario(io.cucumber.testng.PickleWrapper,io.cucumber.testng.FeatureWrapper)[pri:0, instance:runners.TestRunner@7674f035]" started-at="2025-09-15T07:40:48 BST" name="runScenario" description="Runs Cucumber Scenarios" data-provider="scenarios" finished-at="2025-09-15T07:41:02 BST" duration-ms="14195" status="PASS">
          <params>
            <param index="0">
              <value>
                <![CDATA["Verify the Help and support Options Menu Pages"]]>
              </value>
            </param>
            <param index="1">
              <value>
                <![CDATA["Optional[Aldermore Homepage]"]]>
              </value>
            </param>
          </params>
          <reporter-output>
          </reporter-output>
        </test-method> <!-- runScenario -->
        <test-method signature="runScenario(io.cucumber.testng.PickleWrapper,io.cucumber.testng.FeatureWrapper)[pri:0, instance:runners.TestRunner@7674f035]" started-at="2025-09-15T07:41:02 BST" name="runScenario" description="Runs Cucumber Scenarios" data-provider="scenarios" finished-at="2025-09-15T07:41:16 BST" duration-ms="14189" status="PASS">
          <params>
            <param index="0">
              <value>
                <![CDATA["Verify the About us Options Menu Pages"]]>
              </value>
            </param>
            <param index="1">
              <value>
                <![CDATA["Optional[Aldermore Homepage]"]]>
              </value>
            </param>
          </params>
          <reporter-output>
          </reporter-output>
        </test-method> <!-- runScenario -->
        <test-method signature="runScenario(io.cucumber.testng.PickleWrapper,io.cucumber.testng.FeatureWrapper)[pri:0, instance:runners.TestRunner@7674f035]" started-at="2025-09-15T07:41:16 BST" name="runScenario" description="Runs Cucumber Scenarios" data-provider="scenarios" finished-at="2025-09-15T07:41:31 BST" duration-ms="14419" status="PASS">
          <params>
            <param index="0">
              <value>
                <![CDATA["Verify the About us Options Menu Pages"]]>
              </value>
            </param>
            <param index="1">
              <value>
                <![CDATA["Optional[Aldermore Homepage]"]]>
              </value>
            </param>
          </params>
          <reporter-output>
          </reporter-output>
        </test-method> <!-- runScenario -->
        <test-method signature="runScenario(io.cucumber.testng.PickleWrapper,io.cucumber.testng.FeatureWrapper)[pri:0, instance:runners.TestRunner@7674f035]" started-at="2025-09-15T07:41:31 BST" name="runScenario" description="Runs Cucumber Scenarios" data-provider="scenarios" finished-at="2025-09-15T07:41:45 BST" duration-ms="14008" status="PASS">
          <params>
            <param index="0">
              <value>
                <![CDATA["Verify the About us Options Menu Pages"]]>
              </value>
            </param>
            <param index="1">
              <value>
                <![CDATA["Optional[Aldermore Homepage]"]]>
              </value>
            </param>
          </params>
          <reporter-output>
          </reporter-output>
        </test-method> <!-- runScenario -->
        <test-method signature="runScenario(io.cucumber.testng.PickleWrapper,io.cucumber.testng.FeatureWrapper)[pri:0, instance:runners.TestRunner@7674f035]" started-at="2025-09-15T07:41:45 BST" name="runScenario" description="Runs Cucumber Scenarios" data-provider="scenarios" finished-at="2025-09-15T07:41:59 BST" duration-ms="14018" status="PASS">
          <params>
            <param index="0">
              <value>
                <![CDATA["Verify the About us Options Menu Pages"]]>
              </value>
            </param>
            <param index="1">
              <value>
                <![CDATA["Optional[Aldermore Homepage]"]]>
              </value>
            </param>
          </params>
          <reporter-output>
          </reporter-output>
        </test-method> <!-- runScenario -->
        <test-method signature="runScenario(io.cucumber.testng.PickleWrapper,io.cucumber.testng.FeatureWrapper)[pri:0, instance:runners.TestRunner@7674f035]" started-at="2025-09-15T07:41:59 BST" name="runScenario" description="Runs Cucumber Scenarios" data-provider="scenarios" finished-at="2025-09-15T07:42:13 BST" duration-ms="14327" status="PASS">
          <params>
            <param index="0">
              <value>
                <![CDATA["Verify the About us Options Menu Pages"]]>
              </value>
            </param>
            <param index="1">
              <value>
                <![CDATA["Optional[Aldermore Homepage]"]]>
              </value>
            </param>
          </params>
          <reporter-output>
          </reporter-output>
        </test-method> <!-- runScenario -->
        <test-method signature="runScenario(io.cucumber.testng.PickleWrapper,io.cucumber.testng.FeatureWrapper)[pri:0, instance:runners.TestRunner@7674f035]" started-at="2025-09-15T07:42:13 BST" name="runScenario" description="Runs Cucumber Scenarios" data-provider="scenarios" finished-at="2025-09-15T07:42:28 BST" duration-ms="14757" status="PASS">
          <params>
            <param index="0">
              <value>
                <![CDATA["Verify the About us Options Menu Pages"]]>
              </value>
            </param>
            <param index="1">
              <value>
                <![CDATA["Optional[Aldermore Homepage]"]]>
              </value>
            </param>
          </params>
          <reporter-output>
          </reporter-output>
        </test-method> <!-- runScenario -->
        <test-method signature="runScenario(io.cucumber.testng.PickleWrapper,io.cucumber.testng.FeatureWrapper)[pri:0, instance:runners.TestRunner@7674f035]" started-at="2025-09-15T07:42:28 BST" name="runScenario" description="Runs Cucumber Scenarios" data-provider="scenarios" finished-at="2025-09-15T07:42:43 BST" duration-ms="15135" status="PASS">
          <params>
            <param index="0">
              <value>
                <![CDATA["Verify the About us Options Menu Pages"]]>
              </value>
            </param>
            <param index="1">
              <value>
                <![CDATA["Optional[Aldermore Homepage]"]]>
              </value>
            </param>
          </params>
          <reporter-output>
          </reporter-output>
        </test-method> <!-- runScenario -->
        <test-method signature="runScenario(io.cucumber.testng.PickleWrapper,io.cucumber.testng.FeatureWrapper)[pri:0, instance:runners.TestRunner@7674f035]" started-at="2025-09-15T07:42:43 BST" name="runScenario" description="Runs Cucumber Scenarios" data-provider="scenarios" finished-at="2025-09-15T07:42:58 BST" duration-ms="14611" status="PASS">
          <params>
            <param index="0">
              <value>
                <![CDATA["Verify the About us Options Menu Pages"]]>
              </value>
            </param>
            <param index="1">
              <value>
                <![CDATA["Optional[Aldermore Homepage]"]]>
              </value>
            </param>
          </params>
          <reporter-output>
          </reporter-output>
        </test-method> <!-- runScenario -->
        <test-method signature="runScenario(io.cucumber.testng.PickleWrapper,io.cucumber.testng.FeatureWrapper)[pri:0, instance:runners.TestRunner@7674f035]" started-at="2025-09-15T07:42:58 BST" name="runScenario" description="Runs Cucumber Scenarios" data-provider="scenarios" finished-at="2025-09-15T07:43:12 BST" duration-ms="14512" status="PASS">
          <params>
            <param index="0">
              <value>
                <![CDATA["Verify the Card header on the footer page"]]>
              </value>
            </param>
            <param index="1">
              <value>
                <![CDATA["Optional[Aldermore Homepage]"]]>
              </value>
            </param>
          </params>
          <reporter-output>
          </reporter-output>
        </test-method> <!-- runScenario -->
        <test-method signature="runScenario(io.cucumber.testng.PickleWrapper,io.cucumber.testng.FeatureWrapper)[pri:0, instance:runners.TestRunner@7674f035]" started-at="2025-09-15T07:43:12 BST" name="runScenario" description="Runs Cucumber Scenarios" data-provider="scenarios" finished-at="2025-09-15T07:43:17 BST" duration-ms="5028" status="PASS">
          <params>
            <param index="0">
              <value>
                <![CDATA["Verify the Connect with us on the footer page"]]>
              </value>
            </param>
            <param index="1">
              <value>
                <![CDATA["Optional[Aldermore Homepage]"]]>
              </value>
            </param>
          </params>
          <reporter-output>
          </reporter-output>
        </test-method> <!-- runScenario -->
        <test-method signature="runScenario(io.cucumber.testng.PickleWrapper,io.cucumber.testng.FeatureWrapper)[pri:0, instance:runners.TestRunner@7674f035]" started-at="2025-09-15T07:43:17 BST" name="runScenario" description="Runs Cucumber Scenarios" data-provider="scenarios" finished-at="2025-09-15T07:43:21 BST" duration-ms="4293" status="PASS">
          <params>
            <param index="0">
              <value>
                <![CDATA["Verify the Connect with us on the footer page"]]>
              </value>
            </param>
            <param index="1">
              <value>
                <![CDATA["Optional[Aldermore Homepage]"]]>
              </value>
            </param>
          </params>
          <reporter-output>
          </reporter-output>
        </test-method> <!-- runScenario -->
        <test-method signature="runScenario(io.cucumber.testng.PickleWrapper,io.cucumber.testng.FeatureWrapper)[pri:0, instance:runners.TestRunner@7674f035]" started-at="2025-09-15T07:43:21 BST" name="runScenario" description="Runs Cucumber Scenarios" data-provider="scenarios" finished-at="2025-09-15T07:43:26 BST" duration-ms="5012" status="PASS">
          <params>
            <param index="0">
              <value>
                <![CDATA["Verify the Connect with us on the footer page"]]>
              </value>
            </param>
            <param index="1">
              <value>
                <![CDATA["Optional[Aldermore Homepage]"]]>
              </value>
            </param>
          </params>
          <reporter-output>
          </reporter-output>
        </test-method> <!-- runScenario -->
        <test-method signature="runScenario(io.cucumber.testng.PickleWrapper,io.cucumber.testng.FeatureWrapper)[pri:0, instance:runners.TestRunner@7674f035]" started-at="2025-09-15T07:43:26 BST" name="runScenario" description="Runs Cucumber Scenarios" data-provider="scenarios" finished-at="2025-09-15T07:43:33 BST" duration-ms="6610" status="PASS">
          <params>
            <param index="0">
              <value>
                <![CDATA["Verify the Connect with us on the footer page"]]>
              </value>
            </param>
            <param index="1">
              <value>
                <![CDATA["Optional[Aldermore Homepage]"]]>
              </value>
            </param>
          </params>
          <reporter-output>
          </reporter-output>
        </test-method> <!-- runScenario -->
        <test-method signature="runScenario(io.cucumber.testng.PickleWrapper,io.cucumber.testng.FeatureWrapper)[pri:0, instance:runners.TestRunner@7674f035]" started-at="2025-09-15T07:43:33 BST" name="runScenario" description="Runs Cucumber Scenarios" data-provider="scenarios" finished-at="2025-09-15T07:43:38 BST" duration-ms="5133" status="PASS">
          <params>
            <param index="0">
              <value>
                <![CDATA["Verify the Connect with us on the footer page"]]>
              </value>
            </param>
            <param index="1">
              <value>
                <![CDATA["Optional[Aldermore Homepage]"]]>
              </value>
            </param>
          </params>
          <reporter-output>
          </reporter-output>
        </test-method> <!-- runScenario -->
        <test-method signature="runScenario(io.cucumber.testng.PickleWrapper,io.cucumber.testng.FeatureWrapper)[pri:0, instance:runners.TestRunner@7674f035]" started-at="2025-09-15T07:43:38 BST" name="runScenario" description="Runs Cucumber Scenarios" data-provider="scenarios" finished-at="2025-09-15T07:43:52 BST" duration-ms="13442" status="PASS">
          <params>
            <param index="0">
              <value>
                <![CDATA["Verify the footer logo"]]>
              </value>
            </param>
            <param index="1">
              <value>
                <![CDATA["Optional[Aldermore Homepage]"]]>
              </value>
            </param>
          </params>
          <reporter-output>
          </reporter-output>
        </test-method> <!-- runScenario -->
        <test-method signature="runScenario(io.cucumber.testng.PickleWrapper,io.cucumber.testng.FeatureWrapper)[pri:0, instance:runners.TestRunner@7674f035]" started-at="2025-09-15T07:43:52 BST" name="runScenario" description="Runs Cucumber Scenarios" data-provider="scenarios" finished-at="2025-09-15T07:43:55 BST" duration-ms="3016" status="PASS">
          <params>
            <param index="0">
              <value>
                <![CDATA["Verify the FSCS on the footer page"]]>
              </value>
            </param>
            <param index="1">
              <value>
                <![CDATA["Optional[Aldermore Homepage]"]]>
              </value>
            </param>
          </params>
          <reporter-output>
          </reporter-output>
        </test-method> <!-- runScenario -->
        <test-method signature="runScenario(io.cucumber.testng.PickleWrapper,io.cucumber.testng.FeatureWrapper)[pri:0, instance:runners.TestRunner@7674f035]" started-at="2025-09-15T07:43:55 BST" name="runScenario" description="Runs Cucumber Scenarios" data-provider="scenarios" finished-at="2025-09-15T07:43:58 BST" duration-ms="3252" status="FAIL">
          <params>
            <param index="0">
              <value>
                <![CDATA["Verify the Masthead Homepage contents"]]>
              </value>
            </param>
            <param index="1">
              <value>
                <![CDATA["Optional[Aldermore Homepage]"]]>
              </value>
            </param>
          </params>
          <exception class="org.openqa.selenium.InvalidSelectorException">
            <message>
              <![CDATA[invalid selector: Unable to locate an element with the xpath expression //*[contains(@class,'masthead')]//h1] because of the following error:
SyntaxError: Failed to execute 'evaluate' on 'Document': The string '//*[contains(@class,'masthead')]//h1]' is not a valid XPath expression.
  (Session info: chrome=118.0.5993.70)
For documentation on this error, please visit: https://www.selenium.dev/documentation/webdriver/troubleshooting/errors#invalid-selector-exception
Build info: version: '4.11.0', revision: '040bc5406b'
System info: os.name: 'Windows Server 2019', os.arch: 'amd64', os.version: '10.0', java.version: '17.0.1'
Driver info: org.openqa.selenium.chrome.ChromeDriver
Command: [386448b92cc9a6d8fe4724a15cae25d8, findElement {using=xpath, value=//*[contains(@class,'masthead')]//h1]}]
Capabilities {acceptInsecureCerts: false, browserName: chrome, browserVersion: 118.0.5993.70, chrome: {chromedriverVersion: 118.0.5993.70 (e52f33f30b91..., userDataDir: C:\Users\TRUPTI~1.GUM\AppDa...}, fedcm:accounts: true, goog:chromeOptions: {debuggerAddress: localhost:62324}, networkConnectionEnabled: false, pageLoadStrategy: normal, platformName: windows, proxy: Proxy(), se:cdp: ws://localhost:62324/devtoo..., se:cdpVersion: 118.0.5993.70, setWindowRect: true, strictFileInteractability: false, timeouts: {implicit: 0, pageLoad: 300000, script: 30000}, unhandledPromptBehavior: dismiss and notify, webauthn:extension:credBlob: true, webauthn:extension:largeBlob: true, webauthn:extension:minPinLength: true, webauthn:extension:prf: true, webauthn:virtualAuthenticators: true}
Session ID: 386448b92cc9a6d8fe4724a15cae25d8]]>
            </message>
            <full-stacktrace>
              <![CDATA[org.openqa.selenium.InvalidSelectorException: invalid selector: Unable to locate an element with the xpath expression //*[contains(@class,'masthead')]//h1] because of the following error:
SyntaxError: Failed to execute 'evaluate' on 'Document': The string '//*[contains(@class,'masthead')]//h1]' is not a valid XPath expression.
  (Session info: chrome=118.0.5993.70)
For documentation on this error, please visit: https://www.selenium.dev/documentation/webdriver/troubleshooting/errors#invalid-selector-exception
Build info: version: '4.11.0', revision: '040bc5406b'
System info: os.name: 'Windows Server 2019', os.arch: 'amd64', os.version: '10.0', java.version: '17.0.1'
Driver info: org.openqa.selenium.chrome.ChromeDriver
Command: [386448b92cc9a6d8fe4724a15cae25d8, findElement {using=xpath, value=//*[contains(@class,'masthead')]//h1]}]
Capabilities {acceptInsecureCerts: false, browserName: chrome, browserVersion: 118.0.5993.70, chrome: {chromedriverVersion: 118.0.5993.70 (e52f33f30b91..., userDataDir: C:\Users\TRUPTI~1.GUM\AppDa...}, fedcm:accounts: true, goog:chromeOptions: {debuggerAddress: localhost:62324}, networkConnectionEnabled: false, pageLoadStrategy: normal, platformName: windows, proxy: Proxy(), se:cdp: ws://localhost:62324/devtoo..., se:cdpVersion: 118.0.5993.70, setWindowRect: true, strictFileInteractability: false, timeouts: {implicit: 0, pageLoad: 300000, script: 30000}, unhandledPromptBehavior: dismiss and notify, webauthn:extension:credBlob: true, webauthn:extension:largeBlob: true, webauthn:extension:minPinLength: true, webauthn:extension:prf: true, webauthn:virtualAuthenticators: true}
Session ID: 386448b92cc9a6d8fe4724a15cae25d8
at java.base/jdk.internal.reflect.NativeConstructorAccessorImpl.newInstance0(Native Method)
at java.base/jdk.internal.reflect.NativeConstructorAccessorImpl.newInstance(NativeConstructorAccessorImpl.java:77)
at java.base/jdk.internal.reflect.DelegatingConstructorAccessorImpl.newInstance(DelegatingConstructorAccessorImpl.java:45)
at java.base/java.lang.reflect.Constructor.newInstanceWithCaller(Constructor.java:499)
at java.base/java.lang.reflect.Constructor.newInstance(Constructor.java:480)
at org.openqa.selenium.remote.codec.w3c.W3CHttpResponseCodec.createException(W3CHttpResponseCodec.java:200)
at org.openqa.selenium.remote.codec.w3c.W3CHttpResponseCodec.decode(W3CHttpResponseCodec.java:133)
at org.openqa.selenium.remote.codec.w3c.W3CHttpResponseCodec.decode(W3CHttpResponseCodec.java:52)
at org.openqa.selenium.remote.HttpCommandExecutor.execute(HttpCommandExecutor.java:191)
at org.openqa.selenium.remote.service.DriverCommandExecutor.invokeExecute(DriverCommandExecutor.java:196)
at org.openqa.selenium.remote.service.DriverCommandExecutor.execute(DriverCommandExecutor.java:171)
at org.openqa.selenium.remote.RemoteWebDriver.execute(RemoteWebDriver.java:518)
at org.openqa.selenium.remote.ElementLocation$ElementFinder$2.findElement(ElementLocation.java:165)
at org.openqa.selenium.remote.ElementLocation.findElement(ElementLocation.java:59)
at org.openqa.selenium.remote.RemoteWebDriver.findElement(RemoteWebDriver.java:355)
at org.openqa.selenium.remote.RemoteWebDriver.findElement(RemoteWebDriver.java:349)
at org.openqa.selenium.support.pagefactory.DefaultElementLocator.findElement(DefaultElementLocator.java:68)
at org.openqa.selenium.support.pagefactory.internal.LocatingElementHandler.invoke(LocatingElementHandler.java:38)
at jdk.proxy2/jdk.proxy2.$Proxy29.getText(Unknown Source)
at pages.actions.AldermorePageActions.getmastheadHomepageHeaderText(AldermorePageActions.java:73)
at steps.AldermorePageSteps.i_should_see_the_as_header_for_the_masthead_homepage(AldermorePageSteps.java:46)
at ✽.I should see the "Backing you to achieve more" as header for the Masthead homepage(file:///C:/Users/Trupti.Gumar/git/Web_Automation_Framework-/Website_Completed(Sep)2/src/test/resources/HomePage_FeatureFiles/AldermoreHomepage.feature:11)
]]>
            </full-stacktrace>
          </exception> <!-- org.openqa.selenium.InvalidSelectorException -->
          <reporter-output>
          </reporter-output>
        </test-method> <!-- runScenario -->
        <test-method signature="runScenario(io.cucumber.testng.PickleWrapper,io.cucumber.testng.FeatureWrapper)[pri:0, instance:runners.TestRunner@7674f035]" started-at="2025-09-15T07:43:58 BST" name="runScenario" description="Runs Cucumber Scenarios" data-provider="scenarios" finished-at="2025-09-15T07:44:00 BST" duration-ms="1624" status="PASS">
          <params>
            <param index="0">
              <value>
                <![CDATA["Verify the unique selling points contents"]]>
              </value>
            </param>
            <param index="1">
              <value>
                <![CDATA["Optional[Aldermore Homepage]"]]>
              </value>
            </param>
          </params>
          <reporter-output>
          </reporter-output>
        </test-method> <!-- runScenario -->
        <test-method signature="runScenario(io.cucumber.testng.PickleWrapper,io.cucumber.testng.FeatureWrapper)[pri:0, instance:runners.TestRunner@7674f035]" started-at="2025-09-15T07:44:00 BST" name="runScenario" description="Runs Cucumber Scenarios" data-provider="scenarios" finished-at="2025-09-15T07:44:01 BST" duration-ms="1818" status="PASS">
          <params>
            <param index="0">
              <value>
                <![CDATA["Verify the unique selling points contents"]]>
              </value>
            </param>
            <param index="1">
              <value>
                <![CDATA["Optional[Aldermore Homepage]"]]>
              </value>
            </param>
          </params>
          <reporter-output>
          </reporter-output>
        </test-method> <!-- runScenario -->
        <test-method signature="runScenario(io.cucumber.testng.PickleWrapper,io.cucumber.testng.FeatureWrapper)[pri:0, instance:runners.TestRunner@7674f035]" started-at="2025-09-15T07:44:01 BST" name="runScenario" description="Runs Cucumber Scenarios" data-provider="scenarios" finished-at="2025-09-15T07:44:03 BST" duration-ms="1857" status="PASS">
          <params>
            <param index="0">
              <value>
                <![CDATA["Verify the unique selling points contents"]]>
              </value>
            </param>
            <param index="1">
              <value>
                <![CDATA["Optional[Aldermore Homepage]"]]>
              </value>
            </param>
          </params>
          <reporter-output>
          </reporter-output>
        </test-method> <!-- runScenario -->
        <test-method signature="runScenario(io.cucumber.testng.PickleWrapper,io.cucumber.testng.FeatureWrapper)[pri:0, instance:runners.TestRunner@7674f035]" started-at="2025-09-15T07:44:03 BST" name="runScenario" description="Runs Cucumber Scenarios" data-provider="scenarios" finished-at="2025-09-15T07:44:05 BST" duration-ms="1794" status="PASS">
          <params>
            <param index="0">
              <value>
                <![CDATA["Verify the unique selling points contents"]]>
              </value>
            </param>
            <param index="1">
              <value>
                <![CDATA["Optional[Aldermore Homepage]"]]>
              </value>
            </param>
          </params>
          <reporter-output>
          </reporter-output>
        </test-method> <!-- runScenario -->
        <test-method signature="runScenario(io.cucumber.testng.PickleWrapper,io.cucumber.testng.FeatureWrapper)[pri:0, instance:runners.TestRunner@7674f035]" started-at="2025-09-15T07:44:05 BST" name="runScenario" description="Runs Cucumber Scenarios" data-provider="scenarios" finished-at="2025-09-15T07:44:14 BST" duration-ms="9101" status="FAIL">
          <params>
            <param index="0">
              <value>
                <![CDATA["Verify Savings Block Header and button"]]>
              </value>
            </param>
            <param index="1">
              <value>
                <![CDATA["Optional[Aldermore Homepage]"]]>
              </value>
            </param>
          </params>
          <exception class="org.openqa.selenium.ElementClickInterceptedException">
            <message>
              <![CDATA[element click intercepted: Element <a class="ald-cta ald-cta-secondary-light ald-focus__button" href="/savings-accounts/">...</a> is not clickable at point (157, 494). Other element would receive the click: <div class="onetrust-pc-dark-filter ot-fade-in" style="display: block;z-index: 2147483645;"></div>
  (Session info: chrome=118.0.5993.70)
Build info: version: '4.11.0', revision: '040bc5406b'
System info: os.name: 'Windows Server 2019', os.arch: 'amd64', os.version: '10.0', java.version: '17.0.1'
Driver info: org.openqa.selenium.chrome.ChromeDriver
Command: [386448b92cc9a6d8fe4724a15cae25d8, clickElement {id=3CFCE34A967800EF3C70998C90CE73EC_element_98}]
Capabilities {acceptInsecureCerts: false, browserName: chrome, browserVersion: 118.0.5993.70, chrome: {chromedriverVersion: 118.0.5993.70 (e52f33f30b91..., userDataDir: C:\Users\TRUPTI~1.GUM\AppDa...}, fedcm:accounts: true, goog:chromeOptions: {debuggerAddress: localhost:62324}, networkConnectionEnabled: false, pageLoadStrategy: normal, platformName: windows, proxy: Proxy(), se:cdp: ws://localhost:62324/devtoo..., se:cdpVersion: 118.0.5993.70, setWindowRect: true, strictFileInteractability: false, timeouts: {implicit: 0, pageLoad: 300000, script: 30000}, unhandledPromptBehavior: dismiss and notify, webauthn:extension:credBlob: true, webauthn:extension:largeBlob: true, webauthn:extension:minPinLength: true, webauthn:extension:prf: true, webauthn:virtualAuthenticators: true}
Element: [[ChromeDriver: chrome on windows (386448b92cc9a6d8fe4724a15cae25d8)] -> xpath: //a[normalize-space()='Savings']]
Session ID: 386448b92cc9a6d8fe4724a15cae25d8]]>
            </message>
            <full-stacktrace>
              <![CDATA[org.openqa.selenium.ElementClickInterceptedException: element click intercepted: Element <a class="ald-cta ald-cta-secondary-light ald-focus__button" href="/savings-accounts/">...</a> is not clickable at point (157, 494). Other element would receive the click: <div class="onetrust-pc-dark-filter ot-fade-in" style="display: block;z-index: 2147483645;"></div>
  (Session info: chrome=118.0.5993.70)
Build info: version: '4.11.0', revision: '040bc5406b'
System info: os.name: 'Windows Server 2019', os.arch: 'amd64', os.version: '10.0', java.version: '17.0.1'
Driver info: org.openqa.selenium.chrome.ChromeDriver
Command: [386448b92cc9a6d8fe4724a15cae25d8, clickElement {id=3CFCE34A967800EF3C70998C90CE73EC_element_98}]
Capabilities {acceptInsecureCerts: false, browserName: chrome, browserVersion: 118.0.5993.70, chrome: {chromedriverVersion: 118.0.5993.70 (e52f33f30b91..., userDataDir: C:\Users\TRUPTI~1.GUM\AppDa...}, fedcm:accounts: true, goog:chromeOptions: {debuggerAddress: localhost:62324}, networkConnectionEnabled: false, pageLoadStrategy: normal, platformName: windows, proxy: Proxy(), se:cdp: ws://localhost:62324/devtoo..., se:cdpVersion: 118.0.5993.70, setWindowRect: true, strictFileInteractability: false, timeouts: {implicit: 0, pageLoad: 300000, script: 30000}, unhandledPromptBehavior: dismiss and notify, webauthn:extension:credBlob: true, webauthn:extension:largeBlob: true, webauthn:extension:minPinLength: true, webauthn:extension:prf: true, webauthn:virtualAuthenticators: true}
Element: [[ChromeDriver: chrome on windows (386448b92cc9a6d8fe4724a15cae25d8)] -> xpath: //a[normalize-space()='Savings']]
Session ID: 386448b92cc9a6d8fe4724a15cae25d8
at jdk.internal.reflect.GeneratedConstructorAccessor26.newInstance(Unknown Source)
at java.base/jdk.internal.reflect.DelegatingConstructorAccessorImpl.newInstance(DelegatingConstructorAccessorImpl.java:45)
at java.base/java.lang.reflect.Constructor.newInstanceWithCaller(Constructor.java:499)
at java.base/java.lang.reflect.Constructor.newInstance(Constructor.java:480)
at org.openqa.selenium.remote.codec.w3c.W3CHttpResponseCodec.createException(W3CHttpResponseCodec.java:200)
at org.openqa.selenium.remote.codec.w3c.W3CHttpResponseCodec.decode(W3CHttpResponseCodec.java:133)
at org.openqa.selenium.remote.codec.w3c.W3CHttpResponseCodec.decode(W3CHttpResponseCodec.java:52)
at org.openqa.selenium.remote.HttpCommandExecutor.execute(HttpCommandExecutor.java:191)
at org.openqa.selenium.remote.service.DriverCommandExecutor.invokeExecute(DriverCommandExecutor.java:196)
at org.openqa.selenium.remote.service.DriverCommandExecutor.execute(DriverCommandExecutor.java:171)
at org.openqa.selenium.remote.RemoteWebDriver.execute(RemoteWebDriver.java:518)
at org.openqa.selenium.remote.RemoteWebElement.execute(RemoteWebElement.java:224)
at org.openqa.selenium.remote.RemoteWebElement.click(RemoteWebElement.java:77)
at jdk.internal.reflect.GeneratedMethodAccessor109.invoke(Unknown Source)
at java.base/jdk.internal.reflect.DelegatingMethodAccessorImpl.invoke(DelegatingMethodAccessorImpl.java:43)
at java.base/java.lang.reflect.Method.invoke(Method.java:568)
at org.openqa.selenium.support.pagefactory.internal.LocatingElementHandler.invoke(LocatingElementHandler.java:51)
at jdk.proxy2/jdk.proxy2.$Proxy29.click(Unknown Source)
at pages.actions.AldermorePageActions.clickOnSavingsBlockButton(AldermorePageActions.java:148)
at steps.AldermorePageSteps.i_click_on_the_savings_button(AldermorePageSteps.java:159)
at ✽.I click on the Savings button(file:///C:/Users/Trupti.Gumar/git/Web_Automation_Framework-/Website_Completed(Sep)2/src/test/resources/HomePage_FeatureFiles/AldermoreHomepage.feature:43)
]]>
            </full-stacktrace>
          </exception> <!-- org.openqa.selenium.ElementClickInterceptedException -->
          <reporter-output>
          </reporter-output>
        </test-method> <!-- runScenario -->
        <test-method signature="runScenario(io.cucumber.testng.PickleWrapper,io.cucumber.testng.FeatureWrapper)[pri:0, instance:runners.TestRunner@7674f035]" started-at="2025-09-15T07:44:14 BST" name="runScenario" description="Runs Cucumber Scenarios" data-provider="scenarios" finished-at="2025-09-15T07:44:23 BST" duration-ms="8893" status="FAIL">
          <params>
            <param index="0">
              <value>
                <![CDATA["Verify Mortgages Block Header and button"]]>
              </value>
            </param>
            <param index="1">
              <value>
                <![CDATA["Optional[Aldermore Homepage]"]]>
              </value>
            </param>
          </params>
          <exception class="org.openqa.selenium.ElementClickInterceptedException">
            <message>
              <![CDATA[element click intercepted: Element <a class="ald-cta ald-cta-primary ald-focus__button" href="/mortgages/">...</a> is not clickable at point (764, 496). Other element would receive the click: <div class="onetrust-pc-dark-filter ot-fade-in" style="display: block;z-index: 2147483645;"></div>
  (Session info: chrome=118.0.5993.70)
Build info: version: '4.11.0', revision: '040bc5406b'
System info: os.name: 'Windows Server 2019', os.arch: 'amd64', os.version: '10.0', java.version: '17.0.1'
Driver info: org.openqa.selenium.chrome.ChromeDriver
Command: [386448b92cc9a6d8fe4724a15cae25d8, clickElement {id=2FB5EA7146EAD60E9A13619A8B530C24_element_112}]
Capabilities {acceptInsecureCerts: false, browserName: chrome, browserVersion: 118.0.5993.70, chrome: {chromedriverVersion: 118.0.5993.70 (e52f33f30b91..., userDataDir: C:\Users\TRUPTI~1.GUM\AppDa...}, fedcm:accounts: true, goog:chromeOptions: {debuggerAddress: localhost:62324}, networkConnectionEnabled: false, pageLoadStrategy: normal, platformName: windows, proxy: Proxy(), se:cdp: ws://localhost:62324/devtoo..., se:cdpVersion: 118.0.5993.70, setWindowRect: true, strictFileInteractability: false, timeouts: {implicit: 0, pageLoad: 300000, script: 30000}, unhandledPromptBehavior: dismiss and notify, webauthn:extension:credBlob: true, webauthn:extension:largeBlob: true, webauthn:extension:minPinLength: true, webauthn:extension:prf: true, webauthn:virtualAuthenticators: true}
Element: [[ChromeDriver: chrome on windows (386448b92cc9a6d8fe4724a15cae25d8)] -> xpath: //a[@class='ald-cta ald-cta-primary ald-focus__button']]
Session ID: 386448b92cc9a6d8fe4724a15cae25d8]]>
            </message>
            <full-stacktrace>
              <![CDATA[org.openqa.selenium.ElementClickInterceptedException: element click intercepted: Element <a class="ald-cta ald-cta-primary ald-focus__button" href="/mortgages/">...</a> is not clickable at point (764, 496). Other element would receive the click: <div class="onetrust-pc-dark-filter ot-fade-in" style="display: block;z-index: 2147483645;"></div>
  (Session info: chrome=118.0.5993.70)
Build info: version: '4.11.0', revision: '040bc5406b'
System info: os.name: 'Windows Server 2019', os.arch: 'amd64', os.version: '10.0', java.version: '17.0.1'
Driver info: org.openqa.selenium.chrome.ChromeDriver
Command: [386448b92cc9a6d8fe4724a15cae25d8, clickElement {id=2FB5EA7146EAD60E9A13619A8B530C24_element_112}]
Capabilities {acceptInsecureCerts: false, browserName: chrome, browserVersion: 118.0.5993.70, chrome: {chromedriverVersion: 118.0.5993.70 (e52f33f30b91..., userDataDir: C:\Users\TRUPTI~1.GUM\AppDa...}, fedcm:accounts: true, goog:chromeOptions: {debuggerAddress: localhost:62324}, networkConnectionEnabled: false, pageLoadStrategy: normal, platformName: windows, proxy: Proxy(), se:cdp: ws://localhost:62324/devtoo..., se:cdpVersion: 118.0.5993.70, setWindowRect: true, strictFileInteractability: false, timeouts: {implicit: 0, pageLoad: 300000, script: 30000}, unhandledPromptBehavior: dismiss and notify, webauthn:extension:credBlob: true, webauthn:extension:largeBlob: true, webauthn:extension:minPinLength: true, webauthn:extension:prf: true, webauthn:virtualAuthenticators: true}
Element: [[ChromeDriver: chrome on windows (386448b92cc9a6d8fe4724a15cae25d8)] -> xpath: //a[@class='ald-cta ald-cta-primary ald-focus__button']]
Session ID: 386448b92cc9a6d8fe4724a15cae25d8
at jdk.internal.reflect.GeneratedConstructorAccessor26.newInstance(Unknown Source)
at java.base/jdk.internal.reflect.DelegatingConstructorAccessorImpl.newInstance(DelegatingConstructorAccessorImpl.java:45)
at java.base/java.lang.reflect.Constructor.newInstanceWithCaller(Constructor.java:499)
at java.base/java.lang.reflect.Constructor.newInstance(Constructor.java:480)
at org.openqa.selenium.remote.codec.w3c.W3CHttpResponseCodec.createException(W3CHttpResponseCodec.java:200)
at org.openqa.selenium.remote.codec.w3c.W3CHttpResponseCodec.decode(W3CHttpResponseCodec.java:133)
at org.openqa.selenium.remote.codec.w3c.W3CHttpResponseCodec.decode(W3CHttpResponseCodec.java:52)
at org.openqa.selenium.remote.HttpCommandExecutor.execute(HttpCommandExecutor.java:191)
at org.openqa.selenium.remote.service.DriverCommandExecutor.invokeExecute(DriverCommandExecutor.java:196)
at org.openqa.selenium.remote.service.DriverCommandExecutor.execute(DriverCommandExecutor.java:171)
at org.openqa.selenium.remote.RemoteWebDriver.execute(RemoteWebDriver.java:518)
at org.openqa.selenium.remote.RemoteWebElement.execute(RemoteWebElement.java:224)
at org.openqa.selenium.remote.RemoteWebElement.click(RemoteWebElement.java:77)
at jdk.internal.reflect.GeneratedMethodAccessor109.invoke(Unknown Source)
at java.base/jdk.internal.reflect.DelegatingMethodAccessorImpl.invoke(DelegatingMethodAccessorImpl.java:43)
at java.base/java.lang.reflect.Method.invoke(Method.java:568)
at org.openqa.selenium.support.pagefactory.internal.LocatingElementHandler.invoke(LocatingElementHandler.java:51)
at jdk.proxy2/jdk.proxy2.$Proxy29.click(Unknown Source)
at pages.actions.AldermorePageActions.clickOnMortgagesBlockButton(AldermorePageActions.java:169)
at steps.AldermorePageSteps.i_click_on_the_mortgages_button(AldermorePageSteps.java:195)
at ✽.I click on the Mortgages button(file:///C:/Users/Trupti.Gumar/git/Web_Automation_Framework-/Website_Completed(Sep)2/src/test/resources/HomePage_FeatureFiles/AldermoreHomepage.feature:55)
]]>
            </full-stacktrace>
          </exception> <!-- org.openqa.selenium.ElementClickInterceptedException -->
          <reporter-output>
          </reporter-output>
        </test-method> <!-- runScenario -->
        <test-method signature="runScenario(io.cucumber.testng.PickleWrapper,io.cucumber.testng.FeatureWrapper)[pri:0, instance:runners.TestRunner@7674f035]" started-at="2025-09-15T07:44:23 BST" name="runScenario" description="Runs Cucumber Scenarios" data-provider="scenarios" finished-at="2025-09-15T07:44:32 BST" duration-ms="8977" status="FAIL">
          <params>
            <param index="0">
              <value>
                <![CDATA["Verify Business finance Header and button"]]>
              </value>
            </param>
            <param index="1">
              <value>
                <![CDATA["Optional[Aldermore Homepage]"]]>
              </value>
            </param>
          </params>
          <exception class="org.openqa.selenium.ElementClickInterceptedException">
            <message>
              <![CDATA[element click intercepted: Element <a class="ald-cta ald-cta-secondary-light ald-focus__button" href="/business-finance/">...</a> is not clickable at point (195, 494). Other element would receive the click: <div class="onetrust-pc-dark-filter ot-fade-in" style="display: block;z-index: 2147483645;"></div>
  (Session info: chrome=118.0.5993.70)
Build info: version: '4.11.0', revision: '040bc5406b'
System info: os.name: 'Windows Server 2019', os.arch: 'amd64', os.version: '10.0', java.version: '17.0.1'
Driver info: org.openqa.selenium.chrome.ChromeDriver
Command: [386448b92cc9a6d8fe4724a15cae25d8, clickElement {id=56D466D1DF3649CE9BFB46A31260A58B_element_126}]
Capabilities {acceptInsecureCerts: false, browserName: chrome, browserVersion: 118.0.5993.70, chrome: {chromedriverVersion: 118.0.5993.70 (e52f33f30b91..., userDataDir: C:\Users\TRUPTI~1.GUM\AppDa...}, fedcm:accounts: true, goog:chromeOptions: {debuggerAddress: localhost:62324}, networkConnectionEnabled: false, pageLoadStrategy: normal, platformName: windows, proxy: Proxy(), se:cdp: ws://localhost:62324/devtoo..., se:cdpVersion: 118.0.5993.70, setWindowRect: true, strictFileInteractability: false, timeouts: {implicit: 0, pageLoad: 300000, script: 30000}, unhandledPromptBehavior: dismiss and notify, webauthn:extension:credBlob: true, webauthn:extension:largeBlob: true, webauthn:extension:minPinLength: true, webauthn:extension:prf: true, webauthn:virtualAuthenticators: true}
Element: [[ChromeDriver: chrome on windows (386448b92cc9a6d8fe4724a15cae25d8)] -> xpath: //a[@class='ald-cta ald-cta-secondary-light ald-focus__button'][normalize-space()='Business finance']]
Session ID: 386448b92cc9a6d8fe4724a15cae25d8]]>
            </message>
            <full-stacktrace>
              <![CDATA[org.openqa.selenium.ElementClickInterceptedException: element click intercepted: Element <a class="ald-cta ald-cta-secondary-light ald-focus__button" href="/business-finance/">...</a> is not clickable at point (195, 494). Other element would receive the click: <div class="onetrust-pc-dark-filter ot-fade-in" style="display: block;z-index: 2147483645;"></div>
  (Session info: chrome=118.0.5993.70)
Build info: version: '4.11.0', revision: '040bc5406b'
System info: os.name: 'Windows Server 2019', os.arch: 'amd64', os.version: '10.0', java.version: '17.0.1'
Driver info: org.openqa.selenium.chrome.ChromeDriver
Command: [386448b92cc9a6d8fe4724a15cae25d8, clickElement {id=56D466D1DF3649CE9BFB46A31260A58B_element_126}]
Capabilities {acceptInsecureCerts: false, browserName: chrome, browserVersion: 118.0.5993.70, chrome: {chromedriverVersion: 118.0.5993.70 (e52f33f30b91..., userDataDir: C:\Users\TRUPTI~1.GUM\AppDa...}, fedcm:accounts: true, goog:chromeOptions: {debuggerAddress: localhost:62324}, networkConnectionEnabled: false, pageLoadStrategy: normal, platformName: windows, proxy: Proxy(), se:cdp: ws://localhost:62324/devtoo..., se:cdpVersion: 118.0.5993.70, setWindowRect: true, strictFileInteractability: false, timeouts: {implicit: 0, pageLoad: 300000, script: 30000}, unhandledPromptBehavior: dismiss and notify, webauthn:extension:credBlob: true, webauthn:extension:largeBlob: true, webauthn:extension:minPinLength: true, webauthn:extension:prf: true, webauthn:virtualAuthenticators: true}
Element: [[ChromeDriver: chrome on windows (386448b92cc9a6d8fe4724a15cae25d8)] -> xpath: //a[@class='ald-cta ald-cta-secondary-light ald-focus__button'][normalize-space()='Business finance']]
Session ID: 386448b92cc9a6d8fe4724a15cae25d8
at jdk.internal.reflect.GeneratedConstructorAccessor26.newInstance(Unknown Source)
at java.base/jdk.internal.reflect.DelegatingConstructorAccessorImpl.newInstance(DelegatingConstructorAccessorImpl.java:45)
at java.base/java.lang.reflect.Constructor.newInstanceWithCaller(Constructor.java:499)
at java.base/java.lang.reflect.Constructor.newInstance(Constructor.java:480)
at org.openqa.selenium.remote.codec.w3c.W3CHttpResponseCodec.createException(W3CHttpResponseCodec.java:200)
at org.openqa.selenium.remote.codec.w3c.W3CHttpResponseCodec.decode(W3CHttpResponseCodec.java:133)
at org.openqa.selenium.remote.codec.w3c.W3CHttpResponseCodec.decode(W3CHttpResponseCodec.java:52)
at org.openqa.selenium.remote.HttpCommandExecutor.execute(HttpCommandExecutor.java:191)
at org.openqa.selenium.remote.service.DriverCommandExecutor.invokeExecute(DriverCommandExecutor.java:196)
at org.openqa.selenium.remote.service.DriverCommandExecutor.execute(DriverCommandExecutor.java:171)
at org.openqa.selenium.remote.RemoteWebDriver.execute(RemoteWebDriver.java:518)
at org.openqa.selenium.remote.RemoteWebElement.execute(RemoteWebElement.java:224)
at org.openqa.selenium.remote.RemoteWebElement.click(RemoteWebElement.java:77)
at jdk.internal.reflect.GeneratedMethodAccessor109.invoke(Unknown Source)
at java.base/jdk.internal.reflect.DelegatingMethodAccessorImpl.invoke(DelegatingMethodAccessorImpl.java:43)
at java.base/java.lang.reflect.Method.invoke(Method.java:568)
at org.openqa.selenium.support.pagefactory.internal.LocatingElementHandler.invoke(LocatingElementHandler.java:51)
at jdk.proxy2/jdk.proxy2.$Proxy29.click(Unknown Source)
at pages.actions.AldermorePageActions.clickOnBusinessFinanceButton(AldermorePageActions.java:191)
at steps.AldermorePageSteps.i_click_on_the_business_finance_button(AldermorePageSteps.java:232)
at ✽.I click on the Business finance button(file:///C:/Users/Trupti.Gumar/git/Web_Automation_Framework-/Website_Completed(Sep)2/src/test/resources/HomePage_FeatureFiles/AldermoreHomepage.feature:67)
]]>
            </full-stacktrace>
          </exception> <!-- org.openqa.selenium.ElementClickInterceptedException -->
          <reporter-output>
          </reporter-output>
        </test-method> <!-- runScenario -->
        <test-method signature="runScenario(io.cucumber.testng.PickleWrapper,io.cucumber.testng.FeatureWrapper)[pri:0, instance:runners.TestRunner@7674f035]" started-at="2025-09-15T07:44:32 BST" name="runScenario" description="Runs Cucumber Scenarios" data-provider="scenarios" finished-at="2025-09-15T07:44:41 BST" duration-ms="8831" status="FAIL">
          <params>
            <param index="0">
              <value>
                <![CDATA["Verify Intermediaries Banner  Header and link"]]>
              </value>
            </param>
            <param index="1">
              <value>
                <![CDATA["Optional[Aldermore Homepage]"]]>
              </value>
            </param>
          </params>
          <exception class="org.openqa.selenium.ElementClickInterceptedException">
            <message>
              <![CDATA[element click intercepted: Element <a class="ald_cta_textlink ald_cta_textlink_white int-banner-textlink ald-focus__button" href="/intermediaries/">...</a> is not clickable at point (925, 510). Other element would receive the click: <div class="onetrust-pc-dark-filter ot-fade-in" style="display: block;z-index: 2147483645;"></div>
  (Session info: chrome=118.0.5993.70)
Build info: version: '4.11.0', revision: '040bc5406b'
System info: os.name: 'Windows Server 2019', os.arch: 'amd64', os.version: '10.0', java.version: '17.0.1'
Driver info: org.openqa.selenium.chrome.ChromeDriver
Command: [386448b92cc9a6d8fe4724a15cae25d8, clickElement {id=B00DA6533F0099082245485605D81A90_element_142}]
Capabilities {acceptInsecureCerts: false, browserName: chrome, browserVersion: 118.0.5993.70, chrome: {chromedriverVersion: 118.0.5993.70 (e52f33f30b91..., userDataDir: C:\Users\TRUPTI~1.GUM\AppDa...}, fedcm:accounts: true, goog:chromeOptions: {debuggerAddress: localhost:62324}, networkConnectionEnabled: false, pageLoadStrategy: normal, platformName: windows, proxy: Proxy(), se:cdp: ws://localhost:62324/devtoo..., se:cdpVersion: 118.0.5993.70, setWindowRect: true, strictFileInteractability: false, timeouts: {implicit: 0, pageLoad: 300000, script: 30000}, unhandledPromptBehavior: dismiss and notify, webauthn:extension:credBlob: true, webauthn:extension:largeBlob: true, webauthn:extension:minPinLength: true, webauthn:extension:prf: true, webauthn:virtualAuthenticators: true}
Element: [[ChromeDriver: chrome on windows (386448b92cc9a6d8fe4724a15cae25d8)] -> xpath: //a[normalize-space()='Find out more']]
Session ID: 386448b92cc9a6d8fe4724a15cae25d8]]>
            </message>
            <full-stacktrace>
              <![CDATA[org.openqa.selenium.ElementClickInterceptedException: element click intercepted: Element <a class="ald_cta_textlink ald_cta_textlink_white int-banner-textlink ald-focus__button" href="/intermediaries/">...</a> is not clickable at point (925, 510). Other element would receive the click: <div class="onetrust-pc-dark-filter ot-fade-in" style="display: block;z-index: 2147483645;"></div>
  (Session info: chrome=118.0.5993.70)
Build info: version: '4.11.0', revision: '040bc5406b'
System info: os.name: 'Windows Server 2019', os.arch: 'amd64', os.version: '10.0', java.version: '17.0.1'
Driver info: org.openqa.selenium.chrome.ChromeDriver
Command: [386448b92cc9a6d8fe4724a15cae25d8, clickElement {id=B00DA6533F0099082245485605D81A90_element_142}]
Capabilities {acceptInsecureCerts: false, browserName: chrome, browserVersion: 118.0.5993.70, chrome: {chromedriverVersion: 118.0.5993.70 (e52f33f30b91..., userDataDir: C:\Users\TRUPTI~1.GUM\AppDa...}, fedcm:accounts: true, goog:chromeOptions: {debuggerAddress: localhost:62324}, networkConnectionEnabled: false, pageLoadStrategy: normal, platformName: windows, proxy: Proxy(), se:cdp: ws://localhost:62324/devtoo..., se:cdpVersion: 118.0.5993.70, setWindowRect: true, strictFileInteractability: false, timeouts: {implicit: 0, pageLoad: 300000, script: 30000}, unhandledPromptBehavior: dismiss and notify, webauthn:extension:credBlob: true, webauthn:extension:largeBlob: true, webauthn:extension:minPinLength: true, webauthn:extension:prf: true, webauthn:virtualAuthenticators: true}
Element: [[ChromeDriver: chrome on windows (386448b92cc9a6d8fe4724a15cae25d8)] -> xpath: //a[normalize-space()='Find out more']]
Session ID: 386448b92cc9a6d8fe4724a15cae25d8
at jdk.internal.reflect.GeneratedConstructorAccessor26.newInstance(Unknown Source)
at java.base/jdk.internal.reflect.DelegatingConstructorAccessorImpl.newInstance(DelegatingConstructorAccessorImpl.java:45)
at java.base/java.lang.reflect.Constructor.newInstanceWithCaller(Constructor.java:499)
at java.base/java.lang.reflect.Constructor.newInstance(Constructor.java:480)
at org.openqa.selenium.remote.codec.w3c.W3CHttpResponseCodec.createException(W3CHttpResponseCodec.java:200)
at org.openqa.selenium.remote.codec.w3c.W3CHttpResponseCodec.decode(W3CHttpResponseCodec.java:133)
at org.openqa.selenium.remote.codec.w3c.W3CHttpResponseCodec.decode(W3CHttpResponseCodec.java:52)
at org.openqa.selenium.remote.HttpCommandExecutor.execute(HttpCommandExecutor.java:191)
at org.openqa.selenium.remote.service.DriverCommandExecutor.invokeExecute(DriverCommandExecutor.java:196)
at org.openqa.selenium.remote.service.DriverCommandExecutor.execute(DriverCommandExecutor.java:171)
at org.openqa.selenium.remote.RemoteWebDriver.execute(RemoteWebDriver.java:518)
at org.openqa.selenium.remote.RemoteWebElement.execute(RemoteWebElement.java:224)
at org.openqa.selenium.remote.RemoteWebElement.click(RemoteWebElement.java:77)
at jdk.internal.reflect.GeneratedMethodAccessor109.invoke(Unknown Source)
at java.base/jdk.internal.reflect.DelegatingMethodAccessorImpl.invoke(DelegatingMethodAccessorImpl.java:43)
at java.base/java.lang.reflect.Method.invoke(Method.java:568)
at org.openqa.selenium.support.pagefactory.internal.LocatingElementHandler.invoke(LocatingElementHandler.java:51)
at jdk.proxy2/jdk.proxy2.$Proxy29.click(Unknown Source)
at pages.actions.AldermorePageActions.clickOnIntermediariesBanner(AldermorePageActions.java:211)
at steps.AldermorePageSteps.i_click_on_the_find_out_more_link(AldermorePageSteps.java:270)
at ✽.I click on the Find out more link(file:///C:/Users/Trupti.Gumar/git/Web_Automation_Framework-/Website_Completed(Sep)2/src/test/resources/HomePage_FeatureFiles/AldermoreHomepage.feature:79)
]]>
            </full-stacktrace>
          </exception> <!-- org.openqa.selenium.ElementClickInterceptedException -->
          <reporter-output>
          </reporter-output>
        </test-method> <!-- runScenario -->
        <test-method is-config="true" signature="tearDown()[pri:0, instance:runners.TestRunner@7674f035]" started-at="2025-09-15T07:44:41 BST" name="tearDown" finished-at="2025-09-15T07:44:42 BST" duration-ms="732" status="PASS">
          <reporter-output>
          </reporter-output>
        </test-method> <!-- tearDown -->
        <test-method is-config="true" signature="tearDownClass()[pri:0, instance:runners.TestRunner@7674f035]" started-at="2025-09-15T07:44:42 BST" name="tearDownClass" finished-at="2025-09-15T07:44:42 BST" duration-ms="677" status="PASS">
          <reporter-output>
          </reporter-output>
        </test-method> <!-- tearDownClass -->
      </class> <!-- runners.TestRunner -->
    </test> <!-- Default test -->
  </suite> <!-- Default suite -->
</testng-results>
