<?xml version="1.0" encoding="UTF-8" standalone="no"?>
<testsuite errors="0" failures="6" name="io.cucumber.core.plugin.JUnitFormatter" skipped="0" tests="35" time="383.061">
    <testcase classname="Aldermore Homepage" name="Verify the Accounts and products Options Menu Pages" time="33.175">
        <failure message="Web Element is not clicked in a given time" type="java.lang.AssertionError"><![CDATA[Given I see Aldermore page..................................................failed
And I will click to the "Personal savings" and verify the pagetile..........skipped

StackTrace:
java.lang.AssertionError: Web Element is not clicked in a given time
	at org.testng.Assert.fail(Assert.java:99)
	at utils.SeleniumDriver.waitForElementClickable(SeleniumDriver.java:208)
	at HomePage_Steps.AldermoreHomePageFooterPageSteps.i_see_aldermore_homepage(AldermoreHomePageFooterPageSteps.java:18)
	at ✽.I see Aldermore page(file:///C:/Users/Trupti.Gumar/git/Web_Automation_Framework-/Website_Completed(Sep)2/src/test/resources/HomePage_FeatureFiles/AldermoreHomePageFooter.feature:7)
]]></failure>
    </testcase>
    <testcase classname="Aldermore Homepage" name="Verify the Accounts and products Options Menu Pages 2" time="14.305">
        <system-out><![CDATA[Given I see Aldermore page..................................................passed
And I will click to the "Business savings" and verify the pagetile..........passed
]]></system-out>
    </testcase>
    <testcase classname="Aldermore Homepage" name="Verify the Accounts and products Options Menu Pages 3" time="14.093">
        <system-out><![CDATA[Given I see Aldermore page..................................................passed
And I will click to the "Mortgages" and verify the pagetile.................passed
]]></system-out>
    </testcase>
    <testcase classname="Aldermore Homepage" name="Verify the Accounts and products Options Menu Pages 4" time="13.911">
        <system-out><![CDATA[Given I see Aldermore page..................................................passed
And I will click to the "Business finance" and verify the pagetile..........passed
]]></system-out>
    </testcase>
    <testcase classname="Aldermore Homepage" name="Verify the Accounts and products Options Menu Pages 5" time="13.864">
        <system-out><![CDATA[Given I see Aldermore page..................................................passed
And I will click to the "Intermediaries" and verify the pagetile............passed
]]></system-out>
    </testcase>
    <testcase classname="Aldermore Homepage" name="Verify the Help and support Options Menu Pages" time="13.772">
        <system-out><![CDATA[Given I see Aldermore page..................................................passed
And I will click to the "Complaints" on Help and support page and verify the pagetile.passed
]]></system-out>
    </testcase>
    <testcase classname="Aldermore Homepage" name="Verify the Help and support Options Menu Pages 2" time="14.09">
        <system-out><![CDATA[Given I see Aldermore page..................................................passed
And I will click to the "Contact us" on Help and support page and verify the pagetile.passed
]]></system-out>
    </testcase>
    <testcase classname="Aldermore Homepage" name="Verify the Help and support Options Menu Pages 3" time="14.388">
        <system-out><![CDATA[Given I see Aldermore page..................................................passed
And I will click to the "Supporting during challenging times" on Help and support page and verify the pagetile.passed
]]></system-out>
    </testcase>
    <testcase classname="Aldermore Homepage" name="Verify the Help and support Options Menu Pages 4" time="14.004">
        <system-out><![CDATA[Given I see Aldermore page..................................................passed
And I will click to the "Online security and fraud" on Help and support page and verify the pagetile.passed
]]></system-out>
    </testcase>
    <testcase classname="Aldermore Homepage" name="Verify the Help and support Options Menu Pages 5" time="14.188">
        <system-out><![CDATA[Given I see Aldermore page..................................................passed
And I will click to the "Test Investor Link" on Help and support page and verify the pagetile.passed
]]></system-out>
    </testcase>
    <testcase classname="Aldermore Homepage" name="Verify the About us Options Menu Pages" time="14.182">
        <system-out><![CDATA[Given I see Aldermore page..................................................passed
And I will click to the "About us" on About us page and verify the pagetile.passed
]]></system-out>
    </testcase>
    <testcase classname="Aldermore Homepage" name="Verify the About us Options Menu Pages 2" time="14.412">
        <system-out><![CDATA[Given I see Aldermore page..................................................passed
And I will click to the "Careers" on About us page and verify the pagetile..passed
]]></system-out>
    </testcase>
    <testcase classname="Aldermore Homepage" name="Verify the About us Options Menu Pages 3" time="14.002">
        <system-out><![CDATA[Given I see Aldermore page..................................................passed
And I will click to the "Modern slavery statement" on About us page and verify the pagetile.passed
]]></system-out>
    </testcase>
    <testcase classname="Aldermore Homepage" name="Verify the About us Options Menu Pages 4" time="14.013">
        <system-out><![CDATA[Given I see Aldermore page..................................................passed
And I will click to the "Terms and conditions" on About us page and verify the pagetile.passed
]]></system-out>
    </testcase>
    <testcase classname="Aldermore Homepage" name="Verify the About us Options Menu Pages 5" time="14.322">
        <system-out><![CDATA[Given I see Aldermore page..................................................passed
And I will click to the "Privacy policy" on About us page and verify the pagetile.passed
]]></system-out>
    </testcase>
    <testcase classname="Aldermore Homepage" name="Verify the About us Options Menu Pages 6" time="14.748">
        <system-out><![CDATA[Given I see Aldermore page..................................................passed
And I will click to the "Cookie policy" on About us page and verify the pagetile.passed
]]></system-out>
    </testcase>
    <testcase classname="Aldermore Homepage" name="Verify the About us Options Menu Pages 7" time="15.128">
        <system-out><![CDATA[Given I see Aldermore page..................................................passed
And I will click to the "Newsroom" on About us page and verify the pagetile.passed
]]></system-out>
    </testcase>
    <testcase classname="Aldermore Homepage" name="Verify the About us Options Menu Pages 8" time="14.604">
        <system-out><![CDATA[Given I see Aldermore page..................................................passed
And I will click to the "Insights - our blog" on About us page and verify the pagetile.passed
]]></system-out>
    </testcase>
    <testcase classname="Aldermore Homepage" name="Verify the Card header on the footer page" time="14.507">
        <system-out><![CDATA[Given I see Aldermore page..................................................passed
And I can see the "Help and support" card header on the footer page.........passed
]]></system-out>
    </testcase>
    <testcase classname="Aldermore Homepage" name="Verify the Connect with us on the footer page" time="5.021">
        <system-out><![CDATA[Given I see Aldermore page..................................................passed
And I can see the "Linkedin" for Connect with us options on the footer page.passed
]]></system-out>
    </testcase>
    <testcase classname="Aldermore Homepage" name="Verify the Connect with us on the footer page 2" time="4.285">
        <system-out><![CDATA[Given I see Aldermore page..................................................passed
And I can see the "Instagram" for Connect with us options on the footer page.passed
]]></system-out>
    </testcase>
    <testcase classname="Aldermore Homepage" name="Verify the Connect with us on the footer page 3" time="4.996">
        <system-out><![CDATA[Given I see Aldermore page..................................................passed
And I can see the "YouTube" for Connect with us options on the footer page..passed
]]></system-out>
    </testcase>
    <testcase classname="Aldermore Homepage" name="Verify the Connect with us on the footer page 4" time="6.601">
        <system-out><![CDATA[Given I see Aldermore page..................................................passed
And I can see the "Twitter" for Connect with us options on the footer page..passed
]]></system-out>
    </testcase>
    <testcase classname="Aldermore Homepage" name="Verify the Connect with us on the footer page 5" time="5.128">
        <system-out><![CDATA[Given I see Aldermore page..................................................passed
And I can see the "Facebook" for Connect with us options on the footer page.passed
]]></system-out>
    </testcase>
    <testcase classname="Aldermore Homepage" name="Verify the footer logo" time="13.434">
        <system-out><![CDATA[Given I see Aldermore page..................................................passed
And I see the aldermore "Aldermore" on the page.............................passed
]]></system-out>
    </testcase>
    <testcase classname="Aldermore Homepage" name="Verify the FSCS on the footer page" time="3.01">
        <system-out><![CDATA[Given I see Aldermore page..................................................passed
And I can see the FSCS Option on the page...................................passed
]]></system-out>
    </testcase>
    <testcase classname="Aldermore Homepage" name="Verify the Masthead Homepage contents" time="3.245">
        <failure message="invalid selector: Unable to locate an element with the xpath expression //*[contains(@class,'masthead')]//h1] because of the following error:&#10;SyntaxError: Failed to execute 'evaluate' on 'Document': The string '//*[contains(@class,'masthead')]//h1]' is not a valid XPath expression.&#10;  (Session info: chrome=118.0.5993.70)&#10;For documentation on this error, please visit: https://www.selenium.dev/documentation/webdriver/troubleshooting/errors#invalid-selector-exception&#10;Build info: version: '4.11.0', revision: '040bc5406b'&#10;System info: os.name: 'Windows Server 2019', os.arch: 'amd64', os.version: '10.0', java.version: '17.0.1'&#10;Driver info: org.openqa.selenium.chrome.ChromeDriver&#10;Command: [386448b92cc9a6d8fe4724a15cae25d8, findElement {using=xpath, value=//*[contains(@class,'masthead')]//h1]}]&#10;Capabilities {acceptInsecureCerts: false, browserName: chrome, browserVersion: 118.0.5993.70, chrome: {chromedriverVersion: 118.0.5993.70 (e52f33f30b91..., userDataDir: C:\Users\TRUPTI~1.GUM\AppDa...}, fedcm:accounts: true, goog:chromeOptions: {debuggerAddress: localhost:62324}, networkConnectionEnabled: false, pageLoadStrategy: normal, platformName: windows, proxy: Proxy(), se:cdp: ws://localhost:62324/devtoo..., se:cdpVersion: 118.0.5993.70, setWindowRect: true, strictFileInteractability: false, timeouts: {implicit: 0, pageLoad: 300000, script: 30000}, unhandledPromptBehavior: dismiss and notify, webauthn:extension:credBlob: true, webauthn:extension:largeBlob: true, webauthn:extension:minPinLength: true, webauthn:extension:prf: true, webauthn:virtualAuthenticators: true}&#10;Session ID: 386448b92cc9a6d8fe4724a15cae25d8" type="org.openqa.selenium.InvalidSelectorException"><![CDATA[Given I am on Aldermore page................................................passed
When I view the Masthead Homepage section...................................passed
Then I should see the "Backing you to achieve more" as header for the Masthead homepage.failed
And Description should be displayed on the page.............................skipped

StackTrace:
org.openqa.selenium.InvalidSelectorException: invalid selector: Unable to locate an element with the xpath expression //*[contains(@class,'masthead')]//h1] because of the following error:
SyntaxError: Failed to execute 'evaluate' on 'Document': The string '//*[contains(@class,'masthead')]//h1]' is not a valid XPath expression.
  (Session info: chrome=118.0.5993.70)
For documentation on this error, please visit: https://www.selenium.dev/documentation/webdriver/troubleshooting/errors#invalid-selector-exception
Build info: version: '4.11.0', revision: '040bc5406b'
System info: os.name: 'Windows Server 2019', os.arch: 'amd64', os.version: '10.0', java.version: '17.0.1'
Driver info: org.openqa.selenium.chrome.ChromeDriver
Command: [386448b92cc9a6d8fe4724a15cae25d8, findElement {using=xpath, value=//*[contains(@class,'masthead')]//h1]}]
Capabilities {acceptInsecureCerts: false, browserName: chrome, browserVersion: 118.0.5993.70, chrome: {chromedriverVersion: 118.0.5993.70 (e52f33f30b91..., userDataDir: C:\Users\TRUPTI~1.GUM\AppDa...}, fedcm:accounts: true, goog:chromeOptions: {debuggerAddress: localhost:62324}, networkConnectionEnabled: false, pageLoadStrategy: normal, platformName: windows, proxy: Proxy(), se:cdp: ws://localhost:62324/devtoo..., se:cdpVersion: 118.0.5993.70, setWindowRect: true, strictFileInteractability: false, timeouts: {implicit: 0, pageLoad: 300000, script: 30000}, unhandledPromptBehavior: dismiss and notify, webauthn:extension:credBlob: true, webauthn:extension:largeBlob: true, webauthn:extension:minPinLength: true, webauthn:extension:prf: true, webauthn:virtualAuthenticators: true}
Session ID: 386448b92cc9a6d8fe4724a15cae25d8
	at java.base/jdk.internal.reflect.NativeConstructorAccessorImpl.newInstance0(Native Method)
	at java.base/jdk.internal.reflect.NativeConstructorAccessorImpl.newInstance(NativeConstructorAccessorImpl.java:77)
	at java.base/jdk.internal.reflect.DelegatingConstructorAccessorImpl.newInstance(DelegatingConstructorAccessorImpl.java:45)
	at java.base/java.lang.reflect.Constructor.newInstanceWithCaller(Constructor.java:499)
	at java.base/java.lang.reflect.Constructor.newInstance(Constructor.java:480)
	at org.openqa.selenium.remote.codec.w3c.W3CHttpResponseCodec.createException(W3CHttpResponseCodec.java:200)
	at org.openqa.selenium.remote.codec.w3c.W3CHttpResponseCodec.decode(W3CHttpResponseCodec.java:133)
	at org.openqa.selenium.remote.codec.w3c.W3CHttpResponseCodec.decode(W3CHttpResponseCodec.java:52)
	at org.openqa.selenium.remote.HttpCommandExecutor.execute(HttpCommandExecutor.java:191)
	at org.openqa.selenium.remote.service.DriverCommandExecutor.invokeExecute(DriverCommandExecutor.java:196)
	at org.openqa.selenium.remote.service.DriverCommandExecutor.execute(DriverCommandExecutor.java:171)
	at org.openqa.selenium.remote.RemoteWebDriver.execute(RemoteWebDriver.java:518)
	at org.openqa.selenium.remote.ElementLocation$ElementFinder$2.findElement(ElementLocation.java:165)
	at org.openqa.selenium.remote.ElementLocation.findElement(ElementLocation.java:59)
	at org.openqa.selenium.remote.RemoteWebDriver.findElement(RemoteWebDriver.java:355)
	at org.openqa.selenium.remote.RemoteWebDriver.findElement(RemoteWebDriver.java:349)
	at org.openqa.selenium.support.pagefactory.DefaultElementLocator.findElement(DefaultElementLocator.java:68)
	at org.openqa.selenium.support.pagefactory.internal.LocatingElementHandler.invoke(LocatingElementHandler.java:38)
	at jdk.proxy2/jdk.proxy2.$Proxy29.getText(Unknown Source)
	at pages.actions.AldermorePageActions.getmastheadHomepageHeaderText(AldermorePageActions.java:73)
	at steps.AldermorePageSteps.i_should_see_the_as_header_for_the_masthead_homepage(AldermorePageSteps.java:46)
	at ✽.I should see the "Backing you to achieve more" as header for the Masthead homepage(file:///C:/Users/Trupti.Gumar/git/Web_Automation_Framework-/Website_Completed(Sep)2/src/test/resources/HomePage_FeatureFiles/AldermoreHomepage.feature:11)
]]></failure>
    </testcase>
    <testcase classname="Aldermore Homepage" name="Verify the unique selling points contents" time="1.615">
        <system-out><![CDATA[Given I am on Aldermore page................................................passed
When I view the Unique Selling Point Section................................passed
Then I Should see the "Proud to be different." as section header............passed
]]></system-out>
    </testcase>
    <testcase classname="Aldermore Homepage" name="Verify the unique selling points contents 2" time="1.814">
        <system-out><![CDATA[Given I am on Aldermore page................................................passed
When I view the Unique Selling Point Section................................passed
Then I should see the "Promoting inclusivity" as sub header.................passed
]]></system-out>
    </testcase>
    <testcase classname="Aldermore Homepage" name="Verify the unique selling points contents 3" time="1.852">
        <system-out><![CDATA[Given I am on Aldermore page................................................passed
When I view the Unique Selling Point Section................................passed
Then I should see the "Distinctly human" as sub header......................passed
]]></system-out>
    </testcase>
    <testcase classname="Aldermore Homepage" name="Verify the unique selling points contents 4" time="1.789">
        <system-out><![CDATA[Given I am on Aldermore page................................................passed
When I view the Unique Selling Point Section................................passed
Then I should see the "Enabling ambition" as sub header.....................passed
]]></system-out>
    </testcase>
    <testcase classname="Aldermore Homepage" name="Verify Savings Block Header and button" time="9.094">
        <failure message="element click intercepted: Element &lt;a class=&quot;ald-cta ald-cta-secondary-light ald-focus__button&quot; href=&quot;/savings-accounts/&quot;&gt;...&lt;/a&gt; is not clickable at point (157, 494). Other element would receive the click: &lt;div class=&quot;onetrust-pc-dark-filter ot-fade-in&quot; style=&quot;display: block;z-index: 2147483645;&quot;&gt;&lt;/div&gt;&#10;  (Session info: chrome=118.0.5993.70)&#10;Build info: version: '4.11.0', revision: '040bc5406b'&#10;System info: os.name: 'Windows Server 2019', os.arch: 'amd64', os.version: '10.0', java.version: '17.0.1'&#10;Driver info: org.openqa.selenium.chrome.ChromeDriver&#10;Command: [386448b92cc9a6d8fe4724a15cae25d8, clickElement {id=3CFCE34A967800EF3C70998C90CE73EC_element_98}]&#10;Capabilities {acceptInsecureCerts: false, browserName: chrome, browserVersion: 118.0.5993.70, chrome: {chromedriverVersion: 118.0.5993.70 (e52f33f30b91..., userDataDir: C:\Users\TRUPTI~1.GUM\AppDa...}, fedcm:accounts: true, goog:chromeOptions: {debuggerAddress: localhost:62324}, networkConnectionEnabled: false, pageLoadStrategy: normal, platformName: windows, proxy: Proxy(), se:cdp: ws://localhost:62324/devtoo..., se:cdpVersion: 118.0.5993.70, setWindowRect: true, strictFileInteractability: false, timeouts: {implicit: 0, pageLoad: 300000, script: 30000}, unhandledPromptBehavior: dismiss and notify, webauthn:extension:credBlob: true, webauthn:extension:largeBlob: true, webauthn:extension:minPinLength: true, webauthn:extension:prf: true, webauthn:virtualAuthenticators: true}&#10;Element: [[ChromeDriver: chrome on windows (386448b92cc9a6d8fe4724a15cae25d8)] -&gt; xpath: //a[normalize-space()='Savings']]&#10;Session ID: 386448b92cc9a6d8fe4724a15cae25d8" type="org.openqa.selenium.ElementClickInterceptedException"><![CDATA[Given I am on Aldermore page................................................passed
When I navigate to the Savings block........................................passed
Then I should see the Savings Block Header "Savings" displayed..............passed
And the Savings button "Savings" should be present..........................passed
When I click on the Savings button..........................................failed
Then I should be redirected to the savings account page.....................skipped

StackTrace:
org.openqa.selenium.ElementClickInterceptedException: element click intercepted: Element <a class="ald-cta ald-cta-secondary-light ald-focus__button" href="/savings-accounts/">...</a> is not clickable at point (157, 494). Other element would receive the click: <div class="onetrust-pc-dark-filter ot-fade-in" style="display: block;z-index: 2147483645;"></div>
  (Session info: chrome=118.0.5993.70)
Build info: version: '4.11.0', revision: '040bc5406b'
System info: os.name: 'Windows Server 2019', os.arch: 'amd64', os.version: '10.0', java.version: '17.0.1'
Driver info: org.openqa.selenium.chrome.ChromeDriver
Command: [386448b92cc9a6d8fe4724a15cae25d8, clickElement {id=3CFCE34A967800EF3C70998C90CE73EC_element_98}]
Capabilities {acceptInsecureCerts: false, browserName: chrome, browserVersion: 118.0.5993.70, chrome: {chromedriverVersion: 118.0.5993.70 (e52f33f30b91..., userDataDir: C:\Users\TRUPTI~1.GUM\AppDa...}, fedcm:accounts: true, goog:chromeOptions: {debuggerAddress: localhost:62324}, networkConnectionEnabled: false, pageLoadStrategy: normal, platformName: windows, proxy: Proxy(), se:cdp: ws://localhost:62324/devtoo..., se:cdpVersion: 118.0.5993.70, setWindowRect: true, strictFileInteractability: false, timeouts: {implicit: 0, pageLoad: 300000, script: 30000}, unhandledPromptBehavior: dismiss and notify, webauthn:extension:credBlob: true, webauthn:extension:largeBlob: true, webauthn:extension:minPinLength: true, webauthn:extension:prf: true, webauthn:virtualAuthenticators: true}
Element: [[ChromeDriver: chrome on windows (386448b92cc9a6d8fe4724a15cae25d8)] -> xpath: //a[normalize-space()='Savings']]
Session ID: 386448b92cc9a6d8fe4724a15cae25d8
	at jdk.internal.reflect.GeneratedConstructorAccessor26.newInstance(Unknown Source)
	at java.base/jdk.internal.reflect.DelegatingConstructorAccessorImpl.newInstance(DelegatingConstructorAccessorImpl.java:45)
	at java.base/java.lang.reflect.Constructor.newInstanceWithCaller(Constructor.java:499)
	at java.base/java.lang.reflect.Constructor.newInstance(Constructor.java:480)
	at org.openqa.selenium.remote.codec.w3c.W3CHttpResponseCodec.createException(W3CHttpResponseCodec.java:200)
	at org.openqa.selenium.remote.codec.w3c.W3CHttpResponseCodec.decode(W3CHttpResponseCodec.java:133)
	at org.openqa.selenium.remote.codec.w3c.W3CHttpResponseCodec.decode(W3CHttpResponseCodec.java:52)
	at org.openqa.selenium.remote.HttpCommandExecutor.execute(HttpCommandExecutor.java:191)
	at org.openqa.selenium.remote.service.DriverCommandExecutor.invokeExecute(DriverCommandExecutor.java:196)
	at org.openqa.selenium.remote.service.DriverCommandExecutor.execute(DriverCommandExecutor.java:171)
	at org.openqa.selenium.remote.RemoteWebDriver.execute(RemoteWebDriver.java:518)
	at org.openqa.selenium.remote.RemoteWebElement.execute(RemoteWebElement.java:224)
	at org.openqa.selenium.remote.RemoteWebElement.click(RemoteWebElement.java:77)
	at jdk.internal.reflect.GeneratedMethodAccessor109.invoke(Unknown Source)
	at java.base/jdk.internal.reflect.DelegatingMethodAccessorImpl.invoke(DelegatingMethodAccessorImpl.java:43)
	at java.base/java.lang.reflect.Method.invoke(Method.java:568)
	at org.openqa.selenium.support.pagefactory.internal.LocatingElementHandler.invoke(LocatingElementHandler.java:51)
	at jdk.proxy2/jdk.proxy2.$Proxy29.click(Unknown Source)
	at pages.actions.AldermorePageActions.clickOnSavingsBlockButton(AldermorePageActions.java:148)
	at steps.AldermorePageSteps.i_click_on_the_savings_button(AldermorePageSteps.java:159)
	at ✽.I click on the Savings button(file:///C:/Users/Trupti.Gumar/git/Web_Automation_Framework-/Website_Completed(Sep)2/src/test/resources/HomePage_FeatureFiles/AldermoreHomepage.feature:43)
]]></failure>
    </testcase>
    <testcase classname="Aldermore Homepage" name="Verify Mortgages Block Header and button" time="8.887">
        <failure message="element click intercepted: Element &lt;a class=&quot;ald-cta ald-cta-primary ald-focus__button&quot; href=&quot;/mortgages/&quot;&gt;...&lt;/a&gt; is not clickable at point (764, 496). Other element would receive the click: &lt;div class=&quot;onetrust-pc-dark-filter ot-fade-in&quot; style=&quot;display: block;z-index: 2147483645;&quot;&gt;&lt;/div&gt;&#10;  (Session info: chrome=118.0.5993.70)&#10;Build info: version: '4.11.0', revision: '040bc5406b'&#10;System info: os.name: 'Windows Server 2019', os.arch: 'amd64', os.version: '10.0', java.version: '17.0.1'&#10;Driver info: org.openqa.selenium.chrome.ChromeDriver&#10;Command: [386448b92cc9a6d8fe4724a15cae25d8, clickElement {id=2FB5EA7146EAD60E9A13619A8B530C24_element_112}]&#10;Capabilities {acceptInsecureCerts: false, browserName: chrome, browserVersion: 118.0.5993.70, chrome: {chromedriverVersion: 118.0.5993.70 (e52f33f30b91..., userDataDir: C:\Users\TRUPTI~1.GUM\AppDa...}, fedcm:accounts: true, goog:chromeOptions: {debuggerAddress: localhost:62324}, networkConnectionEnabled: false, pageLoadStrategy: normal, platformName: windows, proxy: Proxy(), se:cdp: ws://localhost:62324/devtoo..., se:cdpVersion: 118.0.5993.70, setWindowRect: true, strictFileInteractability: false, timeouts: {implicit: 0, pageLoad: 300000, script: 30000}, unhandledPromptBehavior: dismiss and notify, webauthn:extension:credBlob: true, webauthn:extension:largeBlob: true, webauthn:extension:minPinLength: true, webauthn:extension:prf: true, webauthn:virtualAuthenticators: true}&#10;Element: [[ChromeDriver: chrome on windows (386448b92cc9a6d8fe4724a15cae25d8)] -&gt; xpath: //a[@class='ald-cta ald-cta-primary ald-focus__button']]&#10;Session ID: 386448b92cc9a6d8fe4724a15cae25d8" type="org.openqa.selenium.ElementClickInterceptedException"><![CDATA[Given I am on Aldermore page................................................passed
When I navigate to the Mortgages block......................................passed
Then I should see the Mortgages Block Header "Mortgages" displayed..........passed
And the Mortgages button "Mortgages" should be present......................passed
When I click on the Mortgages button........................................failed
Then I should be redirected to the Mortgages page...........................skipped

StackTrace:
org.openqa.selenium.ElementClickInterceptedException: element click intercepted: Element <a class="ald-cta ald-cta-primary ald-focus__button" href="/mortgages/">...</a> is not clickable at point (764, 496). Other element would receive the click: <div class="onetrust-pc-dark-filter ot-fade-in" style="display: block;z-index: 2147483645;"></div>
  (Session info: chrome=118.0.5993.70)
Build info: version: '4.11.0', revision: '040bc5406b'
System info: os.name: 'Windows Server 2019', os.arch: 'amd64', os.version: '10.0', java.version: '17.0.1'
Driver info: org.openqa.selenium.chrome.ChromeDriver
Command: [386448b92cc9a6d8fe4724a15cae25d8, clickElement {id=2FB5EA7146EAD60E9A13619A8B530C24_element_112}]
Capabilities {acceptInsecureCerts: false, browserName: chrome, browserVersion: 118.0.5993.70, chrome: {chromedriverVersion: 118.0.5993.70 (e52f33f30b91..., userDataDir: C:\Users\TRUPTI~1.GUM\AppDa...}, fedcm:accounts: true, goog:chromeOptions: {debuggerAddress: localhost:62324}, networkConnectionEnabled: false, pageLoadStrategy: normal, platformName: windows, proxy: Proxy(), se:cdp: ws://localhost:62324/devtoo..., se:cdpVersion: 118.0.5993.70, setWindowRect: true, strictFileInteractability: false, timeouts: {implicit: 0, pageLoad: 300000, script: 30000}, unhandledPromptBehavior: dismiss and notify, webauthn:extension:credBlob: true, webauthn:extension:largeBlob: true, webauthn:extension:minPinLength: true, webauthn:extension:prf: true, webauthn:virtualAuthenticators: true}
Element: [[ChromeDriver: chrome on windows (386448b92cc9a6d8fe4724a15cae25d8)] -> xpath: //a[@class='ald-cta ald-cta-primary ald-focus__button']]
Session ID: 386448b92cc9a6d8fe4724a15cae25d8
	at jdk.internal.reflect.GeneratedConstructorAccessor26.newInstance(Unknown Source)
	at java.base/jdk.internal.reflect.DelegatingConstructorAccessorImpl.newInstance(DelegatingConstructorAccessorImpl.java:45)
	at java.base/java.lang.reflect.Constructor.newInstanceWithCaller(Constructor.java:499)
	at java.base/java.lang.reflect.Constructor.newInstance(Constructor.java:480)
	at org.openqa.selenium.remote.codec.w3c.W3CHttpResponseCodec.createException(W3CHttpResponseCodec.java:200)
	at org.openqa.selenium.remote.codec.w3c.W3CHttpResponseCodec.decode(W3CHttpResponseCodec.java:133)
	at org.openqa.selenium.remote.codec.w3c.W3CHttpResponseCodec.decode(W3CHttpResponseCodec.java:52)
	at org.openqa.selenium.remote.HttpCommandExecutor.execute(HttpCommandExecutor.java:191)
	at org.openqa.selenium.remote.service.DriverCommandExecutor.invokeExecute(DriverCommandExecutor.java:196)
	at org.openqa.selenium.remote.service.DriverCommandExecutor.execute(DriverCommandExecutor.java:171)
	at org.openqa.selenium.remote.RemoteWebDriver.execute(RemoteWebDriver.java:518)
	at org.openqa.selenium.remote.RemoteWebElement.execute(RemoteWebElement.java:224)
	at org.openqa.selenium.remote.RemoteWebElement.click(RemoteWebElement.java:77)
	at jdk.internal.reflect.GeneratedMethodAccessor109.invoke(Unknown Source)
	at java.base/jdk.internal.reflect.DelegatingMethodAccessorImpl.invoke(DelegatingMethodAccessorImpl.java:43)
	at java.base/java.lang.reflect.Method.invoke(Method.java:568)
	at org.openqa.selenium.support.pagefactory.internal.LocatingElementHandler.invoke(LocatingElementHandler.java:51)
	at jdk.proxy2/jdk.proxy2.$Proxy29.click(Unknown Source)
	at pages.actions.AldermorePageActions.clickOnMortgagesBlockButton(AldermorePageActions.java:169)
	at steps.AldermorePageSteps.i_click_on_the_mortgages_button(AldermorePageSteps.java:195)
	at ✽.I click on the Mortgages button(file:///C:/Users/Trupti.Gumar/git/Web_Automation_Framework-/Website_Completed(Sep)2/src/test/resources/HomePage_FeatureFiles/AldermoreHomepage.feature:55)
]]></failure>
    </testcase>
    <testcase classname="Aldermore Homepage" name="Verify Business finance Header and button" time="8.972">
        <failure message="element click intercepted: Element &lt;a class=&quot;ald-cta ald-cta-secondary-light ald-focus__button&quot; href=&quot;/business-finance/&quot;&gt;...&lt;/a&gt; is not clickable at point (195, 494). Other element would receive the click: &lt;div class=&quot;onetrust-pc-dark-filter ot-fade-in&quot; style=&quot;display: block;z-index: 2147483645;&quot;&gt;&lt;/div&gt;&#10;  (Session info: chrome=118.0.5993.70)&#10;Build info: version: '4.11.0', revision: '040bc5406b'&#10;System info: os.name: 'Windows Server 2019', os.arch: 'amd64', os.version: '10.0', java.version: '17.0.1'&#10;Driver info: org.openqa.selenium.chrome.ChromeDriver&#10;Command: [386448b92cc9a6d8fe4724a15cae25d8, clickElement {id=56D466D1DF3649CE9BFB46A31260A58B_element_126}]&#10;Capabilities {acceptInsecureCerts: false, browserName: chrome, browserVersion: 118.0.5993.70, chrome: {chromedriverVersion: 118.0.5993.70 (e52f33f30b91..., userDataDir: C:\Users\TRUPTI~1.GUM\AppDa...}, fedcm:accounts: true, goog:chromeOptions: {debuggerAddress: localhost:62324}, networkConnectionEnabled: false, pageLoadStrategy: normal, platformName: windows, proxy: Proxy(), se:cdp: ws://localhost:62324/devtoo..., se:cdpVersion: 118.0.5993.70, setWindowRect: true, strictFileInteractability: false, timeouts: {implicit: 0, pageLoad: 300000, script: 30000}, unhandledPromptBehavior: dismiss and notify, webauthn:extension:credBlob: true, webauthn:extension:largeBlob: true, webauthn:extension:minPinLength: true, webauthn:extension:prf: true, webauthn:virtualAuthenticators: true}&#10;Element: [[ChromeDriver: chrome on windows (386448b92cc9a6d8fe4724a15cae25d8)] -&gt; xpath: //a[@class='ald-cta ald-cta-secondary-light ald-focus__button'][normalize-space()='Business finance']]&#10;Session ID: 386448b92cc9a6d8fe4724a15cae25d8" type="org.openqa.selenium.ElementClickInterceptedException"><![CDATA[Given I am on Aldermore page................................................passed
When I navigate to the Business finance section.............................passed
Then I should see the Business finance Header "Business finance" displayed..passed
And the Business finance button "Business finance" should be present........passed
When I click on the Business finance button.................................failed
Then I should be redirected to the Business finance page....................skipped

StackTrace:
org.openqa.selenium.ElementClickInterceptedException: element click intercepted: Element <a class="ald-cta ald-cta-secondary-light ald-focus__button" href="/business-finance/">...</a> is not clickable at point (195, 494). Other element would receive the click: <div class="onetrust-pc-dark-filter ot-fade-in" style="display: block;z-index: 2147483645;"></div>
  (Session info: chrome=118.0.5993.70)
Build info: version: '4.11.0', revision: '040bc5406b'
System info: os.name: 'Windows Server 2019', os.arch: 'amd64', os.version: '10.0', java.version: '17.0.1'
Driver info: org.openqa.selenium.chrome.ChromeDriver
Command: [386448b92cc9a6d8fe4724a15cae25d8, clickElement {id=56D466D1DF3649CE9BFB46A31260A58B_element_126}]
Capabilities {acceptInsecureCerts: false, browserName: chrome, browserVersion: 118.0.5993.70, chrome: {chromedriverVersion: 118.0.5993.70 (e52f33f30b91..., userDataDir: C:\Users\TRUPTI~1.GUM\AppDa...}, fedcm:accounts: true, goog:chromeOptions: {debuggerAddress: localhost:62324}, networkConnectionEnabled: false, pageLoadStrategy: normal, platformName: windows, proxy: Proxy(), se:cdp: ws://localhost:62324/devtoo..., se:cdpVersion: 118.0.5993.70, setWindowRect: true, strictFileInteractability: false, timeouts: {implicit: 0, pageLoad: 300000, script: 30000}, unhandledPromptBehavior: dismiss and notify, webauthn:extension:credBlob: true, webauthn:extension:largeBlob: true, webauthn:extension:minPinLength: true, webauthn:extension:prf: true, webauthn:virtualAuthenticators: true}
Element: [[ChromeDriver: chrome on windows (386448b92cc9a6d8fe4724a15cae25d8)] -> xpath: //a[@class='ald-cta ald-cta-secondary-light ald-focus__button'][normalize-space()='Business finance']]
Session ID: 386448b92cc9a6d8fe4724a15cae25d8
	at jdk.internal.reflect.GeneratedConstructorAccessor26.newInstance(Unknown Source)
	at java.base/jdk.internal.reflect.DelegatingConstructorAccessorImpl.newInstance(DelegatingConstructorAccessorImpl.java:45)
	at java.base/java.lang.reflect.Constructor.newInstanceWithCaller(Constructor.java:499)
	at java.base/java.lang.reflect.Constructor.newInstance(Constructor.java:480)
	at org.openqa.selenium.remote.codec.w3c.W3CHttpResponseCodec.createException(W3CHttpResponseCodec.java:200)
	at org.openqa.selenium.remote.codec.w3c.W3CHttpResponseCodec.decode(W3CHttpResponseCodec.java:133)
	at org.openqa.selenium.remote.codec.w3c.W3CHttpResponseCodec.decode(W3CHttpResponseCodec.java:52)
	at org.openqa.selenium.remote.HttpCommandExecutor.execute(HttpCommandExecutor.java:191)
	at org.openqa.selenium.remote.service.DriverCommandExecutor.invokeExecute(DriverCommandExecutor.java:196)
	at org.openqa.selenium.remote.service.DriverCommandExecutor.execute(DriverCommandExecutor.java:171)
	at org.openqa.selenium.remote.RemoteWebDriver.execute(RemoteWebDriver.java:518)
	at org.openqa.selenium.remote.RemoteWebElement.execute(RemoteWebElement.java:224)
	at org.openqa.selenium.remote.RemoteWebElement.click(RemoteWebElement.java:77)
	at jdk.internal.reflect.GeneratedMethodAccessor109.invoke(Unknown Source)
	at java.base/jdk.internal.reflect.DelegatingMethodAccessorImpl.invoke(DelegatingMethodAccessorImpl.java:43)
	at java.base/java.lang.reflect.Method.invoke(Method.java:568)
	at org.openqa.selenium.support.pagefactory.internal.LocatingElementHandler.invoke(LocatingElementHandler.java:51)
	at jdk.proxy2/jdk.proxy2.$Proxy29.click(Unknown Source)
	at pages.actions.AldermorePageActions.clickOnBusinessFinanceButton(AldermorePageActions.java:191)
	at steps.AldermorePageSteps.i_click_on_the_business_finance_button(AldermorePageSteps.java:232)
	at ✽.I click on the Business finance button(file:///C:/Users/Trupti.Gumar/git/Web_Automation_Framework-/Website_Completed(Sep)2/src/test/resources/HomePage_FeatureFiles/AldermoreHomepage.feature:67)
]]></failure>
    </testcase>
    <testcase classname="Aldermore Homepage" name="Verify Intermediaries Banner  Header and link" time="8.824">
        <failure message="element click intercepted: Element &lt;a class=&quot;ald_cta_textlink ald_cta_textlink_white int-banner-textlink ald-focus__button&quot; href=&quot;/intermediaries/&quot;&gt;...&lt;/a&gt; is not clickable at point (925, 510). Other element would receive the click: &lt;div class=&quot;onetrust-pc-dark-filter ot-fade-in&quot; style=&quot;display: block;z-index: 2147483645;&quot;&gt;&lt;/div&gt;&#10;  (Session info: chrome=118.0.5993.70)&#10;Build info: version: '4.11.0', revision: '040bc5406b'&#10;System info: os.name: 'Windows Server 2019', os.arch: 'amd64', os.version: '10.0', java.version: '17.0.1'&#10;Driver info: org.openqa.selenium.chrome.ChromeDriver&#10;Command: [386448b92cc9a6d8fe4724a15cae25d8, clickElement {id=B00DA6533F0099082245485605D81A90_element_142}]&#10;Capabilities {acceptInsecureCerts: false, browserName: chrome, browserVersion: 118.0.5993.70, chrome: {chromedriverVersion: 118.0.5993.70 (e52f33f30b91..., userDataDir: C:\Users\TRUPTI~1.GUM\AppDa...}, fedcm:accounts: true, goog:chromeOptions: {debuggerAddress: localhost:62324}, networkConnectionEnabled: false, pageLoadStrategy: normal, platformName: windows, proxy: Proxy(), se:cdp: ws://localhost:62324/devtoo..., se:cdpVersion: 118.0.5993.70, setWindowRect: true, strictFileInteractability: false, timeouts: {implicit: 0, pageLoad: 300000, script: 30000}, unhandledPromptBehavior: dismiss and notify, webauthn:extension:credBlob: true, webauthn:extension:largeBlob: true, webauthn:extension:minPinLength: true, webauthn:extension:prf: true, webauthn:virtualAuthenticators: true}&#10;Element: [[ChromeDriver: chrome on windows (386448b92cc9a6d8fe4724a15cae25d8)] -&gt; xpath: //a[normalize-space()='Find out more']]&#10;Session ID: 386448b92cc9a6d8fe4724a15cae25d8" type="org.openqa.selenium.ElementClickInterceptedException"><![CDATA[Given I am on Aldermore page................................................passed
When I navigate to the Intermediaries Banner section........................passed
Then I should see the Intermediaries Banner Header "Intermediaries" displayed.passed
And the Intermediaries Banner link "Find out more" should be present........passed
When I click on the Find out more link......................................failed
Then I should be redirected to the Intermediaries Banner page...............skipped

StackTrace:
org.openqa.selenium.ElementClickInterceptedException: element click intercepted: Element <a class="ald_cta_textlink ald_cta_textlink_white int-banner-textlink ald-focus__button" href="/intermediaries/">...</a> is not clickable at point (925, 510). Other element would receive the click: <div class="onetrust-pc-dark-filter ot-fade-in" style="display: block;z-index: 2147483645;"></div>
  (Session info: chrome=118.0.5993.70)
Build info: version: '4.11.0', revision: '040bc5406b'
System info: os.name: 'Windows Server 2019', os.arch: 'amd64', os.version: '10.0', java.version: '17.0.1'
Driver info: org.openqa.selenium.chrome.ChromeDriver
Command: [386448b92cc9a6d8fe4724a15cae25d8, clickElement {id=B00DA6533F0099082245485605D81A90_element_142}]
Capabilities {acceptInsecureCerts: false, browserName: chrome, browserVersion: 118.0.5993.70, chrome: {chromedriverVersion: 118.0.5993.70 (e52f33f30b91..., userDataDir: C:\Users\TRUPTI~1.GUM\AppDa...}, fedcm:accounts: true, goog:chromeOptions: {debuggerAddress: localhost:62324}, networkConnectionEnabled: false, pageLoadStrategy: normal, platformName: windows, proxy: Proxy(), se:cdp: ws://localhost:62324/devtoo..., se:cdpVersion: 118.0.5993.70, setWindowRect: true, strictFileInteractability: false, timeouts: {implicit: 0, pageLoad: 300000, script: 30000}, unhandledPromptBehavior: dismiss and notify, webauthn:extension:credBlob: true, webauthn:extension:largeBlob: true, webauthn:extension:minPinLength: true, webauthn:extension:prf: true, webauthn:virtualAuthenticators: true}
Element: [[ChromeDriver: chrome on windows (386448b92cc9a6d8fe4724a15cae25d8)] -> xpath: //a[normalize-space()='Find out more']]
Session ID: 386448b92cc9a6d8fe4724a15cae25d8
	at jdk.internal.reflect.GeneratedConstructorAccessor26.newInstance(Unknown Source)
	at java.base/jdk.internal.reflect.DelegatingConstructorAccessorImpl.newInstance(DelegatingConstructorAccessorImpl.java:45)
	at java.base/java.lang.reflect.Constructor.newInstanceWithCaller(Constructor.java:499)
	at java.base/java.lang.reflect.Constructor.newInstance(Constructor.java:480)
	at org.openqa.selenium.remote.codec.w3c.W3CHttpResponseCodec.createException(W3CHttpResponseCodec.java:200)
	at org.openqa.selenium.remote.codec.w3c.W3CHttpResponseCodec.decode(W3CHttpResponseCodec.java:133)
	at org.openqa.selenium.remote.codec.w3c.W3CHttpResponseCodec.decode(W3CHttpResponseCodec.java:52)
	at org.openqa.selenium.remote.HttpCommandExecutor.execute(HttpCommandExecutor.java:191)
	at org.openqa.selenium.remote.service.DriverCommandExecutor.invokeExecute(DriverCommandExecutor.java:196)
	at org.openqa.selenium.remote.service.DriverCommandExecutor.execute(DriverCommandExecutor.java:171)
	at org.openqa.selenium.remote.RemoteWebDriver.execute(RemoteWebDriver.java:518)
	at org.openqa.selenium.remote.RemoteWebElement.execute(RemoteWebElement.java:224)
	at org.openqa.selenium.remote.RemoteWebElement.click(RemoteWebElement.java:77)
	at jdk.internal.reflect.GeneratedMethodAccessor109.invoke(Unknown Source)
	at java.base/jdk.internal.reflect.DelegatingMethodAccessorImpl.invoke(DelegatingMethodAccessorImpl.java:43)
	at java.base/java.lang.reflect.Method.invoke(Method.java:568)
	at org.openqa.selenium.support.pagefactory.internal.LocatingElementHandler.invoke(LocatingElementHandler.java:51)
	at jdk.proxy2/jdk.proxy2.$Proxy29.click(Unknown Source)
	at pages.actions.AldermorePageActions.clickOnIntermediariesBanner(AldermorePageActions.java:211)
	at steps.AldermorePageSteps.i_click_on_the_find_out_more_link(AldermorePageSteps.java:270)
	at ✽.I click on the Find out more link(file:///C:/Users/Trupti.Gumar/git/Web_Automation_Framework-/Website_Completed(Sep)2/src/test/resources/HomePage_FeatureFiles/AldermoreHomepage.feature:79)
]]></failure>
    </testcase>
</testsuite>
