<?xml version="1.0" encoding="UTF-8"?>
<!-- Generated by org.testng.reporters.JUnitReportReporter -->
<testsuite hostname="uatcoukuksbast1" failures="2" tests="81" name="runners.SavingsRunner" time="361.039" errors="72" timestamp="2025-09-10T11:13:00 BST" skipped="0">
  <testcase classname="runners.SavingsRunner" name="runScenario" time="3.251">
    <error message="element click intercepted: Element &lt;span class=&quot;navigation-menu__dropdown-header__span&quot;&gt;...&lt;/span&gt; is not clickable at point (57, 121). Other element would receive the click: &lt;div class=&quot;onetrust-pc-dark-filter ot-fade-in&quot; style=&quot;display: block;z-index: 2147483645;&quot;&gt;&lt;/div&gt;
  (Session info: chrome=118.0.5993.70)
Build info: version: &#039;4.11.0&#039;, revision: &#039;040bc5406b&#039;
System info: os.name: &#039;Windows Server 2019&#039;, os.arch: &#039;amd64&#039;, os.version: &#039;10.0&#039;, java.version: &#039;17.0.1&#039;
Driver info: org.openqa.selenium.chrome.ChromeDriver
Command: [6f38a1bf833f4a310c2b08290856022d, clickElement {id=6C6E2666C26607F8F79D5218E91D7D84_element_270}]
Capabilities {acceptInsecureCerts: false, browserName: chrome, browserVersion: 118.0.5993.70, chrome: {chromedriverVersion: 118.0.5993.70 (e52f33f30b91..., userDataDir: C:\Users\TRUPTI~1.GUM\AppDa...}, fedcm:accounts: true, goog:chromeOptions: {debuggerAddress: localhost:54151}, networkConnectionEnabled: false, pageLoadStrategy: normal, platformName: windows, proxy: Proxy(), se:cdp: ws://localhost:54151/devtoo..., se:cdpVersion: 118.0.5993.70, setWindowRect: true, strictFileInteractability: false, timeouts: {implicit: 0, pageLoad: 300000, script: 30000}, unhandledPromptBehavior: dismiss and notify, webauthn:extension:credBlob: true, webauthn:extension:largeBlob: true, webauthn:extension:minPinLength: true, webauthn:extension:prf: true, webauthn:virtualAuthenticators: true}
Element: [[ChromeDriver: chrome on windows (6f38a1bf833f4a310c2b08290856022d)] -&gt; xpath: //span[contains(@class,&#039;navigation-menu__dropdown-header__span&#039;)][normalize-space()=&#039;Savings&#039;]]
Session ID: 6f38a1bf833f4a310c2b08290856022d" type="org.openqa.selenium.ElementClickInterceptedException">
      <![CDATA[org.openqa.selenium.ElementClickInterceptedException: element click intercepted: Element <span class="navigation-menu__dropdown-header__span">...</span> is not clickable at point (57, 121). Other element would receive the click: <div class="onetrust-pc-dark-filter ot-fade-in" style="display: block;z-index: 2147483645;"></div>
  (Session info: chrome=118.0.5993.70)
Build info: version: '4.11.0', revision: '040bc5406b'
System info: os.name: 'Windows Server 2019', os.arch: 'amd64', os.version: '10.0', java.version: '17.0.1'
Driver info: org.openqa.selenium.chrome.ChromeDriver
Command: [6f38a1bf833f4a310c2b08290856022d, clickElement {id=6C6E2666C26607F8F79D5218E91D7D84_element_270}]
Capabilities {acceptInsecureCerts: false, browserName: chrome, browserVersion: 118.0.5993.70, chrome: {chromedriverVersion: 118.0.5993.70 (e52f33f30b91..., userDataDir: C:\Users\TRUPTI~1.GUM\AppDa...}, fedcm:accounts: true, goog:chromeOptions: {debuggerAddress: localhost:54151}, networkConnectionEnabled: false, pageLoadStrategy: normal, platformName: windows, proxy: Proxy(), se:cdp: ws://localhost:54151/devtoo..., se:cdpVersion: 118.0.5993.70, setWindowRect: true, strictFileInteractability: false, timeouts: {implicit: 0, pageLoad: 300000, script: 30000}, unhandledPromptBehavior: dismiss and notify, webauthn:extension:credBlob: true, webauthn:extension:largeBlob: true, webauthn:extension:minPinLength: true, webauthn:extension:prf: true, webauthn:virtualAuthenticators: true}
Element: [[ChromeDriver: chrome on windows (6f38a1bf833f4a310c2b08290856022d)] -> xpath: //span[contains(@class,'navigation-menu__dropdown-header__span')][normalize-space()='Savings']]
Session ID: 6f38a1bf833f4a310c2b08290856022d
at java.base/jdk.internal.reflect.NativeConstructorAccessorImpl.newInstance0(Native Method)
at java.base/jdk.internal.reflect.NativeConstructorAccessorImpl.newInstance(NativeConstructorAccessorImpl.java:77)
at java.base/jdk.internal.reflect.DelegatingConstructorAccessorImpl.newInstance(DelegatingConstructorAccessorImpl.java:45)
at java.base/java.lang.reflect.Constructor.newInstanceWithCaller(Constructor.java:499)
at java.base/java.lang.reflect.Constructor.newInstance(Constructor.java:480)
at org.openqa.selenium.remote.codec.w3c.W3CHttpResponseCodec.createException(W3CHttpResponseCodec.java:200)
at org.openqa.selenium.remote.codec.w3c.W3CHttpResponseCodec.decode(W3CHttpResponseCodec.java:133)
at org.openqa.selenium.remote.codec.w3c.W3CHttpResponseCodec.decode(W3CHttpResponseCodec.java:52)
at org.openqa.selenium.remote.HttpCommandExecutor.execute(HttpCommandExecutor.java:191)
at org.openqa.selenium.remote.service.DriverCommandExecutor.invokeExecute(DriverCommandExecutor.java:196)
at org.openqa.selenium.remote.service.DriverCommandExecutor.execute(DriverCommandExecutor.java:171)
at org.openqa.selenium.remote.RemoteWebDriver.execute(RemoteWebDriver.java:518)
at org.openqa.selenium.remote.RemoteWebElement.execute(RemoteWebElement.java:224)
at org.openqa.selenium.remote.RemoteWebElement.click(RemoteWebElement.java:77)
at java.base/jdk.internal.reflect.NativeMethodAccessorImpl.invoke0(Native Method)
at java.base/jdk.internal.reflect.NativeMethodAccessorImpl.invoke(NativeMethodAccessorImpl.java:77)
at java.base/jdk.internal.reflect.DelegatingMethodAccessorImpl.invoke(DelegatingMethodAccessorImpl.java:43)
at java.base/java.lang.reflect.Method.invoke(Method.java:568)
at org.openqa.selenium.support.pagefactory.internal.LocatingElementHandler.invoke(LocatingElementHandler.java:51)
at jdk.proxy2/jdk.proxy2.$Proxy29.click(Unknown Source)
at pages.actions.PersonalSavingsAccountPageActions.navigateToPersonalSavingsPage(PersonalSavingsAccountPageActions.java:23)
at Savings_Feature_Steps.Savings_PersonalSavingsAccountPageSteps.i_navigate_to_personal_savings_account_page(Savings_PersonalSavingsAccountPageSteps.java:18)
at ?.I navigate to Personal Savings Account page(file:///G:/TRG/Website-Test-Automation-couk_Automation_Handover/Website-Test-Automation-couk_Automation_Handover2/src/test/resources/Savings_FeatureFiles/PersonalSavingsAccount.feature:44)
]]>
    </error>
  </testcase> <!-- runScenario -->
  <system-out/>
  <testcase classname="runners.SavingsRunner" name="runScenario" time="3.530">
    <error message="element click intercepted: Element &lt;span class=&quot;navigation-menu__dropdown-header__span&quot;&gt;...&lt;/span&gt; is not clickable at point (57, 121). Other element would receive the click: &lt;div class=&quot;onetrust-pc-dark-filter ot-fade-in&quot; style=&quot;display: block;z-index: 2147483645;&quot;&gt;&lt;/div&gt;
  (Session info: chrome=118.0.5993.70)
Build info: version: &#039;4.11.0&#039;, revision: &#039;040bc5406b&#039;
System info: os.name: &#039;Windows Server 2019&#039;, os.arch: &#039;amd64&#039;, os.version: &#039;10.0&#039;, java.version: &#039;17.0.1&#039;
Driver info: org.openqa.selenium.chrome.ChromeDriver
Command: [6f38a1bf833f4a310c2b08290856022d, clickElement {id=5C0D6DAE9BEDB4AA505FEF6F661DC109_element_801}]
Capabilities {acceptInsecureCerts: false, browserName: chrome, browserVersion: 118.0.5993.70, chrome: {chromedriverVersion: 118.0.5993.70 (e52f33f30b91..., userDataDir: C:\Users\TRUPTI~1.GUM\AppDa...}, fedcm:accounts: true, goog:chromeOptions: {debuggerAddress: localhost:54151}, networkConnectionEnabled: false, pageLoadStrategy: normal, platformName: windows, proxy: Proxy(), se:cdp: ws://localhost:54151/devtoo..., se:cdpVersion: 118.0.5993.70, setWindowRect: true, strictFileInteractability: false, timeouts: {implicit: 0, pageLoad: 300000, script: 30000}, unhandledPromptBehavior: dismiss and notify, webauthn:extension:credBlob: true, webauthn:extension:largeBlob: true, webauthn:extension:minPinLength: true, webauthn:extension:prf: true, webauthn:virtualAuthenticators: true}
Element: [[ChromeDriver: chrome on windows (6f38a1bf833f4a310c2b08290856022d)] -&gt; xpath: //span[contains(@class,&#039;navigation-menu__dropdown-header__span&#039;)][normalize-space()=&#039;Savings&#039;]]
Session ID: 6f38a1bf833f4a310c2b08290856022d" type="org.openqa.selenium.ElementClickInterceptedException">
      <![CDATA[org.openqa.selenium.ElementClickInterceptedException: element click intercepted: Element <span class="navigation-menu__dropdown-header__span">...</span> is not clickable at point (57, 121). Other element would receive the click: <div class="onetrust-pc-dark-filter ot-fade-in" style="display: block;z-index: 2147483645;"></div>
  (Session info: chrome=118.0.5993.70)
Build info: version: '4.11.0', revision: '040bc5406b'
System info: os.name: 'Windows Server 2019', os.arch: 'amd64', os.version: '10.0', java.version: '17.0.1'
Driver info: org.openqa.selenium.chrome.ChromeDriver
Command: [6f38a1bf833f4a310c2b08290856022d, clickElement {id=5C0D6DAE9BEDB4AA505FEF6F661DC109_element_801}]
Capabilities {acceptInsecureCerts: false, browserName: chrome, browserVersion: 118.0.5993.70, chrome: {chromedriverVersion: 118.0.5993.70 (e52f33f30b91..., userDataDir: C:\Users\TRUPTI~1.GUM\AppDa...}, fedcm:accounts: true, goog:chromeOptions: {debuggerAddress: localhost:54151}, networkConnectionEnabled: false, pageLoadStrategy: normal, platformName: windows, proxy: Proxy(), se:cdp: ws://localhost:54151/devtoo..., se:cdpVersion: 118.0.5993.70, setWindowRect: true, strictFileInteractability: false, timeouts: {implicit: 0, pageLoad: 300000, script: 30000}, unhandledPromptBehavior: dismiss and notify, webauthn:extension:credBlob: true, webauthn:extension:largeBlob: true, webauthn:extension:minPinLength: true, webauthn:extension:prf: true, webauthn:virtualAuthenticators: true}
Element: [[ChromeDriver: chrome on windows (6f38a1bf833f4a310c2b08290856022d)] -> xpath: //span[contains(@class,'navigation-menu__dropdown-header__span')][normalize-space()='Savings']]
Session ID: 6f38a1bf833f4a310c2b08290856022d
at jdk.internal.reflect.GeneratedConstructorAccessor27.newInstance(Unknown Source)
at java.base/jdk.internal.reflect.DelegatingConstructorAccessorImpl.newInstance(DelegatingConstructorAccessorImpl.java:45)
at java.base/java.lang.reflect.Constructor.newInstanceWithCaller(Constructor.java:499)
at java.base/java.lang.reflect.Constructor.newInstance(Constructor.java:480)
at org.openqa.selenium.remote.codec.w3c.W3CHttpResponseCodec.createException(W3CHttpResponseCodec.java:200)
at org.openqa.selenium.remote.codec.w3c.W3CHttpResponseCodec.decode(W3CHttpResponseCodec.java:133)
at org.openqa.selenium.remote.codec.w3c.W3CHttpResponseCodec.decode(W3CHttpResponseCodec.java:52)
at org.openqa.selenium.remote.HttpCommandExecutor.execute(HttpCommandExecutor.java:191)
at org.openqa.selenium.remote.service.DriverCommandExecutor.invokeExecute(DriverCommandExecutor.java:196)
at org.openqa.selenium.remote.service.DriverCommandExecutor.execute(DriverCommandExecutor.java:171)
at org.openqa.selenium.remote.RemoteWebDriver.execute(RemoteWebDriver.java:518)
at org.openqa.selenium.remote.RemoteWebElement.execute(RemoteWebElement.java:224)
at org.openqa.selenium.remote.RemoteWebElement.click(RemoteWebElement.java:77)
at jdk.internal.reflect.GeneratedMethodAccessor116.invoke(Unknown Source)
at java.base/jdk.internal.reflect.DelegatingMethodAccessorImpl.invoke(DelegatingMethodAccessorImpl.java:43)
at java.base/java.lang.reflect.Method.invoke(Method.java:568)
at org.openqa.selenium.support.pagefactory.internal.LocatingElementHandler.invoke(LocatingElementHandler.java:51)
at jdk.proxy2/jdk.proxy2.$Proxy29.click(Unknown Source)
at pages.actions.PersonalSavingsAccountPageActions.navigateToPersonalSavingsPage(PersonalSavingsAccountPageActions.java:23)
at Savings_Feature_Steps.Savings_PersonalSavingsAccountPageSteps.i_navigate_to_personal_savings_account_page(Savings_PersonalSavingsAccountPageSteps.java:18)
at ?.I navigate to Personal Savings Account page(file:///G:/TRG/Website-Test-Automation-couk_Automation_Handover/Website-Test-Automation-couk_Automation_Handover2/src/test/resources/Savings_FeatureFiles/PersonalSavingsAccount.feature:227)
]]>
    </error>
  </testcase> <!-- runScenario -->
  <system-out/>
  <testcase classname="runners.SavingsRunner" name="runScenario" time="2.796">
    <error message="element click intercepted: Element &lt;span class=&quot;navigation-menu__dropdown-header__span&quot;&gt;...&lt;/span&gt; is not clickable at point (57, 121). Other element would receive the click: &lt;div class=&quot;onetrust-pc-dark-filter ot-fade-in&quot; style=&quot;display: block;z-index: 2147483645;&quot;&gt;&lt;/div&gt;
  (Session info: chrome=118.0.5993.70)
Build info: version: &#039;4.11.0&#039;, revision: &#039;040bc5406b&#039;
System info: os.name: &#039;Windows Server 2019&#039;, os.arch: &#039;amd64&#039;, os.version: &#039;10.0&#039;, java.version: &#039;17.0.1&#039;
Driver info: org.openqa.selenium.chrome.ChromeDriver
Command: [6f38a1bf833f4a310c2b08290856022d, clickElement {id=F2823B61588F91C51A0BEC886C170FD9_element_840}]
Capabilities {acceptInsecureCerts: false, browserName: chrome, browserVersion: 118.0.5993.70, chrome: {chromedriverVersion: 118.0.5993.70 (e52f33f30b91..., userDataDir: C:\Users\TRUPTI~1.GUM\AppDa...}, fedcm:accounts: true, goog:chromeOptions: {debuggerAddress: localhost:54151}, networkConnectionEnabled: false, pageLoadStrategy: normal, platformName: windows, proxy: Proxy(), se:cdp: ws://localhost:54151/devtoo..., se:cdpVersion: 118.0.5993.70, setWindowRect: true, strictFileInteractability: false, timeouts: {implicit: 0, pageLoad: 300000, script: 30000}, unhandledPromptBehavior: dismiss and notify, webauthn:extension:credBlob: true, webauthn:extension:largeBlob: true, webauthn:extension:minPinLength: true, webauthn:extension:prf: true, webauthn:virtualAuthenticators: true}
Element: [[ChromeDriver: chrome on windows (6f38a1bf833f4a310c2b08290856022d)] -&gt; xpath: //span[contains(@class,&#039;navigation-menu__dropdown-header__span&#039;)][normalize-space()=&#039;Savings&#039;]]
Session ID: 6f38a1bf833f4a310c2b08290856022d" type="org.openqa.selenium.ElementClickInterceptedException">
      <![CDATA[org.openqa.selenium.ElementClickInterceptedException: element click intercepted: Element <span class="navigation-menu__dropdown-header__span">...</span> is not clickable at point (57, 121). Other element would receive the click: <div class="onetrust-pc-dark-filter ot-fade-in" style="display: block;z-index: 2147483645;"></div>
  (Session info: chrome=118.0.5993.70)
Build info: version: '4.11.0', revision: '040bc5406b'
System info: os.name: 'Windows Server 2019', os.arch: 'amd64', os.version: '10.0', java.version: '17.0.1'
Driver info: org.openqa.selenium.chrome.ChromeDriver
Command: [6f38a1bf833f4a310c2b08290856022d, clickElement {id=F2823B61588F91C51A0BEC886C170FD9_element_840}]
Capabilities {acceptInsecureCerts: false, browserName: chrome, browserVersion: 118.0.5993.70, chrome: {chromedriverVersion: 118.0.5993.70 (e52f33f30b91..., userDataDir: C:\Users\TRUPTI~1.GUM\AppDa...}, fedcm:accounts: true, goog:chromeOptions: {debuggerAddress: localhost:54151}, networkConnectionEnabled: false, pageLoadStrategy: normal, platformName: windows, proxy: Proxy(), se:cdp: ws://localhost:54151/devtoo..., se:cdpVersion: 118.0.5993.70, setWindowRect: true, strictFileInteractability: false, timeouts: {implicit: 0, pageLoad: 300000, script: 30000}, unhandledPromptBehavior: dismiss and notify, webauthn:extension:credBlob: true, webauthn:extension:largeBlob: true, webauthn:extension:minPinLength: true, webauthn:extension:prf: true, webauthn:virtualAuthenticators: true}
Element: [[ChromeDriver: chrome on windows (6f38a1bf833f4a310c2b08290856022d)] -> xpath: //span[contains(@class,'navigation-menu__dropdown-header__span')][normalize-space()='Savings']]
Session ID: 6f38a1bf833f4a310c2b08290856022d
at jdk.internal.reflect.GeneratedConstructorAccessor27.newInstance(Unknown Source)
at java.base/jdk.internal.reflect.DelegatingConstructorAccessorImpl.newInstance(DelegatingConstructorAccessorImpl.java:45)
at java.base/java.lang.reflect.Constructor.newInstanceWithCaller(Constructor.java:499)
at java.base/java.lang.reflect.Constructor.newInstance(Constructor.java:480)
at org.openqa.selenium.remote.codec.w3c.W3CHttpResponseCodec.createException(W3CHttpResponseCodec.java:200)
at org.openqa.selenium.remote.codec.w3c.W3CHttpResponseCodec.decode(W3CHttpResponseCodec.java:133)
at org.openqa.selenium.remote.codec.w3c.W3CHttpResponseCodec.decode(W3CHttpResponseCodec.java:52)
at org.openqa.selenium.remote.HttpCommandExecutor.execute(HttpCommandExecutor.java:191)
at org.openqa.selenium.remote.service.DriverCommandExecutor.invokeExecute(DriverCommandExecutor.java:196)
at org.openqa.selenium.remote.service.DriverCommandExecutor.execute(DriverCommandExecutor.java:171)
at org.openqa.selenium.remote.RemoteWebDriver.execute(RemoteWebDriver.java:518)
at org.openqa.selenium.remote.RemoteWebElement.execute(RemoteWebElement.java:224)
at org.openqa.selenium.remote.RemoteWebElement.click(RemoteWebElement.java:77)
at jdk.internal.reflect.GeneratedMethodAccessor116.invoke(Unknown Source)
at java.base/jdk.internal.reflect.DelegatingMethodAccessorImpl.invoke(DelegatingMethodAccessorImpl.java:43)
at java.base/java.lang.reflect.Method.invoke(Method.java:568)
at org.openqa.selenium.support.pagefactory.internal.LocatingElementHandler.invoke(LocatingElementHandler.java:51)
at jdk.proxy2/jdk.proxy2.$Proxy29.click(Unknown Source)
at pages.actions.PersonalSavingsAccountPageActions.navigateToPersonalSavingsPage(PersonalSavingsAccountPageActions.java:23)
at Savings_Feature_Steps.Savings_PersonalSavingsAccountPageSteps.i_navigate_to_personal_savings_account_page(Savings_PersonalSavingsAccountPageSteps.java:18)
at ?.I navigate to Personal Savings Account page(file:///G:/TRG/Website-Test-Automation-couk_Automation_Handover/Website-Test-Automation-couk_Automation_Handover2/src/test/resources/Savings_FeatureFiles/PersonalSavingsAccount.feature:227)
]]>
    </error>
  </testcase> <!-- runScenario -->
  <system-out/>
  <testcase classname="runners.SavingsRunner" name="runScenario" time="3.272">
    <error message="element click intercepted: Element &lt;span class=&quot;navigation-menu__dropdown-header__span&quot;&gt;...&lt;/span&gt; is not clickable at point (57, 121). Other element would receive the click: &lt;div class=&quot;onetrust-pc-dark-filter ot-fade-in&quot; style=&quot;display: block;z-index: 2147483645;&quot;&gt;&lt;/div&gt;
  (Session info: chrome=118.0.5993.70)
Build info: version: &#039;4.11.0&#039;, revision: &#039;040bc5406b&#039;
System info: os.name: &#039;Windows Server 2019&#039;, os.arch: &#039;amd64&#039;, os.version: &#039;10.0&#039;, java.version: &#039;17.0.1&#039;
Driver info: org.openqa.selenium.chrome.ChromeDriver
Command: [6f38a1bf833f4a310c2b08290856022d, clickElement {id=41094BE7C323D9465F359B1EEAD52304_element_209}]
Capabilities {acceptInsecureCerts: false, browserName: chrome, browserVersion: 118.0.5993.70, chrome: {chromedriverVersion: 118.0.5993.70 (e52f33f30b91..., userDataDir: C:\Users\TRUPTI~1.GUM\AppDa...}, fedcm:accounts: true, goog:chromeOptions: {debuggerAddress: localhost:54151}, networkConnectionEnabled: false, pageLoadStrategy: normal, platformName: windows, proxy: Proxy(), se:cdp: ws://localhost:54151/devtoo..., se:cdpVersion: 118.0.5993.70, setWindowRect: true, strictFileInteractability: false, timeouts: {implicit: 0, pageLoad: 300000, script: 30000}, unhandledPromptBehavior: dismiss and notify, webauthn:extension:credBlob: true, webauthn:extension:largeBlob: true, webauthn:extension:minPinLength: true, webauthn:extension:prf: true, webauthn:virtualAuthenticators: true}
Element: [[ChromeDriver: chrome on windows (6f38a1bf833f4a310c2b08290856022d)] -&gt; xpath: //span[contains(@class,&#039;navigation-menu__dropdown-header__span&#039;)][normalize-space()=&#039;Savings&#039;]]
Session ID: 6f38a1bf833f4a310c2b08290856022d" type="org.openqa.selenium.ElementClickInterceptedException">
      <![CDATA[org.openqa.selenium.ElementClickInterceptedException: element click intercepted: Element <span class="navigation-menu__dropdown-header__span">...</span> is not clickable at point (57, 121). Other element would receive the click: <div class="onetrust-pc-dark-filter ot-fade-in" style="display: block;z-index: 2147483645;"></div>
  (Session info: chrome=118.0.5993.70)
Build info: version: '4.11.0', revision: '040bc5406b'
System info: os.name: 'Windows Server 2019', os.arch: 'amd64', os.version: '10.0', java.version: '17.0.1'
Driver info: org.openqa.selenium.chrome.ChromeDriver
Command: [6f38a1bf833f4a310c2b08290856022d, clickElement {id=41094BE7C323D9465F359B1EEAD52304_element_209}]
Capabilities {acceptInsecureCerts: false, browserName: chrome, browserVersion: 118.0.5993.70, chrome: {chromedriverVersion: 118.0.5993.70 (e52f33f30b91..., userDataDir: C:\Users\TRUPTI~1.GUM\AppDa...}, fedcm:accounts: true, goog:chromeOptions: {debuggerAddress: localhost:54151}, networkConnectionEnabled: false, pageLoadStrategy: normal, platformName: windows, proxy: Proxy(), se:cdp: ws://localhost:54151/devtoo..., se:cdpVersion: 118.0.5993.70, setWindowRect: true, strictFileInteractability: false, timeouts: {implicit: 0, pageLoad: 300000, script: 30000}, unhandledPromptBehavior: dismiss and notify, webauthn:extension:credBlob: true, webauthn:extension:largeBlob: true, webauthn:extension:minPinLength: true, webauthn:extension:prf: true, webauthn:virtualAuthenticators: true}
Element: [[ChromeDriver: chrome on windows (6f38a1bf833f4a310c2b08290856022d)] -> xpath: //span[contains(@class,'navigation-menu__dropdown-header__span')][normalize-space()='Savings']]
Session ID: 6f38a1bf833f4a310c2b08290856022d
at java.base/jdk.internal.reflect.NativeConstructorAccessorImpl.newInstance0(Native Method)
at java.base/jdk.internal.reflect.NativeConstructorAccessorImpl.newInstance(NativeConstructorAccessorImpl.java:77)
at java.base/jdk.internal.reflect.DelegatingConstructorAccessorImpl.newInstance(DelegatingConstructorAccessorImpl.java:45)
at java.base/java.lang.reflect.Constructor.newInstanceWithCaller(Constructor.java:499)
at java.base/java.lang.reflect.Constructor.newInstance(Constructor.java:480)
at org.openqa.selenium.remote.codec.w3c.W3CHttpResponseCodec.createException(W3CHttpResponseCodec.java:200)
at org.openqa.selenium.remote.codec.w3c.W3CHttpResponseCodec.decode(W3CHttpResponseCodec.java:133)
at org.openqa.selenium.remote.codec.w3c.W3CHttpResponseCodec.decode(W3CHttpResponseCodec.java:52)
at org.openqa.selenium.remote.HttpCommandExecutor.execute(HttpCommandExecutor.java:191)
at org.openqa.selenium.remote.service.DriverCommandExecutor.invokeExecute(DriverCommandExecutor.java:196)
at org.openqa.selenium.remote.service.DriverCommandExecutor.execute(DriverCommandExecutor.java:171)
at org.openqa.selenium.remote.RemoteWebDriver.execute(RemoteWebDriver.java:518)
at org.openqa.selenium.remote.RemoteWebElement.execute(RemoteWebElement.java:224)
at org.openqa.selenium.remote.RemoteWebElement.click(RemoteWebElement.java:77)
at java.base/jdk.internal.reflect.NativeMethodAccessorImpl.invoke0(Native Method)
at java.base/jdk.internal.reflect.NativeMethodAccessorImpl.invoke(NativeMethodAccessorImpl.java:77)
at java.base/jdk.internal.reflect.DelegatingMethodAccessorImpl.invoke(DelegatingMethodAccessorImpl.java:43)
at java.base/java.lang.reflect.Method.invoke(Method.java:568)
at org.openqa.selenium.support.pagefactory.internal.LocatingElementHandler.invoke(LocatingElementHandler.java:51)
at jdk.proxy2/jdk.proxy2.$Proxy29.click(Unknown Source)
at pages.actions.PersonalSavingsAccountPageActions.navigateToPersonalSavingsPage(PersonalSavingsAccountPageActions.java:23)
at Savings_Feature_Steps.Savings_PersonalSavingsAccountPageSteps.i_navigate_to_personal_savings_account_page(Savings_PersonalSavingsAccountPageSteps.java:18)
at ?.I navigate to Personal Savings Account page(file:///G:/TRG/Website-Test-Automation-couk_Automation_Handover/Website-Test-Automation-couk_Automation_Handover2/src/test/resources/Savings_FeatureFiles/PersonalSavingsAccount.feature:29)
]]>
    </error>
  </testcase> <!-- runScenario -->
  <system-out/>
  <testcase classname="runners.SavingsRunner" name="runScenario" time="3.142">
    <error message="element click intercepted: Element &lt;span class=&quot;navigation-menu__dropdown-header__span&quot;&gt;...&lt;/span&gt; is not clickable at point (57, 121). Other element would receive the click: &lt;div class=&quot;onetrust-pc-dark-filter ot-fade-in&quot; style=&quot;display: block;z-index: 2147483645;&quot;&gt;&lt;/div&gt;
  (Session info: chrome=118.0.5993.70)
Build info: version: &#039;4.11.0&#039;, revision: &#039;040bc5406b&#039;
System info: os.name: &#039;Windows Server 2019&#039;, os.arch: &#039;amd64&#039;, os.version: &#039;10.0&#039;, java.version: &#039;17.0.1&#039;
Driver info: org.openqa.selenium.chrome.ChromeDriver
Command: [6f38a1bf833f4a310c2b08290856022d, clickElement {id=85506ED547EB88C25019BAE3225E4BAD_element_911}]
Capabilities {acceptInsecureCerts: false, browserName: chrome, browserVersion: 118.0.5993.70, chrome: {chromedriverVersion: 118.0.5993.70 (e52f33f30b91..., userDataDir: C:\Users\TRUPTI~1.GUM\AppDa...}, fedcm:accounts: true, goog:chromeOptions: {debuggerAddress: localhost:54151}, networkConnectionEnabled: false, pageLoadStrategy: normal, platformName: windows, proxy: Proxy(), se:cdp: ws://localhost:54151/devtoo..., se:cdpVersion: 118.0.5993.70, setWindowRect: true, strictFileInteractability: false, timeouts: {implicit: 0, pageLoad: 300000, script: 30000}, unhandledPromptBehavior: dismiss and notify, webauthn:extension:credBlob: true, webauthn:extension:largeBlob: true, webauthn:extension:minPinLength: true, webauthn:extension:prf: true, webauthn:virtualAuthenticators: true}
Element: [[ChromeDriver: chrome on windows (6f38a1bf833f4a310c2b08290856022d)] -&gt; xpath: //span[contains(@class,&#039;navigation-menu__dropdown-header__span&#039;)][normalize-space()=&#039;Savings&#039;]]
Session ID: 6f38a1bf833f4a310c2b08290856022d" type="org.openqa.selenium.ElementClickInterceptedException">
      <![CDATA[org.openqa.selenium.ElementClickInterceptedException: element click intercepted: Element <span class="navigation-menu__dropdown-header__span">...</span> is not clickable at point (57, 121). Other element would receive the click: <div class="onetrust-pc-dark-filter ot-fade-in" style="display: block;z-index: 2147483645;"></div>
  (Session info: chrome=118.0.5993.70)
Build info: version: '4.11.0', revision: '040bc5406b'
System info: os.name: 'Windows Server 2019', os.arch: 'amd64', os.version: '10.0', java.version: '17.0.1'
Driver info: org.openqa.selenium.chrome.ChromeDriver
Command: [6f38a1bf833f4a310c2b08290856022d, clickElement {id=85506ED547EB88C25019BAE3225E4BAD_element_911}]
Capabilities {acceptInsecureCerts: false, browserName: chrome, browserVersion: 118.0.5993.70, chrome: {chromedriverVersion: 118.0.5993.70 (e52f33f30b91..., userDataDir: C:\Users\TRUPTI~1.GUM\AppDa...}, fedcm:accounts: true, goog:chromeOptions: {debuggerAddress: localhost:54151}, networkConnectionEnabled: false, pageLoadStrategy: normal, platformName: windows, proxy: Proxy(), se:cdp: ws://localhost:54151/devtoo..., se:cdpVersion: 118.0.5993.70, setWindowRect: true, strictFileInteractability: false, timeouts: {implicit: 0, pageLoad: 300000, script: 30000}, unhandledPromptBehavior: dismiss and notify, webauthn:extension:credBlob: true, webauthn:extension:largeBlob: true, webauthn:extension:minPinLength: true, webauthn:extension:prf: true, webauthn:virtualAuthenticators: true}
Element: [[ChromeDriver: chrome on windows (6f38a1bf833f4a310c2b08290856022d)] -> xpath: //span[contains(@class,'navigation-menu__dropdown-header__span')][normalize-space()='Savings']]
Session ID: 6f38a1bf833f4a310c2b08290856022d
at jdk.internal.reflect.GeneratedConstructorAccessor27.newInstance(Unknown Source)
at java.base/jdk.internal.reflect.DelegatingConstructorAccessorImpl.newInstance(DelegatingConstructorAccessorImpl.java:45)
at java.base/java.lang.reflect.Constructor.newInstanceWithCaller(Constructor.java:499)
at java.base/java.lang.reflect.Constructor.newInstance(Constructor.java:480)
at org.openqa.selenium.remote.codec.w3c.W3CHttpResponseCodec.createException(W3CHttpResponseCodec.java:200)
at org.openqa.selenium.remote.codec.w3c.W3CHttpResponseCodec.decode(W3CHttpResponseCodec.java:133)
at org.openqa.selenium.remote.codec.w3c.W3CHttpResponseCodec.decode(W3CHttpResponseCodec.java:52)
at org.openqa.selenium.remote.HttpCommandExecutor.execute(HttpCommandExecutor.java:191)
at org.openqa.selenium.remote.service.DriverCommandExecutor.invokeExecute(DriverCommandExecutor.java:196)
at org.openqa.selenium.remote.service.DriverCommandExecutor.execute(DriverCommandExecutor.java:171)
at org.openqa.selenium.remote.RemoteWebDriver.execute(RemoteWebDriver.java:518)
at org.openqa.selenium.remote.RemoteWebElement.execute(RemoteWebElement.java:224)
at org.openqa.selenium.remote.RemoteWebElement.click(RemoteWebElement.java:77)
at jdk.internal.reflect.GeneratedMethodAccessor116.invoke(Unknown Source)
at java.base/jdk.internal.reflect.DelegatingMethodAccessorImpl.invoke(DelegatingMethodAccessorImpl.java:43)
at java.base/java.lang.reflect.Method.invoke(Method.java:568)
at org.openqa.selenium.support.pagefactory.internal.LocatingElementHandler.invoke(LocatingElementHandler.java:51)
at jdk.proxy2/jdk.proxy2.$Proxy29.click(Unknown Source)
at pages.actions.PersonalSavingsAccountPageActions.navigateToPersonalSavingsPage(PersonalSavingsAccountPageActions.java:23)
at Savings_Feature_Steps.Savings_PersonalSavingsAccountPageSteps.i_navigate_to_personal_savings_account_page(Savings_PersonalSavingsAccountPageSteps.java:18)
at ?.I navigate to Personal Savings Account page(file:///G:/TRG/Website-Test-Automation-couk_Automation_Handover/Website-Test-Automation-couk_Automation_Handover2/src/test/resources/Savings_FeatureFiles/PersonalSavingsAccount.feature:227)
]]>
    </error>
  </testcase> <!-- runScenario -->
  <system-out/>
  <testcase classname="runners.SavingsRunner" name="runScenario" time="3.088">
    <error message="element click intercepted: Element &lt;span class=&quot;navigation-menu__dropdown-header__span&quot;&gt;...&lt;/span&gt; is not clickable at point (57, 121). Other element would receive the click: &lt;div class=&quot;onetrust-pc-dark-filter ot-fade-in&quot; style=&quot;display: block;z-index: 2147483645;&quot;&gt;&lt;/div&gt;
  (Session info: chrome=118.0.5993.70)
Build info: version: &#039;4.11.0&#039;, revision: &#039;040bc5406b&#039;
System info: os.name: &#039;Windows Server 2019&#039;, os.arch: &#039;amd64&#039;, os.version: &#039;10.0&#039;, java.version: &#039;17.0.1&#039;
Driver info: org.openqa.selenium.chrome.ChromeDriver
Command: [6f38a1bf833f4a310c2b08290856022d, clickElement {id=8AA4D846F2054E1603914015D416B8DE_element_328}]
Capabilities {acceptInsecureCerts: false, browserName: chrome, browserVersion: 118.0.5993.70, chrome: {chromedriverVersion: 118.0.5993.70 (e52f33f30b91..., userDataDir: C:\Users\TRUPTI~1.GUM\AppDa...}, fedcm:accounts: true, goog:chromeOptions: {debuggerAddress: localhost:54151}, networkConnectionEnabled: false, pageLoadStrategy: normal, platformName: windows, proxy: Proxy(), se:cdp: ws://localhost:54151/devtoo..., se:cdpVersion: 118.0.5993.70, setWindowRect: true, strictFileInteractability: false, timeouts: {implicit: 0, pageLoad: 300000, script: 30000}, unhandledPromptBehavior: dismiss and notify, webauthn:extension:credBlob: true, webauthn:extension:largeBlob: true, webauthn:extension:minPinLength: true, webauthn:extension:prf: true, webauthn:virtualAuthenticators: true}
Element: [[ChromeDriver: chrome on windows (6f38a1bf833f4a310c2b08290856022d)] -&gt; xpath: //span[contains(@class,&#039;navigation-menu__dropdown-header__span&#039;)][normalize-space()=&#039;Savings&#039;]]
Session ID: 6f38a1bf833f4a310c2b08290856022d" type="org.openqa.selenium.ElementClickInterceptedException">
      <![CDATA[org.openqa.selenium.ElementClickInterceptedException: element click intercepted: Element <span class="navigation-menu__dropdown-header__span">...</span> is not clickable at point (57, 121). Other element would receive the click: <div class="onetrust-pc-dark-filter ot-fade-in" style="display: block;z-index: 2147483645;"></div>
  (Session info: chrome=118.0.5993.70)
Build info: version: '4.11.0', revision: '040bc5406b'
System info: os.name: 'Windows Server 2019', os.arch: 'amd64', os.version: '10.0', java.version: '17.0.1'
Driver info: org.openqa.selenium.chrome.ChromeDriver
Command: [6f38a1bf833f4a310c2b08290856022d, clickElement {id=8AA4D846F2054E1603914015D416B8DE_element_328}]
Capabilities {acceptInsecureCerts: false, browserName: chrome, browserVersion: 118.0.5993.70, chrome: {chromedriverVersion: 118.0.5993.70 (e52f33f30b91..., userDataDir: C:\Users\TRUPTI~1.GUM\AppDa...}, fedcm:accounts: true, goog:chromeOptions: {debuggerAddress: localhost:54151}, networkConnectionEnabled: false, pageLoadStrategy: normal, platformName: windows, proxy: Proxy(), se:cdp: ws://localhost:54151/devtoo..., se:cdpVersion: 118.0.5993.70, setWindowRect: true, strictFileInteractability: false, timeouts: {implicit: 0, pageLoad: 300000, script: 30000}, unhandledPromptBehavior: dismiss and notify, webauthn:extension:credBlob: true, webauthn:extension:largeBlob: true, webauthn:extension:minPinLength: true, webauthn:extension:prf: true, webauthn:virtualAuthenticators: true}
Element: [[ChromeDriver: chrome on windows (6f38a1bf833f4a310c2b08290856022d)] -> xpath: //span[contains(@class,'navigation-menu__dropdown-header__span')][normalize-space()='Savings']]
Session ID: 6f38a1bf833f4a310c2b08290856022d
at java.base/jdk.internal.reflect.NativeConstructorAccessorImpl.newInstance0(Native Method)
at java.base/jdk.internal.reflect.NativeConstructorAccessorImpl.newInstance(NativeConstructorAccessorImpl.java:77)
at java.base/jdk.internal.reflect.DelegatingConstructorAccessorImpl.newInstance(DelegatingConstructorAccessorImpl.java:45)
at java.base/java.lang.reflect.Constructor.newInstanceWithCaller(Constructor.java:499)
at java.base/java.lang.reflect.Constructor.newInstance(Constructor.java:480)
at org.openqa.selenium.remote.codec.w3c.W3CHttpResponseCodec.createException(W3CHttpResponseCodec.java:200)
at org.openqa.selenium.remote.codec.w3c.W3CHttpResponseCodec.decode(W3CHttpResponseCodec.java:133)
at org.openqa.selenium.remote.codec.w3c.W3CHttpResponseCodec.decode(W3CHttpResponseCodec.java:52)
at org.openqa.selenium.remote.HttpCommandExecutor.execute(HttpCommandExecutor.java:191)
at org.openqa.selenium.remote.service.DriverCommandExecutor.invokeExecute(DriverCommandExecutor.java:196)
at org.openqa.selenium.remote.service.DriverCommandExecutor.execute(DriverCommandExecutor.java:171)
at org.openqa.selenium.remote.RemoteWebDriver.execute(RemoteWebDriver.java:518)
at org.openqa.selenium.remote.RemoteWebElement.execute(RemoteWebElement.java:224)
at org.openqa.selenium.remote.RemoteWebElement.click(RemoteWebElement.java:77)
at java.base/jdk.internal.reflect.NativeMethodAccessorImpl.invoke0(Native Method)
at java.base/jdk.internal.reflect.NativeMethodAccessorImpl.invoke(NativeMethodAccessorImpl.java:77)
at java.base/jdk.internal.reflect.DelegatingMethodAccessorImpl.invoke(DelegatingMethodAccessorImpl.java:43)
at java.base/java.lang.reflect.Method.invoke(Method.java:568)
at org.openqa.selenium.support.pagefactory.internal.LocatingElementHandler.invoke(LocatingElementHandler.java:51)
at jdk.proxy2/jdk.proxy2.$Proxy29.click(Unknown Source)
at pages.actions.PersonalSavingsAccountPageActions.navigateToPersonalSavingsPage(PersonalSavingsAccountPageActions.java:23)
at Savings_Feature_Steps.Savings_PersonalSavingsAccountPageSteps.i_navigate_to_personal_savings_account_page(Savings_PersonalSavingsAccountPageSteps.java:18)
at ?.I navigate to Personal Savings Account page(file:///G:/TRG/Website-Test-Automation-couk_Automation_Handover/Website-Test-Automation-couk_Automation_Handover2/src/test/resources/Savings_FeatureFiles/PersonalSavingsAccount.feature:72)
]]>
    </error>
  </testcase> <!-- runScenario -->
  <system-out/>
  <testcase classname="runners.SavingsRunner" name="runScenario" time="3.160">
    <error message="element click intercepted: Element &lt;span class=&quot;navigation-menu__dropdown-header__span&quot;&gt;...&lt;/span&gt; is not clickable at point (57, 121). Other element would receive the click: &lt;div class=&quot;onetrust-pc-dark-filter ot-fade-in&quot; style=&quot;display: block;z-index: 2147483645;&quot;&gt;&lt;/div&gt;
  (Session info: chrome=118.0.5993.70)
Build info: version: &#039;4.11.0&#039;, revision: &#039;040bc5406b&#039;
System info: os.name: &#039;Windows Server 2019&#039;, os.arch: &#039;amd64&#039;, os.version: &#039;10.0&#039;, java.version: &#039;17.0.1&#039;
Driver info: org.openqa.selenium.chrome.ChromeDriver
Command: [6f38a1bf833f4a310c2b08290856022d, clickElement {id=E97C86E1B9A065C4AA1CAE3A203C55E9_element_922}]
Capabilities {acceptInsecureCerts: false, browserName: chrome, browserVersion: 118.0.5993.70, chrome: {chromedriverVersion: 118.0.5993.70 (e52f33f30b91..., userDataDir: C:\Users\TRUPTI~1.GUM\AppDa...}, fedcm:accounts: true, goog:chromeOptions: {debuggerAddress: localhost:54151}, networkConnectionEnabled: false, pageLoadStrategy: normal, platformName: windows, proxy: Proxy(), se:cdp: ws://localhost:54151/devtoo..., se:cdpVersion: 118.0.5993.70, setWindowRect: true, strictFileInteractability: false, timeouts: {implicit: 0, pageLoad: 300000, script: 30000}, unhandledPromptBehavior: dismiss and notify, webauthn:extension:credBlob: true, webauthn:extension:largeBlob: true, webauthn:extension:minPinLength: true, webauthn:extension:prf: true, webauthn:virtualAuthenticators: true}
Element: [[ChromeDriver: chrome on windows (6f38a1bf833f4a310c2b08290856022d)] -&gt; xpath: //span[contains(@class,&#039;navigation-menu__dropdown-header__span&#039;)][normalize-space()=&#039;Savings&#039;]]
Session ID: 6f38a1bf833f4a310c2b08290856022d" type="org.openqa.selenium.ElementClickInterceptedException">
      <![CDATA[org.openqa.selenium.ElementClickInterceptedException: element click intercepted: Element <span class="navigation-menu__dropdown-header__span">...</span> is not clickable at point (57, 121). Other element would receive the click: <div class="onetrust-pc-dark-filter ot-fade-in" style="display: block;z-index: 2147483645;"></div>
  (Session info: chrome=118.0.5993.70)
Build info: version: '4.11.0', revision: '040bc5406b'
System info: os.name: 'Windows Server 2019', os.arch: 'amd64', os.version: '10.0', java.version: '17.0.1'
Driver info: org.openqa.selenium.chrome.ChromeDriver
Command: [6f38a1bf833f4a310c2b08290856022d, clickElement {id=E97C86E1B9A065C4AA1CAE3A203C55E9_element_922}]
Capabilities {acceptInsecureCerts: false, browserName: chrome, browserVersion: 118.0.5993.70, chrome: {chromedriverVersion: 118.0.5993.70 (e52f33f30b91..., userDataDir: C:\Users\TRUPTI~1.GUM\AppDa...}, fedcm:accounts: true, goog:chromeOptions: {debuggerAddress: localhost:54151}, networkConnectionEnabled: false, pageLoadStrategy: normal, platformName: windows, proxy: Proxy(), se:cdp: ws://localhost:54151/devtoo..., se:cdpVersion: 118.0.5993.70, setWindowRect: true, strictFileInteractability: false, timeouts: {implicit: 0, pageLoad: 300000, script: 30000}, unhandledPromptBehavior: dismiss and notify, webauthn:extension:credBlob: true, webauthn:extension:largeBlob: true, webauthn:extension:minPinLength: true, webauthn:extension:prf: true, webauthn:virtualAuthenticators: true}
Element: [[ChromeDriver: chrome on windows (6f38a1bf833f4a310c2b08290856022d)] -> xpath: //span[contains(@class,'navigation-menu__dropdown-header__span')][normalize-space()='Savings']]
Session ID: 6f38a1bf833f4a310c2b08290856022d
at jdk.internal.reflect.GeneratedConstructorAccessor27.newInstance(Unknown Source)
at java.base/jdk.internal.reflect.DelegatingConstructorAccessorImpl.newInstance(DelegatingConstructorAccessorImpl.java:45)
at java.base/java.lang.reflect.Constructor.newInstanceWithCaller(Constructor.java:499)
at java.base/java.lang.reflect.Constructor.newInstance(Constructor.java:480)
at org.openqa.selenium.remote.codec.w3c.W3CHttpResponseCodec.createException(W3CHttpResponseCodec.java:200)
at org.openqa.selenium.remote.codec.w3c.W3CHttpResponseCodec.decode(W3CHttpResponseCodec.java:133)
at org.openqa.selenium.remote.codec.w3c.W3CHttpResponseCodec.decode(W3CHttpResponseCodec.java:52)
at org.openqa.selenium.remote.HttpCommandExecutor.execute(HttpCommandExecutor.java:191)
at org.openqa.selenium.remote.service.DriverCommandExecutor.invokeExecute(DriverCommandExecutor.java:196)
at org.openqa.selenium.remote.service.DriverCommandExecutor.execute(DriverCommandExecutor.java:171)
at org.openqa.selenium.remote.RemoteWebDriver.execute(RemoteWebDriver.java:518)
at org.openqa.selenium.remote.RemoteWebElement.execute(RemoteWebElement.java:224)
at org.openqa.selenium.remote.RemoteWebElement.click(RemoteWebElement.java:77)
at jdk.internal.reflect.GeneratedMethodAccessor116.invoke(Unknown Source)
at java.base/jdk.internal.reflect.DelegatingMethodAccessorImpl.invoke(DelegatingMethodAccessorImpl.java:43)
at java.base/java.lang.reflect.Method.invoke(Method.java:568)
at org.openqa.selenium.support.pagefactory.internal.LocatingElementHandler.invoke(LocatingElementHandler.java:51)
at jdk.proxy2/jdk.proxy2.$Proxy29.click(Unknown Source)
at pages.actions.PersonalSavingsAccountPageActions.navigateToPersonalSavingsPage(PersonalSavingsAccountPageActions.java:23)
at Savings_Feature_Steps.Savings_PersonalSavingsAccountPageSteps.i_navigate_to_personal_savings_account_page(Savings_PersonalSavingsAccountPageSteps.java:18)
at ?.I navigate to Personal Savings Account page(file:///G:/TRG/Website-Test-Automation-couk_Automation_Handover/Website-Test-Automation-couk_Automation_Handover2/src/test/resources/Savings_FeatureFiles/PersonalSavingsAccount.feature:227)
]]>
    </error>
  </testcase> <!-- runScenario -->
  <system-out/>
  <testcase classname="runners.SavingsRunner" name="runScenario" time="1.975">
    <error message="The step &#039;I navigate to Fixed Rate Savings Account page&#039; is undefined.
You can implement this step using the snippet(s) below:

@When(&quot;I navigate to Fixed Rate Savings Account page&quot;)
public void i_navigate_to_fixed_rate_savings_account_page() {
    // Write code here that turns the phrase above into concrete actions
    throw new io.cucumber.java.PendingException();
}
" type="io.cucumber.testng.UndefinedStepException">
      <![CDATA[io.cucumber.testng.UndefinedStepException: The step 'I navigate to Fixed Rate Savings Account page' is undefined.
You can implement this step using the snippet(s) below:

@When("I navigate to Fixed Rate Savings Account page")
public void i_navigate_to_fixed_rate_savings_account_page() {
    // Write code here that turns the phrase above into concrete actions
    throw new io.cucumber.java.PendingException();
}

at io.cucumber.core.runtime.TestCaseResultObserver.assertTestCasePassed(TestCaseResultObserver.java:69)
at io.cucumber.testng.TestCaseResultObserver.assertTestCasePassed(TestCaseResultObserver.java:23)
at io.cucumber.testng.TestNGCucumberRunner.lambda$runScenario$0(TestNGCucumberRunner.java:118)
at io.cucumber.core.runtime.CucumberExecutionContext.runTestCase(CucumberExecutionContext.java:117)
at io.cucumber.testng.TestNGCucumberRunner.runScenario(TestNGCucumberRunner.java:114)
at io.cucumber.testng.AbstractTestNGCucumberTests.runScenario(AbstractTestNGCucumberTests.java:31)
at java.base/jdk.internal.reflect.NativeMethodAccessorImpl.invoke0(Native Method)
at java.base/jdk.internal.reflect.NativeMethodAccessorImpl.invoke(NativeMethodAccessorImpl.java:77)
at java.base/jdk.internal.reflect.DelegatingMethodAccessorImpl.invoke(DelegatingMethodAccessorImpl.java:43)
at java.base/java.lang.reflect.Method.invoke(Method.java:568)
at org.testng.internal.MethodInvocationHelper.invokeMethod(MethodInvocationHelper.java:133)
at org.testng.internal.TestInvoker.invokeMethod(TestInvoker.java:598)
at org.testng.internal.TestInvoker.invokeTestMethod(TestInvoker.java:173)
at org.testng.internal.MethodRunner.runInSequence(MethodRunner.java:46)
at org.testng.internal.TestInvoker$MethodInvocationAgent.invoke(TestInvoker.java:824)
at org.testng.internal.TestInvoker.invokeTestMethods(TestInvoker.java:146)
at org.testng.internal.TestMethodWorker.invokeTestMethods(TestMethodWorker.java:146)
at org.testng.internal.TestMethodWorker.run(TestMethodWorker.java:128)
at java.base/java.util.ArrayList.forEach(ArrayList.java:1511)
at org.testng.TestRunner.privateRun(TestRunner.java:794)
at org.testng.TestRunner.run(TestRunner.java:596)
at org.testng.SuiteRunner.runTest(SuiteRunner.java:377)
at org.testng.SuiteRunner.runSequentially(SuiteRunner.java:371)
at org.testng.SuiteRunner.privateRun(SuiteRunner.java:332)
at org.testng.SuiteRunner.run(SuiteRunner.java:276)
at org.testng.SuiteRunnerWorker.runSuite(SuiteRunnerWorker.java:53)
at org.testng.SuiteRunnerWorker.run(SuiteRunnerWorker.java:96)
at org.testng.TestNG.runSuitesSequentially(TestNG.java:1212)
at org.testng.TestNG.runSuitesLocally(TestNG.java:1134)
at org.testng.TestNG.runSuites(TestNG.java:1063)
at org.testng.TestNG.run(TestNG.java:1031)
at org.testng.remote.AbstractRemoteTestNG.run(AbstractRemoteTestNG.java:115)
at org.testng.remote.RemoteTestNG.initAndRun(RemoteTestNG.java:251)
at org.testng.remote.RemoteTestNG.main(RemoteTestNG.java:77)
]]>
    </error>
  </testcase> <!-- runScenario -->
  <system-out/>
  <testcase classname="runners.SavingsRunner" name="runScenario" time="2.775">
    <error message="element click intercepted: Element &lt;span class=&quot;navigation-menu__dropdown-header__span&quot;&gt;...&lt;/span&gt; is not clickable at point (57, 121). Other element would receive the click: &lt;div class=&quot;onetrust-pc-dark-filter ot-fade-in&quot; style=&quot;display: block;z-index: 2147483645;&quot;&gt;&lt;/div&gt;
  (Session info: chrome=118.0.5993.70)
Build info: version: &#039;4.11.0&#039;, revision: &#039;040bc5406b&#039;
System info: os.name: &#039;Windows Server 2019&#039;, os.arch: &#039;amd64&#039;, os.version: &#039;10.0&#039;, java.version: &#039;17.0.1&#039;
Driver info: org.openqa.selenium.chrome.ChromeDriver
Command: [6f38a1bf833f4a310c2b08290856022d, clickElement {id=72E2357CF7116A657B1D95E17FC9EE9F_element_705}]
Capabilities {acceptInsecureCerts: false, browserName: chrome, browserVersion: 118.0.5993.70, chrome: {chromedriverVersion: 118.0.5993.70 (e52f33f30b91..., userDataDir: C:\Users\TRUPTI~1.GUM\AppDa...}, fedcm:accounts: true, goog:chromeOptions: {debuggerAddress: localhost:54151}, networkConnectionEnabled: false, pageLoadStrategy: normal, platformName: windows, proxy: Proxy(), se:cdp: ws://localhost:54151/devtoo..., se:cdpVersion: 118.0.5993.70, setWindowRect: true, strictFileInteractability: false, timeouts: {implicit: 0, pageLoad: 300000, script: 30000}, unhandledPromptBehavior: dismiss and notify, webauthn:extension:credBlob: true, webauthn:extension:largeBlob: true, webauthn:extension:minPinLength: true, webauthn:extension:prf: true, webauthn:virtualAuthenticators: true}
Element: [[ChromeDriver: chrome on windows (6f38a1bf833f4a310c2b08290856022d)] -&gt; xpath: //span[contains(@class,&#039;navigation-menu__dropdown-header__span&#039;)][normalize-space()=&#039;Savings&#039;]]
Session ID: 6f38a1bf833f4a310c2b08290856022d" type="org.openqa.selenium.ElementClickInterceptedException">
      <![CDATA[org.openqa.selenium.ElementClickInterceptedException: element click intercepted: Element <span class="navigation-menu__dropdown-header__span">...</span> is not clickable at point (57, 121). Other element would receive the click: <div class="onetrust-pc-dark-filter ot-fade-in" style="display: block;z-index: 2147483645;"></div>
  (Session info: chrome=118.0.5993.70)
Build info: version: '4.11.0', revision: '040bc5406b'
System info: os.name: 'Windows Server 2019', os.arch: 'amd64', os.version: '10.0', java.version: '17.0.1'
Driver info: org.openqa.selenium.chrome.ChromeDriver
Command: [6f38a1bf833f4a310c2b08290856022d, clickElement {id=72E2357CF7116A657B1D95E17FC9EE9F_element_705}]
Capabilities {acceptInsecureCerts: false, browserName: chrome, browserVersion: 118.0.5993.70, chrome: {chromedriverVersion: 118.0.5993.70 (e52f33f30b91..., userDataDir: C:\Users\TRUPTI~1.GUM\AppDa...}, fedcm:accounts: true, goog:chromeOptions: {debuggerAddress: localhost:54151}, networkConnectionEnabled: false, pageLoadStrategy: normal, platformName: windows, proxy: Proxy(), se:cdp: ws://localhost:54151/devtoo..., se:cdpVersion: 118.0.5993.70, setWindowRect: true, strictFileInteractability: false, timeouts: {implicit: 0, pageLoad: 300000, script: 30000}, unhandledPromptBehavior: dismiss and notify, webauthn:extension:credBlob: true, webauthn:extension:largeBlob: true, webauthn:extension:minPinLength: true, webauthn:extension:prf: true, webauthn:virtualAuthenticators: true}
Element: [[ChromeDriver: chrome on windows (6f38a1bf833f4a310c2b08290856022d)] -> xpath: //span[contains(@class,'navigation-menu__dropdown-header__span')][normalize-space()='Savings']]
Session ID: 6f38a1bf833f4a310c2b08290856022d
at jdk.internal.reflect.GeneratedConstructorAccessor27.newInstance(Unknown Source)
at java.base/jdk.internal.reflect.DelegatingConstructorAccessorImpl.newInstance(DelegatingConstructorAccessorImpl.java:45)
at java.base/java.lang.reflect.Constructor.newInstanceWithCaller(Constructor.java:499)
at java.base/java.lang.reflect.Constructor.newInstance(Constructor.java:480)
at org.openqa.selenium.remote.codec.w3c.W3CHttpResponseCodec.createException(W3CHttpResponseCodec.java:200)
at org.openqa.selenium.remote.codec.w3c.W3CHttpResponseCodec.decode(W3CHttpResponseCodec.java:133)
at org.openqa.selenium.remote.codec.w3c.W3CHttpResponseCodec.decode(W3CHttpResponseCodec.java:52)
at org.openqa.selenium.remote.HttpCommandExecutor.execute(HttpCommandExecutor.java:191)
at org.openqa.selenium.remote.service.DriverCommandExecutor.invokeExecute(DriverCommandExecutor.java:196)
at org.openqa.selenium.remote.service.DriverCommandExecutor.execute(DriverCommandExecutor.java:171)
at org.openqa.selenium.remote.RemoteWebDriver.execute(RemoteWebDriver.java:518)
at org.openqa.selenium.remote.RemoteWebElement.execute(RemoteWebElement.java:224)
at org.openqa.selenium.remote.RemoteWebElement.click(RemoteWebElement.java:77)
at jdk.internal.reflect.GeneratedMethodAccessor116.invoke(Unknown Source)
at java.base/jdk.internal.reflect.DelegatingMethodAccessorImpl.invoke(DelegatingMethodAccessorImpl.java:43)
at java.base/java.lang.reflect.Method.invoke(Method.java:568)
at org.openqa.selenium.support.pagefactory.internal.LocatingElementHandler.invoke(LocatingElementHandler.java:51)
at jdk.proxy2/jdk.proxy2.$Proxy29.click(Unknown Source)
at pages.actions.PersonalSavingsAccountPageActions.navigateToPersonalSavingsPage(PersonalSavingsAccountPageActions.java:23)
at Savings_Feature_Steps.Savings_PersonalSavingsAccountPageSteps.i_navigate_to_personal_savings_account_page(Savings_PersonalSavingsAccountPageSteps.java:18)
at ?.I navigate to Personal Savings Account page(file:///G:/TRG/Website-Test-Automation-couk_Automation_Handover/Website-Test-Automation-couk_Automation_Handover2/src/test/resources/Savings_FeatureFiles/PersonalSavingsAccount.feature:198)
]]>
    </error>
  </testcase> <!-- runScenario -->
  <system-out/>
  <testcase classname="runners.SavingsRunner" name="runScenario" time="3.302">
    <error message="element click intercepted: Element &lt;span class=&quot;navigation-menu__dropdown-header__span&quot;&gt;...&lt;/span&gt; is not clickable at point (57, 121). Other element would receive the click: &lt;div class=&quot;onetrust-pc-dark-filter ot-fade-in&quot; style=&quot;display: block;z-index: 2147483645;&quot;&gt;&lt;/div&gt;
  (Session info: chrome=118.0.5993.70)
Build info: version: &#039;4.11.0&#039;, revision: &#039;040bc5406b&#039;
System info: os.name: &#039;Windows Server 2019&#039;, os.arch: &#039;amd64&#039;, os.version: &#039;10.0&#039;, java.version: &#039;17.0.1&#039;
Driver info: org.openqa.selenium.chrome.ChromeDriver
Command: [6f38a1bf833f4a310c2b08290856022d, clickElement {id=DFD6179DF459AAFA93F048BBD08ABE35_element_419}]
Capabilities {acceptInsecureCerts: false, browserName: chrome, browserVersion: 118.0.5993.70, chrome: {chromedriverVersion: 118.0.5993.70 (e52f33f30b91..., userDataDir: C:\Users\TRUPTI~1.GUM\AppDa...}, fedcm:accounts: true, goog:chromeOptions: {debuggerAddress: localhost:54151}, networkConnectionEnabled: false, pageLoadStrategy: normal, platformName: windows, proxy: Proxy(), se:cdp: ws://localhost:54151/devtoo..., se:cdpVersion: 118.0.5993.70, setWindowRect: true, strictFileInteractability: false, timeouts: {implicit: 0, pageLoad: 300000, script: 30000}, unhandledPromptBehavior: dismiss and notify, webauthn:extension:credBlob: true, webauthn:extension:largeBlob: true, webauthn:extension:minPinLength: true, webauthn:extension:prf: true, webauthn:virtualAuthenticators: true}
Element: [[ChromeDriver: chrome on windows (6f38a1bf833f4a310c2b08290856022d)] -&gt; xpath: //span[contains(@class,&#039;navigation-menu__dropdown-header__span&#039;)][normalize-space()=&#039;Savings&#039;]]
Session ID: 6f38a1bf833f4a310c2b08290856022d" type="org.openqa.selenium.ElementClickInterceptedException">
      <![CDATA[org.openqa.selenium.ElementClickInterceptedException: element click intercepted: Element <span class="navigation-menu__dropdown-header__span">...</span> is not clickable at point (57, 121). Other element would receive the click: <div class="onetrust-pc-dark-filter ot-fade-in" style="display: block;z-index: 2147483645;"></div>
  (Session info: chrome=118.0.5993.70)
Build info: version: '4.11.0', revision: '040bc5406b'
System info: os.name: 'Windows Server 2019', os.arch: 'amd64', os.version: '10.0', java.version: '17.0.1'
Driver info: org.openqa.selenium.chrome.ChromeDriver
Command: [6f38a1bf833f4a310c2b08290856022d, clickElement {id=DFD6179DF459AAFA93F048BBD08ABE35_element_419}]
Capabilities {acceptInsecureCerts: false, browserName: chrome, browserVersion: 118.0.5993.70, chrome: {chromedriverVersion: 118.0.5993.70 (e52f33f30b91..., userDataDir: C:\Users\TRUPTI~1.GUM\AppDa...}, fedcm:accounts: true, goog:chromeOptions: {debuggerAddress: localhost:54151}, networkConnectionEnabled: false, pageLoadStrategy: normal, platformName: windows, proxy: Proxy(), se:cdp: ws://localhost:54151/devtoo..., se:cdpVersion: 118.0.5993.70, setWindowRect: true, strictFileInteractability: false, timeouts: {implicit: 0, pageLoad: 300000, script: 30000}, unhandledPromptBehavior: dismiss and notify, webauthn:extension:credBlob: true, webauthn:extension:largeBlob: true, webauthn:extension:minPinLength: true, webauthn:extension:prf: true, webauthn:virtualAuthenticators: true}
Element: [[ChromeDriver: chrome on windows (6f38a1bf833f4a310c2b08290856022d)] -> xpath: //span[contains(@class,'navigation-menu__dropdown-header__span')][normalize-space()='Savings']]
Session ID: 6f38a1bf833f4a310c2b08290856022d
at jdk.internal.reflect.GeneratedConstructorAccessor27.newInstance(Unknown Source)
at java.base/jdk.internal.reflect.DelegatingConstructorAccessorImpl.newInstance(DelegatingConstructorAccessorImpl.java:45)
at java.base/java.lang.reflect.Constructor.newInstanceWithCaller(Constructor.java:499)
at java.base/java.lang.reflect.Constructor.newInstance(Constructor.java:480)
at org.openqa.selenium.remote.codec.w3c.W3CHttpResponseCodec.createException(W3CHttpResponseCodec.java:200)
at org.openqa.selenium.remote.codec.w3c.W3CHttpResponseCodec.decode(W3CHttpResponseCodec.java:133)
at org.openqa.selenium.remote.codec.w3c.W3CHttpResponseCodec.decode(W3CHttpResponseCodec.java:52)
at org.openqa.selenium.remote.HttpCommandExecutor.execute(HttpCommandExecutor.java:191)
at org.openqa.selenium.remote.service.DriverCommandExecutor.invokeExecute(DriverCommandExecutor.java:196)
at org.openqa.selenium.remote.service.DriverCommandExecutor.execute(DriverCommandExecutor.java:171)
at org.openqa.selenium.remote.RemoteWebDriver.execute(RemoteWebDriver.java:518)
at org.openqa.selenium.remote.RemoteWebElement.execute(RemoteWebElement.java:224)
at org.openqa.selenium.remote.RemoteWebElement.click(RemoteWebElement.java:77)
at jdk.internal.reflect.GeneratedMethodAccessor116.invoke(Unknown Source)
at java.base/jdk.internal.reflect.DelegatingMethodAccessorImpl.invoke(DelegatingMethodAccessorImpl.java:43)
at java.base/java.lang.reflect.Method.invoke(Method.java:568)
at org.openqa.selenium.support.pagefactory.internal.LocatingElementHandler.invoke(LocatingElementHandler.java:51)
at jdk.proxy2/jdk.proxy2.$Proxy29.click(Unknown Source)
at pages.actions.PersonalSavingsAccountPageActions.navigateToPersonalSavingsPage(PersonalSavingsAccountPageActions.java:23)
at Savings_Feature_Steps.Savings_PersonalSavingsAccountPageSteps.i_navigate_to_personal_savings_account_page(Savings_PersonalSavingsAccountPageSteps.java:18)
at ?.I navigate to Personal Savings Account page(file:///G:/TRG/Website-Test-Automation-couk_Automation_Handover/Website-Test-Automation-couk_Automation_Handover2/src/test/resources/Savings_FeatureFiles/PersonalSavingsAccount.feature:100)
]]>
    </error>
  </testcase> <!-- runScenario -->
  <system-out/>
  <testcase classname="runners.SavingsRunner" name="runScenario" time="5.012"/>
  <system-out/>
  <testcase classname="runners.SavingsRunner" name="runScenario" time="17.912"/>
  <system-out/>
  <testcase classname="runners.SavingsRunner" name="runScenario" time="3.205">
    <error message="element click intercepted: Element &lt;span class=&quot;navigation-menu__dropdown-header__span&quot;&gt;...&lt;/span&gt; is not clickable at point (57, 121). Other element would receive the click: &lt;div class=&quot;onetrust-pc-dark-filter ot-fade-in&quot; style=&quot;display: block;z-index: 2147483645;&quot;&gt;&lt;/div&gt;
  (Session info: chrome=118.0.5993.70)
Build info: version: &#039;4.11.0&#039;, revision: &#039;040bc5406b&#039;
System info: os.name: &#039;Windows Server 2019&#039;, os.arch: &#039;amd64&#039;, os.version: &#039;10.0&#039;, java.version: &#039;17.0.1&#039;
Driver info: org.openqa.selenium.chrome.ChromeDriver
Command: [6f38a1bf833f4a310c2b08290856022d, clickElement {id=343DAC222D56D59EE73C169B58E8D7F4_element_965}]
Capabilities {acceptInsecureCerts: false, browserName: chrome, browserVersion: 118.0.5993.70, chrome: {chromedriverVersion: 118.0.5993.70 (e52f33f30b91..., userDataDir: C:\Users\TRUPTI~1.GUM\AppDa...}, fedcm:accounts: true, goog:chromeOptions: {debuggerAddress: localhost:54151}, networkConnectionEnabled: false, pageLoadStrategy: normal, platformName: windows, proxy: Proxy(), se:cdp: ws://localhost:54151/devtoo..., se:cdpVersion: 118.0.5993.70, setWindowRect: true, strictFileInteractability: false, timeouts: {implicit: 0, pageLoad: 300000, script: 30000}, unhandledPromptBehavior: dismiss and notify, webauthn:extension:credBlob: true, webauthn:extension:largeBlob: true, webauthn:extension:minPinLength: true, webauthn:extension:prf: true, webauthn:virtualAuthenticators: true}
Element: [[ChromeDriver: chrome on windows (6f38a1bf833f4a310c2b08290856022d)] -&gt; xpath: //span[contains(@class,&#039;navigation-menu__dropdown-header__span&#039;)][normalize-space()=&#039;Savings&#039;]]
Session ID: 6f38a1bf833f4a310c2b08290856022d" type="org.openqa.selenium.ElementClickInterceptedException">
      <![CDATA[org.openqa.selenium.ElementClickInterceptedException: element click intercepted: Element <span class="navigation-menu__dropdown-header__span">...</span> is not clickable at point (57, 121). Other element would receive the click: <div class="onetrust-pc-dark-filter ot-fade-in" style="display: block;z-index: 2147483645;"></div>
  (Session info: chrome=118.0.5993.70)
Build info: version: '4.11.0', revision: '040bc5406b'
System info: os.name: 'Windows Server 2019', os.arch: 'amd64', os.version: '10.0', java.version: '17.0.1'
Driver info: org.openqa.selenium.chrome.ChromeDriver
Command: [6f38a1bf833f4a310c2b08290856022d, clickElement {id=343DAC222D56D59EE73C169B58E8D7F4_element_965}]
Capabilities {acceptInsecureCerts: false, browserName: chrome, browserVersion: 118.0.5993.70, chrome: {chromedriverVersion: 118.0.5993.70 (e52f33f30b91..., userDataDir: C:\Users\TRUPTI~1.GUM\AppDa...}, fedcm:accounts: true, goog:chromeOptions: {debuggerAddress: localhost:54151}, networkConnectionEnabled: false, pageLoadStrategy: normal, platformName: windows, proxy: Proxy(), se:cdp: ws://localhost:54151/devtoo..., se:cdpVersion: 118.0.5993.70, setWindowRect: true, strictFileInteractability: false, timeouts: {implicit: 0, pageLoad: 300000, script: 30000}, unhandledPromptBehavior: dismiss and notify, webauthn:extension:credBlob: true, webauthn:extension:largeBlob: true, webauthn:extension:minPinLength: true, webauthn:extension:prf: true, webauthn:virtualAuthenticators: true}
Element: [[ChromeDriver: chrome on windows (6f38a1bf833f4a310c2b08290856022d)] -> xpath: //span[contains(@class,'navigation-menu__dropdown-header__span')][normalize-space()='Savings']]
Session ID: 6f38a1bf833f4a310c2b08290856022d
at jdk.internal.reflect.GeneratedConstructorAccessor27.newInstance(Unknown Source)
at java.base/jdk.internal.reflect.DelegatingConstructorAccessorImpl.newInstance(DelegatingConstructorAccessorImpl.java:45)
at java.base/java.lang.reflect.Constructor.newInstanceWithCaller(Constructor.java:499)
at java.base/java.lang.reflect.Constructor.newInstance(Constructor.java:480)
at org.openqa.selenium.remote.codec.w3c.W3CHttpResponseCodec.createException(W3CHttpResponseCodec.java:200)
at org.openqa.selenium.remote.codec.w3c.W3CHttpResponseCodec.decode(W3CHttpResponseCodec.java:133)
at org.openqa.selenium.remote.codec.w3c.W3CHttpResponseCodec.decode(W3CHttpResponseCodec.java:52)
at org.openqa.selenium.remote.HttpCommandExecutor.execute(HttpCommandExecutor.java:191)
at org.openqa.selenium.remote.service.DriverCommandExecutor.invokeExecute(DriverCommandExecutor.java:196)
at org.openqa.selenium.remote.service.DriverCommandExecutor.execute(DriverCommandExecutor.java:171)
at org.openqa.selenium.remote.RemoteWebDriver.execute(RemoteWebDriver.java:518)
at org.openqa.selenium.remote.RemoteWebElement.execute(RemoteWebElement.java:224)
at org.openqa.selenium.remote.RemoteWebElement.click(RemoteWebElement.java:77)
at jdk.internal.reflect.GeneratedMethodAccessor116.invoke(Unknown Source)
at java.base/jdk.internal.reflect.DelegatingMethodAccessorImpl.invoke(DelegatingMethodAccessorImpl.java:43)
at java.base/java.lang.reflect.Method.invoke(Method.java:568)
at org.openqa.selenium.support.pagefactory.internal.LocatingElementHandler.invoke(LocatingElementHandler.java:51)
at jdk.proxy2/jdk.proxy2.$Proxy29.click(Unknown Source)
at pages.actions.PersonalSavingsAccountPageActions.navigateToPersonalSavingsPage(PersonalSavingsAccountPageActions.java:23)
at Savings_Feature_Steps.Savings_PersonalSavingsAccountPageSteps.i_navigate_to_personal_savings_account_page(Savings_PersonalSavingsAccountPageSteps.java:18)
at ?.I navigate to Personal Savings Account page(file:///G:/TRG/Website-Test-Automation-couk_Automation_Handover/Website-Test-Automation-couk_Automation_Handover2/src/test/resources/Savings_FeatureFiles/PersonalSavingsAccount.feature:260)
]]>
    </error>
  </testcase> <!-- runScenario -->
  <system-out/>
  <testcase classname="runners.SavingsRunner" name="runScenario" time="3.172">
    <error message="element click intercepted: Element &lt;span class=&quot;navigation-menu__dropdown-header__span&quot;&gt;...&lt;/span&gt; is not clickable at point (57, 121). Other element would receive the click: &lt;div class=&quot;onetrust-pc-dark-filter ot-fade-in&quot; style=&quot;display: block;z-index: 2147483645;&quot;&gt;&lt;/div&gt;
  (Session info: chrome=118.0.5993.70)
Build info: version: &#039;4.11.0&#039;, revision: &#039;040bc5406b&#039;
System info: os.name: &#039;Windows Server 2019&#039;, os.arch: &#039;amd64&#039;, os.version: &#039;10.0&#039;, java.version: &#039;17.0.1&#039;
Driver info: org.openqa.selenium.chrome.ChromeDriver
Command: [6f38a1bf833f4a310c2b08290856022d, clickElement {id=6BF8C00EFF0244364E1B19A50DAB2C31_element_487}]
Capabilities {acceptInsecureCerts: false, browserName: chrome, browserVersion: 118.0.5993.70, chrome: {chromedriverVersion: 118.0.5993.70 (e52f33f30b91..., userDataDir: C:\Users\TRUPTI~1.GUM\AppDa...}, fedcm:accounts: true, goog:chromeOptions: {debuggerAddress: localhost:54151}, networkConnectionEnabled: false, pageLoadStrategy: normal, platformName: windows, proxy: Proxy(), se:cdp: ws://localhost:54151/devtoo..., se:cdpVersion: 118.0.5993.70, setWindowRect: true, strictFileInteractability: false, timeouts: {implicit: 0, pageLoad: 300000, script: 30000}, unhandledPromptBehavior: dismiss and notify, webauthn:extension:credBlob: true, webauthn:extension:largeBlob: true, webauthn:extension:minPinLength: true, webauthn:extension:prf: true, webauthn:virtualAuthenticators: true}
Element: [[ChromeDriver: chrome on windows (6f38a1bf833f4a310c2b08290856022d)] -&gt; xpath: //span[contains(@class,&#039;navigation-menu__dropdown-header__span&#039;)][normalize-space()=&#039;Savings&#039;]]
Session ID: 6f38a1bf833f4a310c2b08290856022d" type="org.openqa.selenium.ElementClickInterceptedException">
      <![CDATA[org.openqa.selenium.ElementClickInterceptedException: element click intercepted: Element <span class="navigation-menu__dropdown-header__span">...</span> is not clickable at point (57, 121). Other element would receive the click: <div class="onetrust-pc-dark-filter ot-fade-in" style="display: block;z-index: 2147483645;"></div>
  (Session info: chrome=118.0.5993.70)
Build info: version: '4.11.0', revision: '040bc5406b'
System info: os.name: 'Windows Server 2019', os.arch: 'amd64', os.version: '10.0', java.version: '17.0.1'
Driver info: org.openqa.selenium.chrome.ChromeDriver
Command: [6f38a1bf833f4a310c2b08290856022d, clickElement {id=6BF8C00EFF0244364E1B19A50DAB2C31_element_487}]
Capabilities {acceptInsecureCerts: false, browserName: chrome, browserVersion: 118.0.5993.70, chrome: {chromedriverVersion: 118.0.5993.70 (e52f33f30b91..., userDataDir: C:\Users\TRUPTI~1.GUM\AppDa...}, fedcm:accounts: true, goog:chromeOptions: {debuggerAddress: localhost:54151}, networkConnectionEnabled: false, pageLoadStrategy: normal, platformName: windows, proxy: Proxy(), se:cdp: ws://localhost:54151/devtoo..., se:cdpVersion: 118.0.5993.70, setWindowRect: true, strictFileInteractability: false, timeouts: {implicit: 0, pageLoad: 300000, script: 30000}, unhandledPromptBehavior: dismiss and notify, webauthn:extension:credBlob: true, webauthn:extension:largeBlob: true, webauthn:extension:minPinLength: true, webauthn:extension:prf: true, webauthn:virtualAuthenticators: true}
Element: [[ChromeDriver: chrome on windows (6f38a1bf833f4a310c2b08290856022d)] -> xpath: //span[contains(@class,'navigation-menu__dropdown-header__span')][normalize-space()='Savings']]
Session ID: 6f38a1bf833f4a310c2b08290856022d
at jdk.internal.reflect.GeneratedConstructorAccessor27.newInstance(Unknown Source)
at java.base/jdk.internal.reflect.DelegatingConstructorAccessorImpl.newInstance(DelegatingConstructorAccessorImpl.java:45)
at java.base/java.lang.reflect.Constructor.newInstanceWithCaller(Constructor.java:499)
at java.base/java.lang.reflect.Constructor.newInstance(Constructor.java:480)
at org.openqa.selenium.remote.codec.w3c.W3CHttpResponseCodec.createException(W3CHttpResponseCodec.java:200)
at org.openqa.selenium.remote.codec.w3c.W3CHttpResponseCodec.decode(W3CHttpResponseCodec.java:133)
at org.openqa.selenium.remote.codec.w3c.W3CHttpResponseCodec.decode(W3CHttpResponseCodec.java:52)
at org.openqa.selenium.remote.HttpCommandExecutor.execute(HttpCommandExecutor.java:191)
at org.openqa.selenium.remote.service.DriverCommandExecutor.invokeExecute(DriverCommandExecutor.java:196)
at org.openqa.selenium.remote.service.DriverCommandExecutor.execute(DriverCommandExecutor.java:171)
at org.openqa.selenium.remote.RemoteWebDriver.execute(RemoteWebDriver.java:518)
at org.openqa.selenium.remote.RemoteWebElement.execute(RemoteWebElement.java:224)
at org.openqa.selenium.remote.RemoteWebElement.click(RemoteWebElement.java:77)
at jdk.internal.reflect.GeneratedMethodAccessor116.invoke(Unknown Source)
at java.base/jdk.internal.reflect.DelegatingMethodAccessorImpl.invoke(DelegatingMethodAccessorImpl.java:43)
at java.base/java.lang.reflect.Method.invoke(Method.java:568)
at org.openqa.selenium.support.pagefactory.internal.LocatingElementHandler.invoke(LocatingElementHandler.java:51)
at jdk.proxy2/jdk.proxy2.$Proxy29.click(Unknown Source)
at pages.actions.PersonalSavingsAccountPageActions.navigateToPersonalSavingsPage(PersonalSavingsAccountPageActions.java:23)
at Savings_Feature_Steps.Savings_PersonalSavingsAccountPageSteps.i_navigate_to_personal_savings_account_page(Savings_PersonalSavingsAccountPageSteps.java:18)
at ?.I navigate to Personal Savings Account page(file:///G:/TRG/Website-Test-Automation-couk_Automation_Handover/Website-Test-Automation-couk_Automation_Handover2/src/test/resources/Savings_FeatureFiles/PersonalSavingsAccount.feature:128)
]]>
    </error>
  </testcase> <!-- runScenario -->
  <system-out/>
  <testcase classname="runners.SavingsRunner" name="runScenario" time="18.173"/>
  <system-out/>
  <testcase classname="runners.SavingsRunner" name="runScenario" time="3.159">
    <error message="element click intercepted: Element &lt;span class=&quot;navigation-menu__dropdown-header__span&quot;&gt;...&lt;/span&gt; is not clickable at point (57, 121). Other element would receive the click: &lt;div class=&quot;onetrust-pc-dark-filter ot-fade-in&quot; style=&quot;display: block;z-index: 2147483645;&quot;&gt;&lt;/div&gt;
  (Session info: chrome=118.0.5993.70)
Build info: version: &#039;4.11.0&#039;, revision: &#039;040bc5406b&#039;
System info: os.name: &#039;Windows Server 2019&#039;, os.arch: &#039;amd64&#039;, os.version: &#039;10.0&#039;, java.version: &#039;17.0.1&#039;
Driver info: org.openqa.selenium.chrome.ChromeDriver
Command: [6f38a1bf833f4a310c2b08290856022d, clickElement {id=E83D5A76B251E8454E8B0365D7965AAF_element_611}]
Capabilities {acceptInsecureCerts: false, browserName: chrome, browserVersion: 118.0.5993.70, chrome: {chromedriverVersion: 118.0.5993.70 (e52f33f30b91..., userDataDir: C:\Users\TRUPTI~1.GUM\AppDa...}, fedcm:accounts: true, goog:chromeOptions: {debuggerAddress: localhost:54151}, networkConnectionEnabled: false, pageLoadStrategy: normal, platformName: windows, proxy: Proxy(), se:cdp: ws://localhost:54151/devtoo..., se:cdpVersion: 118.0.5993.70, setWindowRect: true, strictFileInteractability: false, timeouts: {implicit: 0, pageLoad: 300000, script: 30000}, unhandledPromptBehavior: dismiss and notify, webauthn:extension:credBlob: true, webauthn:extension:largeBlob: true, webauthn:extension:minPinLength: true, webauthn:extension:prf: true, webauthn:virtualAuthenticators: true}
Element: [[ChromeDriver: chrome on windows (6f38a1bf833f4a310c2b08290856022d)] -&gt; xpath: //span[contains(@class,&#039;navigation-menu__dropdown-header__span&#039;)][normalize-space()=&#039;Savings&#039;]]
Session ID: 6f38a1bf833f4a310c2b08290856022d" type="org.openqa.selenium.ElementClickInterceptedException">
      <![CDATA[org.openqa.selenium.ElementClickInterceptedException: element click intercepted: Element <span class="navigation-menu__dropdown-header__span">...</span> is not clickable at point (57, 121). Other element would receive the click: <div class="onetrust-pc-dark-filter ot-fade-in" style="display: block;z-index: 2147483645;"></div>
  (Session info: chrome=118.0.5993.70)
Build info: version: '4.11.0', revision: '040bc5406b'
System info: os.name: 'Windows Server 2019', os.arch: 'amd64', os.version: '10.0', java.version: '17.0.1'
Driver info: org.openqa.selenium.chrome.ChromeDriver
Command: [6f38a1bf833f4a310c2b08290856022d, clickElement {id=E83D5A76B251E8454E8B0365D7965AAF_element_611}]
Capabilities {acceptInsecureCerts: false, browserName: chrome, browserVersion: 118.0.5993.70, chrome: {chromedriverVersion: 118.0.5993.70 (e52f33f30b91..., userDataDir: C:\Users\TRUPTI~1.GUM\AppDa...}, fedcm:accounts: true, goog:chromeOptions: {debuggerAddress: localhost:54151}, networkConnectionEnabled: false, pageLoadStrategy: normal, platformName: windows, proxy: Proxy(), se:cdp: ws://localhost:54151/devtoo..., se:cdpVersion: 118.0.5993.70, setWindowRect: true, strictFileInteractability: false, timeouts: {implicit: 0, pageLoad: 300000, script: 30000}, unhandledPromptBehavior: dismiss and notify, webauthn:extension:credBlob: true, webauthn:extension:largeBlob: true, webauthn:extension:minPinLength: true, webauthn:extension:prf: true, webauthn:virtualAuthenticators: true}
Element: [[ChromeDriver: chrome on windows (6f38a1bf833f4a310c2b08290856022d)] -> xpath: //span[contains(@class,'navigation-menu__dropdown-header__span')][normalize-space()='Savings']]
Session ID: 6f38a1bf833f4a310c2b08290856022d
at jdk.internal.reflect.GeneratedConstructorAccessor27.newInstance(Unknown Source)
at java.base/jdk.internal.reflect.DelegatingConstructorAccessorImpl.newInstance(DelegatingConstructorAccessorImpl.java:45)
at java.base/java.lang.reflect.Constructor.newInstanceWithCaller(Constructor.java:499)
at java.base/java.lang.reflect.Constructor.newInstance(Constructor.java:480)
at org.openqa.selenium.remote.codec.w3c.W3CHttpResponseCodec.createException(W3CHttpResponseCodec.java:200)
at org.openqa.selenium.remote.codec.w3c.W3CHttpResponseCodec.decode(W3CHttpResponseCodec.java:133)
at org.openqa.selenium.remote.codec.w3c.W3CHttpResponseCodec.decode(W3CHttpResponseCodec.java:52)
at org.openqa.selenium.remote.HttpCommandExecutor.execute(HttpCommandExecutor.java:191)
at org.openqa.selenium.remote.service.DriverCommandExecutor.invokeExecute(DriverCommandExecutor.java:196)
at org.openqa.selenium.remote.service.DriverCommandExecutor.execute(DriverCommandExecutor.java:171)
at org.openqa.selenium.remote.RemoteWebDriver.execute(RemoteWebDriver.java:518)
at org.openqa.selenium.remote.RemoteWebElement.execute(RemoteWebElement.java:224)
at org.openqa.selenium.remote.RemoteWebElement.click(RemoteWebElement.java:77)
at jdk.internal.reflect.GeneratedMethodAccessor116.invoke(Unknown Source)
at java.base/jdk.internal.reflect.DelegatingMethodAccessorImpl.invoke(DelegatingMethodAccessorImpl.java:43)
at java.base/java.lang.reflect.Method.invoke(Method.java:568)
at org.openqa.selenium.support.pagefactory.internal.LocatingElementHandler.invoke(LocatingElementHandler.java:51)
at jdk.proxy2/jdk.proxy2.$Proxy29.click(Unknown Source)
at pages.actions.PersonalSavingsAccountPageActions.navigateToPersonalSavingsPage(PersonalSavingsAccountPageActions.java:23)
at Savings_Feature_Steps.Savings_PersonalSavingsAccountPageSteps.i_navigate_to_personal_savings_account_page(Savings_PersonalSavingsAccountPageSteps.java:18)
at ?.I navigate to Personal Savings Account page(file:///G:/TRG/Website-Test-Automation-couk_Automation_Handover/Website-Test-Automation-couk_Automation_Handover2/src/test/resources/Savings_FeatureFiles/PersonalSavingsAccount.feature:170)
]]>
    </error>
  </testcase> <!-- runScenario -->
  <system-out/>
  <testcase classname="runners.SavingsRunner" name="runScenario" time="17.684"/>
  <system-out/>
  <testcase classname="runners.SavingsRunner" name="runScenario" time="3.086">
    <error message="element click intercepted: Element &lt;span class=&quot;navigation-menu__dropdown-header__span&quot;&gt;...&lt;/span&gt; is not clickable at point (57, 121). Other element would receive the click: &lt;div class=&quot;onetrust-pc-dark-filter ot-fade-in&quot; style=&quot;display: block;z-index: 2147483645;&quot;&gt;&lt;/div&gt;
  (Session info: chrome=118.0.5993.70)
Build info: version: &#039;4.11.0&#039;, revision: &#039;040bc5406b&#039;
System info: os.name: &#039;Windows Server 2019&#039;, os.arch: &#039;amd64&#039;, os.version: &#039;10.0&#039;, java.version: &#039;17.0.1&#039;
Driver info: org.openqa.selenium.chrome.ChromeDriver
Command: [6f38a1bf833f4a310c2b08290856022d, clickElement {id=437D386881A7DB2EC6D34FD46F9E5839_element_395}]
Capabilities {acceptInsecureCerts: false, browserName: chrome, browserVersion: 118.0.5993.70, chrome: {chromedriverVersion: 118.0.5993.70 (e52f33f30b91..., userDataDir: C:\Users\TRUPTI~1.GUM\AppDa...}, fedcm:accounts: true, goog:chromeOptions: {debuggerAddress: localhost:54151}, networkConnectionEnabled: false, pageLoadStrategy: normal, platformName: windows, proxy: Proxy(), se:cdp: ws://localhost:54151/devtoo..., se:cdpVersion: 118.0.5993.70, setWindowRect: true, strictFileInteractability: false, timeouts: {implicit: 0, pageLoad: 300000, script: 30000}, unhandledPromptBehavior: dismiss and notify, webauthn:extension:credBlob: true, webauthn:extension:largeBlob: true, webauthn:extension:minPinLength: true, webauthn:extension:prf: true, webauthn:virtualAuthenticators: true}
Element: [[ChromeDriver: chrome on windows (6f38a1bf833f4a310c2b08290856022d)] -&gt; xpath: //span[contains(@class,&#039;navigation-menu__dropdown-header__span&#039;)][normalize-space()=&#039;Savings&#039;]]
Session ID: 6f38a1bf833f4a310c2b08290856022d" type="org.openqa.selenium.ElementClickInterceptedException">
      <![CDATA[org.openqa.selenium.ElementClickInterceptedException: element click intercepted: Element <span class="navigation-menu__dropdown-header__span">...</span> is not clickable at point (57, 121). Other element would receive the click: <div class="onetrust-pc-dark-filter ot-fade-in" style="display: block;z-index: 2147483645;"></div>
  (Session info: chrome=118.0.5993.70)
Build info: version: '4.11.0', revision: '040bc5406b'
System info: os.name: 'Windows Server 2019', os.arch: 'amd64', os.version: '10.0', java.version: '17.0.1'
Driver info: org.openqa.selenium.chrome.ChromeDriver
Command: [6f38a1bf833f4a310c2b08290856022d, clickElement {id=437D386881A7DB2EC6D34FD46F9E5839_element_395}]
Capabilities {acceptInsecureCerts: false, browserName: chrome, browserVersion: 118.0.5993.70, chrome: {chromedriverVersion: 118.0.5993.70 (e52f33f30b91..., userDataDir: C:\Users\TRUPTI~1.GUM\AppDa...}, fedcm:accounts: true, goog:chromeOptions: {debuggerAddress: localhost:54151}, networkConnectionEnabled: false, pageLoadStrategy: normal, platformName: windows, proxy: Proxy(), se:cdp: ws://localhost:54151/devtoo..., se:cdpVersion: 118.0.5993.70, setWindowRect: true, strictFileInteractability: false, timeouts: {implicit: 0, pageLoad: 300000, script: 30000}, unhandledPromptBehavior: dismiss and notify, webauthn:extension:credBlob: true, webauthn:extension:largeBlob: true, webauthn:extension:minPinLength: true, webauthn:extension:prf: true, webauthn:virtualAuthenticators: true}
Element: [[ChromeDriver: chrome on windows (6f38a1bf833f4a310c2b08290856022d)] -> xpath: //span[contains(@class,'navigation-menu__dropdown-header__span')][normalize-space()='Savings']]
Session ID: 6f38a1bf833f4a310c2b08290856022d
at jdk.internal.reflect.GeneratedConstructorAccessor27.newInstance(Unknown Source)
at java.base/jdk.internal.reflect.DelegatingConstructorAccessorImpl.newInstance(DelegatingConstructorAccessorImpl.java:45)
at java.base/java.lang.reflect.Constructor.newInstanceWithCaller(Constructor.java:499)
at java.base/java.lang.reflect.Constructor.newInstance(Constructor.java:480)
at org.openqa.selenium.remote.codec.w3c.W3CHttpResponseCodec.createException(W3CHttpResponseCodec.java:200)
at org.openqa.selenium.remote.codec.w3c.W3CHttpResponseCodec.decode(W3CHttpResponseCodec.java:133)
at org.openqa.selenium.remote.codec.w3c.W3CHttpResponseCodec.decode(W3CHttpResponseCodec.java:52)
at org.openqa.selenium.remote.HttpCommandExecutor.execute(HttpCommandExecutor.java:191)
at org.openqa.selenium.remote.service.DriverCommandExecutor.invokeExecute(DriverCommandExecutor.java:196)
[...]
at java.base/java.lang.reflect.Constructor.newInstance(Constructor.java:480)
at org.openqa.selenium.remote.codec.w3c.W3CHttpResponseCodec.createException(W3CHttpResponseCodec.java:200)
at org.openqa.selenium.remote.codec.w3c.W3CHttpResponseCodec.decode(W3CHttpResponseCodec.java:133)
at org.openqa.selenium.remote.codec.w3c.W3CHttpResponseCodec.decode(W3CHttpResponseCodec.java:52)
at org.openqa.selenium.remote.HttpCommandExecutor.execute(HttpCommandExecutor.java:191)
at org.openqa.selenium.remote.service.DriverCommandExecutor.invokeExecute(DriverCommandExecutor.java:196)
at org.openqa.selenium.remote.service.DriverCommandExecutor.execute(DriverCommandExecutor.java:171)
at org.openqa.selenium.remote.RemoteWebDriver.execute(RemoteWebDriver.java:518)
at org.openqa.selenium.remote.RemoteWebElement.execute(RemoteWebElement.java:224)
at org.openqa.selenium.remote.RemoteWebElement.click(RemoteWebElement.java:77)
at jdk.internal.reflect.GeneratedMethodAccessor116.invoke(Unknown Source)
at java.base/jdk.internal.reflect.DelegatingMethodAccessorImpl.invoke(DelegatingMethodAccessorImpl.java:43)
at java.base/java.lang.reflect.Method.invoke(Method.java:568)
at org.openqa.selenium.support.pagefactory.internal.LocatingElementHandler.invoke(LocatingElementHandler.java:51)
at jdk.proxy2/jdk.proxy2.$Proxy29.click(Unknown Source)
at pages.actions.PersonalSavingsAccountPageActions.navigateToPersonalSavingsPage(PersonalSavingsAccountPageActions.java:23)
at Savings_Feature_Steps.Savings_PersonalSavingsAccountPageSteps.i_navigate_to_personal_savings_account_page(Savings_PersonalSavingsAccountPageSteps.java:18)
at ?.I navigate to Personal Savings Account page(file:///G:/TRG/Website-Test-Automation-couk_Automation_Handover/Website-Test-Automation-couk_Automation_Handover2/src/test/resources/Savings_FeatureFiles/PersonalSavingsAccount.feature:227)
]]>
    </error>
  </testcase> <!-- runScenario -->
  <system-out/>
  <testcase classname="runners.SavingsRunner" name="runScenario" time="3.171">
    <error message="element click intercepted: Element &lt;span class=&quot;navigation-menu__dropdown-header__span&quot;&gt;...&lt;/span&gt; is not clickable at point (57, 121). Other element would receive the click: &lt;div class=&quot;onetrust-pc-dark-filter ot-fade-in&quot; style=&quot;display: block;z-index: 2147483645;&quot;&gt;&lt;/div&gt;
  (Session info: chrome=118.0.5993.70)
Build info: version: &#039;4.11.0&#039;, revision: &#039;040bc5406b&#039;
System info: os.name: &#039;Windows Server 2019&#039;, os.arch: &#039;amd64&#039;, os.version: &#039;10.0&#039;, java.version: &#039;17.0.1&#039;
Driver info: org.openqa.selenium.chrome.ChromeDriver
Command: [6f38a1bf833f4a310c2b08290856022d, clickElement {id=9E41283EEE8C7FC9FACC174A7B742B6B_element_880}]
Capabilities {acceptInsecureCerts: false, browserName: chrome, browserVersion: 118.0.5993.70, chrome: {chromedriverVersion: 118.0.5993.70 (e52f33f30b91..., userDataDir: C:\Users\TRUPTI~1.GUM\AppDa...}, fedcm:accounts: true, goog:chromeOptions: {debuggerAddress: localhost:54151}, networkConnectionEnabled: false, pageLoadStrategy: normal, platformName: windows, proxy: Proxy(), se:cdp: ws://localhost:54151/devtoo..., se:cdpVersion: 118.0.5993.70, setWindowRect: true, strictFileInteractability: false, timeouts: {implicit: 0, pageLoad: 300000, script: 30000}, unhandledPromptBehavior: dismiss and notify, webauthn:extension:credBlob: true, webauthn:extension:largeBlob: true, webauthn:extension:minPinLength: true, webauthn:extension:prf: true, webauthn:virtualAuthenticators: true}
Element: [[ChromeDriver: chrome on windows (6f38a1bf833f4a310c2b08290856022d)] -&gt; xpath: //span[contains(@class,&#039;navigation-menu__dropdown-header__span&#039;)][normalize-space()=&#039;Savings&#039;]]
Session ID: 6f38a1bf833f4a310c2b08290856022d" type="org.openqa.selenium.ElementClickInterceptedException">
      <![CDATA[org.openqa.selenium.ElementClickInterceptedException: element click intercepted: Element <span class="navigation-menu__dropdown-header__span">...</span> is not clickable at point (57, 121). Other element would receive the click: <div class="onetrust-pc-dark-filter ot-fade-in" style="display: block;z-index: 2147483645;"></div>
  (Session info: chrome=118.0.5993.70)
Build info: version: '4.11.0', revision: '040bc5406b'
System info: os.name: 'Windows Server 2019', os.arch: 'amd64', os.version: '10.0', java.version: '17.0.1'
Driver info: org.openqa.selenium.chrome.ChromeDriver
Command: [6f38a1bf833f4a310c2b08290856022d, clickElement {id=9E41283EEE8C7FC9FACC174A7B742B6B_element_880}]
Capabilities {acceptInsecureCerts: false, browserName: chrome, browserVersion: 118.0.5993.70, chrome: {chromedriverVersion: 118.0.5993.70 (e52f33f30b91..., userDataDir: C:\Users\TRUPTI~1.GUM\AppDa...}, fedcm:accounts: true, goog:chromeOptions: {debuggerAddress: localhost:54151}, networkConnectionEnabled: false, pageLoadStrategy: normal, platformName: windows, proxy: Proxy(), se:cdp: ws://localhost:54151/devtoo..., se:cdpVersion: 118.0.5993.70, setWindowRect: true, strictFileInteractability: false, timeouts: {implicit: 0, pageLoad: 300000, script: 30000}, unhandledPromptBehavior: dismiss and notify, webauthn:extension:credBlob: true, webauthn:extension:largeBlob: true, webauthn:extension:minPinLength: true, webauthn:extension:prf: true, webauthn:virtualAuthenticators: true}
Element: [[ChromeDriver: chrome on windows (6f38a1bf833f4a310c2b08290856022d)] -> xpath: //span[contains(@class,'navigation-menu__dropdown-header__span')][normalize-space()='Savings']]
Session ID: 6f38a1bf833f4a310c2b08290856022d
at jdk.internal.reflect.GeneratedConstructorAccessor27.newInstance(Unknown Source)
at java.base/jdk.internal.reflect.DelegatingConstructorAccessorImpl.newInstance(DelegatingConstructorAccessorImpl.java:45)
at java.base/java.lang.reflect.Constructor.newInstanceWithCaller(Constructor.java:499)
at java.base/java.lang.reflect.Constructor.newInstance(Constructor.java:480)
at org.openqa.selenium.remote.codec.w3c.W3CHttpResponseCodec.createException(W3CHttpResponseCodec.java:200)
at org.openqa.selenium.remote.codec.w3c.W3CHttpResponseCodec.decode(W3CHttpResponseCodec.java:133)
at org.openqa.selenium.remote.codec.w3c.W3CHttpResponseCodec.decode(W3CHttpResponseCodec.java:52)
at org.openqa.selenium.remote.HttpCommandExecutor.execute(HttpCommandExecutor.java:191)
at org.openqa.selenium.remote.service.DriverCommandExecutor.invokeExecute(DriverCommandExecutor.java:196)
at org.openqa.selenium.remote.service.DriverCommandExecutor.execute(DriverCommandExecutor.java:171)
at org.openqa.selenium.remote.RemoteWebDriver.execute(RemoteWebDriver.java:518)
at org.openqa.selenium.remote.RemoteWebElement.execute(RemoteWebElement.java:224)
at org.openqa.selenium.remote.RemoteWebElement.click(RemoteWebElement.java:77)
at jdk.internal.reflect.GeneratedMethodAccessor116.invoke(Unknown Source)
at java.base/jdk.internal.reflect.DelegatingMethodAccessorImpl.invoke(DelegatingMethodAccessorImpl.java:43)
at java.base/java.lang.reflect.Method.invoke(Method.java:568)
at org.openqa.selenium.support.pagefactory.internal.LocatingElementHandler.invoke(LocatingElementHandler.java:51)
at jdk.proxy2/jdk.proxy2.$Proxy29.click(Unknown Source)
at pages.actions.PersonalSavingsAccountPageActions.navigateToPersonalSavingsPage(PersonalSavingsAccountPageActions.java:23)
at Savings_Feature_Steps.Savings_PersonalSavingsAccountPageSteps.i_navigate_to_personal_savings_account_page(Savings_PersonalSavingsAccountPageSteps.java:18)
at ?.I navigate to Personal Savings Account page(file:///G:/TRG/Website-Test-Automation-couk_Automation_Handover/Website-Test-Automation-couk_Automation_Handover2/src/test/resources/Savings_FeatureFiles/PersonalSavingsAccount.feature:227)
]]>
    </error>
  </testcase> <!-- runScenario -->
  <system-out/>
  <testcase classname="runners.SavingsRunner" name="runScenario" time="17.805"/>
  <system-out/>
  <testcase classname="runners.SavingsRunner" name="runScenario" time="3.270">
    <error message="element click intercepted: Element &lt;span class=&quot;navigation-menu__dropdown-header__span&quot;&gt;...&lt;/span&gt; is not clickable at point (57, 121). Other element would receive the click: &lt;div class=&quot;onetrust-pc-dark-filter ot-fade-in&quot; style=&quot;display: block;z-index: 2147483645;&quot;&gt;&lt;/div&gt;
  (Session info: chrome=118.0.5993.70)
Build info: version: &#039;4.11.0&#039;, revision: &#039;040bc5406b&#039;
System info: os.name: &#039;Windows Server 2019&#039;, os.arch: &#039;amd64&#039;, os.version: &#039;10.0&#039;, java.version: &#039;17.0.1&#039;
Driver info: org.openqa.selenium.chrome.ChromeDriver
Command: [6f38a1bf833f4a310c2b08290856022d, clickElement {id=420B20652AC05266464FDF93A99A107B_element_182}]
Capabilities {acceptInsecureCerts: false, browserName: chrome, browserVersion: 118.0.5993.70, chrome: {chromedriverVersion: 118.0.5993.70 (e52f33f30b91..., userDataDir: C:\Users\TRUPTI~1.GUM\AppDa...}, fedcm:accounts: true, goog:chromeOptions: {debuggerAddress: localhost:54151}, networkConnectionEnabled: false, pageLoadStrategy: normal, platformName: windows, proxy: Proxy(), se:cdp: ws://localhost:54151/devtoo..., se:cdpVersion: 118.0.5993.70, setWindowRect: true, strictFileInteractability: false, timeouts: {implicit: 0, pageLoad: 300000, script: 30000}, unhandledPromptBehavior: dismiss and notify, webauthn:extension:credBlob: true, webauthn:extension:largeBlob: true, webauthn:extension:minPinLength: true, webauthn:extension:prf: true, webauthn:virtualAuthenticators: true}
Element: [[ChromeDriver: chrome on windows (6f38a1bf833f4a310c2b08290856022d)] -&gt; xpath: //span[contains(@class,&#039;navigation-menu__dropdown-header__span&#039;)][normalize-space()=&#039;Savings&#039;]]
Session ID: 6f38a1bf833f4a310c2b08290856022d" type="org.openqa.selenium.ElementClickInterceptedException">
      <![CDATA[org.openqa.selenium.ElementClickInterceptedException: element click intercepted: Element <span class="navigation-menu__dropdown-header__span">...</span> is not clickable at point (57, 121). Other element would receive the click: <div class="onetrust-pc-dark-filter ot-fade-in" style="display: block;z-index: 2147483645;"></div>
  (Session info: chrome=118.0.5993.70)
Build info: version: '4.11.0', revision: '040bc5406b'
System info: os.name: 'Windows Server 2019', os.arch: 'amd64', os.version: '10.0', java.version: '17.0.1'
Driver info: org.openqa.selenium.chrome.ChromeDriver
Command: [6f38a1bf833f4a310c2b08290856022d, clickElement {id=420B20652AC05266464FDF93A99A107B_element_182}]
Capabilities {acceptInsecureCerts: false, browserName: chrome, browserVersion: 118.0.5993.70, chrome: {chromedriverVersion: 118.0.5993.70 (e52f33f30b91..., userDataDir: C:\Users\TRUPTI~1.GUM\AppDa...}, fedcm:accounts: true, goog:chromeOptions: {debuggerAddress: localhost:54151}, networkConnectionEnabled: false, pageLoadStrategy: normal, platformName: windows, proxy: Proxy(), se:cdp: ws://localhost:54151/devtoo..., se:cdpVersion: 118.0.5993.70, setWindowRect: true, strictFileInteractability: false, timeouts: {implicit: 0, pageLoad: 300000, script: 30000}, unhandledPromptBehavior: dismiss and notify, webauthn:extension:credBlob: true, webauthn:extension:largeBlob: true, webauthn:extension:minPinLength: true, webauthn:extension:prf: true, webauthn:virtualAuthenticators: true}
Element: [[ChromeDriver: chrome on windows (6f38a1bf833f4a310c2b08290856022d)] -> xpath: //span[contains(@class,'navigation-menu__dropdown-header__span')][normalize-space()='Savings']]
Session ID: 6f38a1bf833f4a310c2b08290856022d
at java.base/jdk.internal.reflect.NativeConstructorAccessorImpl.newInstance0(Native Method)
at java.base/jdk.internal.reflect.NativeConstructorAccessorImpl.newInstance(NativeConstructorAccessorImpl.java:77)
at java.base/jdk.internal.reflect.DelegatingConstructorAccessorImpl.newInstance(DelegatingConstructorAccessorImpl.java:45)
at java.base/java.lang.reflect.Constructor.newInstanceWithCaller(Constructor.java:499)
at java.base/java.lang.reflect.Constructor.newInstance(Constructor.java:480)
at org.openqa.selenium.remote.codec.w3c.W3CHttpResponseCodec.createException(W3CHttpResponseCodec.java:200)
at org.openqa.selenium.remote.codec.w3c.W3CHttpResponseCodec.decode(W3CHttpResponseCodec.java:133)
at org.openqa.selenium.remote.codec.w3c.W3CHttpResponseCodec.decode(W3CHttpResponseCodec.java:52)
at org.openqa.selenium.remote.HttpCommandExecutor.execute(HttpCommandExecutor.java:191)
at org.openqa.selenium.remote.service.DriverCommandExecutor.invokeExecute(DriverCommandExecutor.java:196)
at org.openqa.selenium.remote.service.DriverCommandExecutor.execute(DriverCommandExecutor.java:171)
at org.openqa.selenium.remote.RemoteWebDriver.execute(RemoteWebDriver.java:518)
at org.openqa.selenium.remote.RemoteWebElement.execute(RemoteWebElement.java:224)
at org.openqa.selenium.remote.RemoteWebElement.click(RemoteWebElement.java:77)
at java.base/jdk.internal.reflect.NativeMethodAccessorImpl.invoke0(Native Method)
at java.base/jdk.internal.reflect.NativeMethodAccessorImpl.invoke(NativeMethodAccessorImpl.java:77)
at java.base/jdk.internal.reflect.DelegatingMethodAccessorImpl.invoke(DelegatingMethodAccessorImpl.java:43)
at java.base/java.lang.reflect.Method.invoke(Method.java:568)
at org.openqa.selenium.support.pagefactory.internal.LocatingElementHandler.invoke(LocatingElementHandler.java:51)
at jdk.proxy2/jdk.proxy2.$Proxy29.click(Unknown Source)
at pages.actions.PersonalSavingsAccountPageActions.navigateToPersonalSavingsPage(PersonalSavingsAccountPageActions.java:23)
at Savings_Feature_Steps.Savings_PersonalSavingsAccountPageSteps.i_navigate_to_personal_savings_account_page(Savings_PersonalSavingsAccountPageSteps.java:18)
at ?.I navigate to Personal Savings Account page(file:///G:/TRG/Website-Test-Automation-couk_Automation_Handover/Website-Test-Automation-couk_Automation_Handover2/src/test/resources/Savings_FeatureFiles/PersonalSavingsAccount.feature:29)
]]>
    </error>
  </testcase> <!-- runScenario -->
  <system-out/>
  <testcase classname="runners.SavingsRunner" name="runScenario" time="3.394">
    <error message="element click intercepted: Element &lt;span class=&quot;navigation-menu__dropdown-header__span&quot;&gt;...&lt;/span&gt; is not clickable at point (57, 121). Other element would receive the click: &lt;div class=&quot;onetrust-pc-dark-filter ot-fade-in&quot; style=&quot;display: block;z-index: 2147483645;&quot;&gt;&lt;/div&gt;
  (Session info: chrome=118.0.5993.70)
Build info: version: &#039;4.11.0&#039;, revision: &#039;040bc5406b&#039;
System info: os.name: &#039;Windows Server 2019&#039;, os.arch: &#039;amd64&#039;, os.version: &#039;10.0&#039;, java.version: &#039;17.0.1&#039;
Driver info: org.openqa.selenium.chrome.ChromeDriver
Command: [6f38a1bf833f4a310c2b08290856022d, clickElement {id=3E4FDC9AE6DF313D93D1DC79FE39DEEE_element_736}]
Capabilities {acceptInsecureCerts: false, browserName: chrome, browserVersion: 118.0.5993.70, chrome: {chromedriverVersion: 118.0.5993.70 (e52f33f30b91..., userDataDir: C:\Users\TRUPTI~1.GUM\AppDa...}, fedcm:accounts: true, goog:chromeOptions: {debuggerAddress: localhost:54151}, networkConnectionEnabled: false, pageLoadStrategy: normal, platformName: windows, proxy: Proxy(), se:cdp: ws://localhost:54151/devtoo..., se:cdpVersion: 118.0.5993.70, setWindowRect: true, strictFileInteractability: false, timeouts: {implicit: 0, pageLoad: 300000, script: 30000}, unhandledPromptBehavior: dismiss and notify, webauthn:extension:credBlob: true, webauthn:extension:largeBlob: true, webauthn:extension:minPinLength: true, webauthn:extension:prf: true, webauthn:virtualAuthenticators: true}
Element: [[ChromeDriver: chrome on windows (6f38a1bf833f4a310c2b08290856022d)] -&gt; xpath: //span[contains(@class,&#039;navigation-menu__dropdown-header__span&#039;)][normalize-space()=&#039;Savings&#039;]]
Session ID: 6f38a1bf833f4a310c2b08290856022d" type="org.openqa.selenium.ElementClickInterceptedException">
      <![CDATA[org.openqa.selenium.ElementClickInterceptedException: element click intercepted: Element <span class="navigation-menu__dropdown-header__span">...</span> is not clickable at point (57, 121). Other element would receive the click: <div class="onetrust-pc-dark-filter ot-fade-in" style="display: block;z-index: 2147483645;"></div>
  (Session info: chrome=118.0.5993.70)
Build info: version: '4.11.0', revision: '040bc5406b'
System info: os.name: 'Windows Server 2019', os.arch: 'amd64', os.version: '10.0', java.version: '17.0.1'
Driver info: org.openqa.selenium.chrome.ChromeDriver
Command: [6f38a1bf833f4a310c2b08290856022d, clickElement {id=3E4FDC9AE6DF313D93D1DC79FE39DEEE_element_736}]
Capabilities {acceptInsecureCerts: false, browserName: chrome, browserVersion: 118.0.5993.70, chrome: {chromedriverVersion: 118.0.5993.70 (e52f33f30b91..., userDataDir: C:\Users\TRUPTI~1.GUM\AppDa...}, fedcm:accounts: true, goog:chromeOptions: {debuggerAddress: localhost:54151}, networkConnectionEnabled: false, pageLoadStrategy: normal, platformName: windows, proxy: Proxy(), se:cdp: ws://localhost:54151/devtoo..., se:cdpVersion: 118.0.5993.70, setWindowRect: true, strictFileInteractability: false, timeouts: {implicit: 0, pageLoad: 300000, script: 30000}, unhandledPromptBehavior: dismiss and notify, webauthn:extension:credBlob: true, webauthn:extension:largeBlob: true, webauthn:extension:minPinLength: true, webauthn:extension:prf: true, webauthn:virtualAuthenticators: true}
Element: [[ChromeDriver: chrome on windows (6f38a1bf833f4a310c2b08290856022d)] -> xpath: //span[contains(@class,'navigation-menu__dropdown-header__span')][normalize-space()='Savings']]
Session ID: 6f38a1bf833f4a310c2b08290856022d
at jdk.internal.reflect.GeneratedConstructorAccessor27.newInstance(Unknown Source)
at java.base/jdk.internal.reflect.DelegatingConstructorAccessorImpl.newInstance(DelegatingConstructorAccessorImpl.java:45)
at java.base/java.lang.reflect.Constructor.newInstanceWithCaller(Constructor.java:499)
at java.base/java.lang.reflect.Constructor.newInstance(Constructor.java:480)
at org.openqa.selenium.remote.codec.w3c.W3CHttpResponseCodec.createException(W3CHttpResponseCodec.java:200)
at org.openqa.selenium.remote.codec.w3c.W3CHttpResponseCodec.decode(W3CHttpResponseCodec.java:133)
at org.openqa.selenium.remote.codec.w3c.W3CHttpResponseCodec.decode(W3CHttpResponseCodec.java:52)
at org.openqa.selenium.remote.HttpCommandExecutor.execute(HttpCommandExecutor.java:191)
at org.openqa.selenium.remote.service.DriverCommandExecutor.invokeExecute(DriverCommandExecutor.java:196)
at org.openqa.selenium.remote.service.DriverCommandExecutor.execute(DriverCommandExecutor.java:171)
at org.openqa.selenium.remote.RemoteWebDriver.execute(RemoteWebDriver.java:518)
at org.openqa.selenium.remote.RemoteWebElement.execute(RemoteWebElement.java:224)
at org.openqa.selenium.remote.RemoteWebElement.click(RemoteWebElement.java:77)
at jdk.internal.reflect.GeneratedMethodAccessor116.invoke(Unknown Source)
at java.base/jdk.internal.reflect.DelegatingMethodAccessorImpl.invoke(DelegatingMethodAccessorImpl.java:43)
at java.base/java.lang.reflect.Method.invoke(Method.java:568)
at org.openqa.selenium.support.pagefactory.internal.LocatingElementHandler.invoke(LocatingElementHandler.java:51)
at jdk.proxy2/jdk.proxy2.$Proxy29.click(Unknown Source)
at pages.actions.PersonalSavingsAccountPageActions.navigateToPersonalSavingsPage(PersonalSavingsAccountPageActions.java:23)
at Savings_Feature_Steps.Savings_PersonalSavingsAccountPageSteps.i_navigate_to_personal_savings_account_page(Savings_PersonalSavingsAccountPageSteps.java:18)
at ?.I navigate to Personal Savings Account page(file:///G:/TRG/Website-Test-Automation-couk_Automation_Handover/Website-Test-Automation-couk_Automation_Handover2/src/test/resources/Savings_FeatureFiles/PersonalSavingsAccount.feature:212)
]]>
    </error>
  </testcase> <!-- runScenario -->
  <system-out/>
</testsuite> <!-- runners.SavingsRunner -->
