<?xml version="1.0" encoding="UTF-8"?>
<!-- Generated by org.testng.reporters.JUnitReportReporter -->
<testsuite hostname="uatcoukuksbast1" failures="1" tests="71" name="runners.TestRunner" time="1049.441" errors="1" timestamp="2025-09-09T08:41:37 BST" skipped="0">
  <testcase classname="runners.TestRunner" name="runScenario" time="18.493"/>
  <system-out/>
  <testcase classname="runners.TestRunner" name="runScenario" time="18.108"/>
  <system-out/>
  <testcase classname="runners.TestRunner" name="runScenario" time="14.633"/>
  <system-out/>
  <testcase classname="runners.TestRunner" name="runScenario" time="18.490"/>
  <system-out/>
  <testcase classname="runners.TestRunner" name="runScenario" time="3.680"/>
  <system-out/>
  <testcase classname="runners.TestRunner" name="runScenario" time="16.125"/>
  <system-out/>
  <testcase classname="runners.TestRunner" name="runScenario" time="2.156"/>
  <system-out/>
  <testcase classname="runners.TestRunner" name="runScenario" time="3.271"/>
  <system-out/>
  <testcase classname="runners.TestRunner" name="runScenario" time="2.294">
    <error message="invalid selector: Unable to locate an element with the xpath expression //*[contains(@class,&#039;masthead&#039;)]//h1] because of the following error:
SyntaxError: Failed to execute &#039;evaluate&#039; on &#039;Document&#039;: The string &#039;//*[contains(@class,&#039;masthead&#039;)]//h1]&#039; is not a valid XPath expression.
  (Session info: chrome=118.0.5993.70)
For documentation on this error, please visit: https://www.selenium.dev/documentation/webdriver/troubleshooting/errors#invalid-selector-exception
Build info: version: &#039;4.11.0&#039;, revision: &#039;040bc5406b&#039;
System info: os.name: &#039;Windows Server 2019&#039;, os.arch: &#039;amd64&#039;, os.version: &#039;10.0&#039;, java.version: &#039;17.0.1&#039;
Driver info: org.openqa.selenium.chrome.ChromeDriver
Command: [81d356ac29498571f18921f8c3c22206, findElement {using=xpath, value=//*[contains(@class,&#039;masthead&#039;)]//h1]}]
Capabilities {acceptInsecureCerts: false, browserName: chrome, browserVersion: 118.0.5993.70, chrome: {chromedriverVersion: 118.0.5993.70 (e52f33f30b91..., userDataDir: C:\Users\TRUPTI~1.GUM\AppDa...}, fedcm:accounts: true, goog:chromeOptions: {debuggerAddress: localhost:49767}, networkConnectionEnabled: false, pageLoadStrategy: normal, platformName: windows, proxy: Proxy(), se:cdp: ws://localhost:49767/devtoo..., se:cdpVersion: 118.0.5993.70, setWindowRect: true, strictFileInteractability: false, timeouts: {implicit: 0, pageLoad: 300000, script: 30000}, unhandledPromptBehavior: dismiss and notify, webauthn:extension:credBlob: true, webauthn:extension:largeBlob: true, webauthn:extension:minPinLength: true, webauthn:extension:prf: true, webauthn:virtualAuthenticators: true}
Session ID: 81d356ac29498571f18921f8c3c22206" type="org.openqa.selenium.InvalidSelectorException">
      <![CDATA[org.openqa.selenium.InvalidSelectorException: invalid selector: Unable to locate an element with the xpath expression //*[contains(@class,'masthead')]//h1] because of the following error:
SyntaxError: Failed to execute 'evaluate' on 'Document': The string '//*[contains(@class,'masthead')]//h1]' is not a valid XPath expression.
  (Session info: chrome=118.0.5993.70)
For documentation on this error, please visit: https://www.selenium.dev/documentation/webdriver/troubleshooting/errors#invalid-selector-exception
Build info: version: '4.11.0', revision: '040bc5406b'
System info: os.name: 'Windows Server 2019', os.arch: 'amd64', os.version: '10.0', java.version: '17.0.1'
Driver info: org.openqa.selenium.chrome.ChromeDriver
Command: [81d356ac29498571f18921f8c3c22206, findElement {using=xpath, value=//*[contains(@class,'masthead')]//h1]}]
Capabilities {acceptInsecureCerts: false, browserName: chrome, browserVersion: 118.0.5993.70, chrome: {chromedriverVersion: 118.0.5993.70 (e52f33f30b91..., userDataDir: C:\Users\TRUPTI~1.GUM\AppDa...}, fedcm:accounts: true, goog:chromeOptions: {debuggerAddress: localhost:49767}, networkConnectionEnabled: false, pageLoadStrategy: normal, platformName: windows, proxy: Proxy(), se:cdp: ws://localhost:49767/devtoo..., se:cdpVersion: 118.0.5993.70, setWindowRect: true, strictFileInteractability: false, timeouts: {implicit: 0, pageLoad: 300000, script: 30000}, unhandledPromptBehavior: dismiss and notify, webauthn:extension:credBlob: true, webauthn:extension:largeBlob: true, webauthn:extension:minPinLength: true, webauthn:extension:prf: true, webauthn:virtualAuthenticators: true}
Session ID: 81d356ac29498571f18921f8c3c22206
at java.base/jdk.internal.reflect.NativeConstructorAccessorImpl.newInstance0(Native Method)
at java.base/jdk.internal.reflect.NativeConstructorAccessorImpl.newInstance(NativeConstructorAccessorImpl.java:77)
at java.base/jdk.internal.reflect.DelegatingConstructorAccessorImpl.newInstance(DelegatingConstructorAccessorImpl.java:45)
at java.base/java.lang.reflect.Constructor.newInstanceWithCaller(Constructor.java:499)
at java.base/java.lang.reflect.Constructor.newInstance(Constructor.java:480)
at org.openqa.selenium.remote.codec.w3c.W3CHttpResponseCodec.createException(W3CHttpResponseCodec.java:200)
at org.openqa.selenium.remote.codec.w3c.W3CHttpResponseCodec.decode(W3CHttpResponseCodec.java:133)
at org.openqa.selenium.remote.codec.w3c.W3CHttpResponseCodec.decode(W3CHttpResponseCodec.java:52)
at org.openqa.selenium.remote.HttpCommandExecutor.execute(HttpCommandExecutor.java:191)
at org.openqa.selenium.remote.service.DriverCommandExecutor.invokeExecute(DriverCommandExecutor.java:196)
at org.openqa.selenium.remote.service.DriverCommandExecutor.execute(DriverCommandExecutor.java:171)
at org.openqa.selenium.remote.RemoteWebDriver.execute(RemoteWebDriver.java:518)
at org.openqa.selenium.remote.ElementLocation$ElementFinder$2.findElement(ElementLocation.java:165)
at org.openqa.selenium.remote.ElementLocation.findElement(ElementLocation.java:59)
at org.openqa.selenium.remote.RemoteWebDriver.findElement(RemoteWebDriver.java:355)
at org.openqa.selenium.remote.RemoteWebDriver.findElement(RemoteWebDriver.java:349)
at org.openqa.selenium.support.pagefactory.DefaultElementLocator.findElement(DefaultElementLocator.java:68)
at org.openqa.selenium.support.pagefactory.internal.LocatingElementHandler.invoke(LocatingElementHandler.java:38)
at jdk.proxy2/jdk.proxy2.$Proxy29.getText(Unknown Source)
at pages.actions.AldermorePageActions.getmastheadHomepageHeaderText(AldermorePageActions.java:73)
at steps.AldermorePageSteps.i_should_see_the_as_header_for_the_masthead_homepage(AldermorePageSteps.java:43)
at ✽.I should see the "Backing you to achieve more" as header for the Masthead homepage(file:///G:/TRG/Website-Test-Automation-couk_Automation_Handover/Website-Test-Automation-couk_Automation_Handover2/src/test/resources/HomePage_FeatureFiles/AldermoreHomepage.feature:11)
]]>
    </error>
  </testcase> <!-- runScenario -->
  <system-out/>
  <testcase classname="runners.TestRunner" name="runScenario" time="14.942"/>
  <system-out/>
  <testcase classname="runners.TestRunner" name="runScenario" time="1.556"/>
  <system-out/>
  <testcase classname="runners.TestRunner" name="runScenario" time="18.270"/>
  <system-out/>
  <testcase classname="runners.TestRunner" name="runScenario" time="18.431"/>
  <system-out/>
  <testcase classname="runners.TestRunner" name="runScenario" time="14.933"/>
  <system-out/>
  <testcase classname="runners.TestRunner" name="runScenario" time="18.065"/>
  <system-out/>
  <testcase classname="runners.TestRunner" name="runScenario" time="18.307"/>
  <system-out/>
  <testcase classname="runners.TestRunner" name="runScenario" time="18.160"/>
  <system-out/>
  <testcase classname="runners.TestRunner" name="runScenario" time="17.915"/>
  <system-out/>
  <testcase classname="runners.TestRunner" name="runScenario" time="14.941"/>
  <system-out/>
  <testcase classname="runners.TestRunner" name="runScenario" time="18.262"/>
  <system-out/>
  <testcase classname="runners.TestRunner" name="runScenario" time="18.073"/>
  <system-out/>
  <testcase classname="runners.TestRunner" name="runScenario" time="18.406"/>
  <system-out/>
  <testcase classname="runners.TestRunner" name="runScenario" time="15.168"/>
  <system-out/>
  <testcase classname="runners.TestRunner" name="runScenario" time="2.901"/>
  <system-out/>
  <testcase classname="runners.TestRunner" name="runScenario" time="14.950"/>
  <system-out/>
  <testcase classname="runners.TestRunner" name="runScenario" time="18.545"/>
  <system-out/>
  <testcase classname="runners.TestRunner" name="runScenario" time="14.605"/>
  <system-out/>
  <testcase classname="runners.TestRunner" name="runScenario" time="4.651"/>
  <system-out/>
  <testcase classname="runners.TestRunner" name="runScenario" time="18.037"/>
  <system-out/>
  <testcase classname="runners.TestRunner" name="runScenario" time="9.241"/>
  <system-out/>
  <testcase classname="runners.TestRunner" name="runScenario" time="14.577"/>
  <system-out/>
  <testcase classname="runners.TestRunner" name="runScenario" time="3.089"/>
  <system-out/>
  <testcase classname="runners.TestRunner" name="runScenario" time="18.347"/>
  <system-out/>
  <testcase classname="runners.TestRunner" name="runScenario" time="18.205"/>
  <system-out/>
  <testcase classname="runners.TestRunner" name="runScenario" time="18.452"/>
  <system-out/>
  <testcase classname="runners.TestRunner" name="runScenario" time="2.082"/>
  <system-out/>
  <testcase classname="runners.TestRunner" name="runScenario" time="14.294"/>
  <system-out/>
  <testcase classname="runners.TestRunner" name="runScenario" time="8.560"/>
  <system-out/>
  <testcase classname="runners.TestRunner" name="runScenario" time="18.199"/>
  <system-out/>
  <testcase classname="runners.TestRunner" name="runScenario" time="14.750"/>
  <system-out/>
  <testcase classname="runners.TestRunner" name="runScenario" time="14.655"/>
  <system-out/>
  <testcase classname="runners.TestRunner" name="runScenario" time="14.901"/>
  <system-out/>
  <testcase classname="runners.TestRunner" name="runScenario" time="18.328"/>
  <system-out/>
  <testcase classname="runners.TestRunner" name="runScenario" time="17.996"/>
  <system-out/>
  <testcase classname="runners.TestRunner" name="runScenario" time="14.870"/>
  <system-out/>
  <testcase classname="runners.TestRunner" name="runScenario" time="15.358"/>
  <system-out/>
  <testcase classname="runners.TestRunner" name="runScenario" time="15.874"/>
  <system-out/>
  <testcase classname="runners.TestRunner" name="runScenario" time="18.518"/>
  <system-out/>
  <testcase classname="runners.TestRunner" name="runScenario" time="18.239"/>
  <system-out/>
  <testcase classname="runners.TestRunner" name="runScenario" time="15.157"/>
  <system-out/>
  <testcase classname="runners.TestRunner" name="runScenario" time="18.164"/>
  <system-out/>
  <testcase classname="runners.TestRunner" name="runScenario" time="19.080"/>
  <system-out/>
  <testcase classname="runners.TestRunner" name="runScenario" time="14.539"/>
  <system-out/>
  <testcase classname="runners.TestRunner" name="runScenario" time="2.021"/>
  <system-out/>
  <testcase classname="runners.TestRunner" name="runScenario" time="18.182"/>
  <system-out/>
  <testcase classname="runners.TestRunner" name="runScenario" time="18.357"/>
  <system-out/>
  <testcase classname="runners.TestRunner" name="runScenario" time="18.438"/>
  <system-out/>
  <testcase classname="runners.TestRunner" name="runScenario" time="33.120">
    <failure message="Web Element is not clicked in a given time" type="java.lang.AssertionError">
      <![CDATA[java.lang.AssertionError: Web Element is not clicked in a given time
at org.testng.Assert.fail(Assert.java:99)
at utils.SeleniumDriver.waitForElementClickable(SeleniumDriver.java:208)
at HomePage_Steps.AldermoreHomePageFooterPageSteps.i_see_aldermore_homepage(AldermoreHomePageFooterPageSteps.java:18)
at ✽.I see Aldermore page(file:///G:/TRG/Website-Test-Automation-couk_Automation_Handover/Website-Test-Automation-couk_Automation_Handover2/src/test/resources/HomePage_FeatureFiles/AldermoreHomePageFooter.feature:82)
]]>
    </failure>
  </testcase> <!-- runScenario -->
  <system-out/>
  <testcase classname="runners.TestRunner" name="runScenario" time="4.440"/>
  <system-out/>
  <testcase classname="runners.TestRunner" name="runScenario" time="18.259"/>
  <system-out/>
  <testcase classname="runners.TestRunner" name="runScenario" time="18.426"/>
  <system-out/>
  <testcase classname="runners.TestRunner" name="runScenario" time="5.469"/>
  <system-out/>
  <testcase classname="runners.TestRunner" name="runScenario" time="18.117"/>
  <system-out/>
  <testcase classname="runners.TestRunner" name="runScenario" time="18.238"/>
  <system-out/>
  <testcase classname="runners.TestRunner" name="runScenario" time="17.325"/>
  <system-out/>
  <testcase classname="runners.TestRunner" name="runScenario" time="18.545"/>
  <system-out/>
  <testcase classname="runners.TestRunner" name="runScenario" time="18.377"/>
  <system-out/>
  <testcase classname="runners.TestRunner" name="runScenario" time="18.451"/>
  <system-out/>
  <testcase classname="runners.TestRunner" name="runScenario" time="18.631"/>
  <system-out/>
  <testcase classname="runners.TestRunner" name="runScenario" time="15.040"/>
  <system-out/>
  <testcase classname="runners.TestRunner" name="runScenario" time="18.162"/>
  <system-out/>
</testsuite> <!-- runners.TestRunner -->
