<?xml version="1.0" encoding="UTF-8"?>
<!-- Generated by org.testng.reporters.JUnitReportReporter -->
<testsuite hostname="uatcoukuksbast1" failures="1" tests="71" name="runners.TestRunner" time="1059.493" errors="1" timestamp="2025-09-11T14:28:49 BST" skipped="0">
  <testcase classname="runners.TestRunner" name="runScenario" time="18.559"/>
  <system-out/>
  <testcase classname="runners.TestRunner" name="runScenario" time="15.375"/>
  <system-out/>
  <testcase classname="runners.TestRunner" name="runScenario" time="18.669"/>
  <system-out/>
  <testcase classname="runners.TestRunner" name="runScenario" time="5.535"/>
  <system-out/>
  <testcase classname="runners.TestRunner" name="runScenario" time="18.652"/>
  <system-out/>
  <testcase classname="runners.TestRunner" name="runScenario" time="18.645"/>
  <system-out/>
  <testcase classname="runners.TestRunner" name="runScenario" time="18.820"/>
  <system-out/>
  <testcase classname="runners.TestRunner" name="runScenario" time="18.933"/>
  <system-out/>
  <testcase classname="runners.TestRunner" name="runScenario" time="18.240"/>
  <system-out/>
  <testcase classname="runners.TestRunner" name="runScenario" time="35.385">
    <failure message="Web Element is not clicked in a given time" type="java.lang.AssertionError">
      <![CDATA[java.lang.AssertionError: Web Element is not clicked in a given time
at org.testng.Assert.fail(Assert.java:99)
at utils.SeleniumDriver.waitForElementClickable(SeleniumDriver.java:208)
at HomePage_Steps.AldermoreHomePageFooterPageSteps.i_see_aldermore_homepage(AldermoreHomePageFooterPageSteps.java:18)
at ✽.I see Aldermore page(file:///G:/TRG/Website-Test-Automation-couk_Automation_Handover/Website_HomePage%20Completed/src/test/resources/HomePage_FeatureFiles/AldermoreHomePageFooter.feature:7)
]]>
    </failure>
  </testcase> <!-- runScenario -->
  <system-out/>
  <testcase classname="runners.TestRunner" name="runScenario" time="2.875"/>
  <system-out/>
  <testcase classname="runners.TestRunner" name="runScenario" time="7.040"/>
  <system-out/>
  <testcase classname="runners.TestRunner" name="runScenario" time="15.031"/>
  <system-out/>
  <testcase classname="runners.TestRunner" name="runScenario" time="18.570"/>
  <system-out/>
  <testcase classname="runners.TestRunner" name="runScenario" time="14.974"/>
  <system-out/>
  <testcase classname="runners.TestRunner" name="runScenario" time="18.589"/>
  <system-out/>
  <testcase classname="runners.TestRunner" name="runScenario" time="18.646"/>
  <system-out/>
  <testcase classname="runners.TestRunner" name="runScenario" time="3.352"/>
  <system-out/>
  <testcase classname="runners.TestRunner" name="runScenario" time="18.791"/>
  <system-out/>
  <testcase classname="runners.TestRunner" name="runScenario" time="15.592"/>
  <system-out/>
  <testcase classname="runners.TestRunner" name="runScenario" time="15.531"/>
  <system-out/>
  <testcase classname="runners.TestRunner" name="runScenario" time="18.673"/>
  <system-out/>
  <testcase classname="runners.TestRunner" name="runScenario" time="14.966"/>
  <system-out/>
  <testcase classname="runners.TestRunner" name="runScenario" time="18.906"/>
  <system-out/>
  <testcase classname="runners.TestRunner" name="runScenario" time="4.151"/>
  <system-out/>
  <testcase classname="runners.TestRunner" name="runScenario" time="15.339"/>
  <system-out/>
  <testcase classname="runners.TestRunner" name="runScenario" time="1.989"/>
  <system-out/>
  <testcase classname="runners.TestRunner" name="runScenario" time="18.529"/>
  <system-out/>
  <testcase classname="runners.TestRunner" name="runScenario" time="18.649"/>
  <system-out/>
  <testcase classname="runners.TestRunner" name="runScenario" time="18.694"/>
  <system-out/>
  <testcase classname="runners.TestRunner" name="runScenario" time="15.721"/>
  <system-out/>
  <testcase classname="runners.TestRunner" name="runScenario" time="15.161"/>
  <system-out/>
  <testcase classname="runners.TestRunner" name="runScenario" time="3.726"/>
  <system-out/>
  <testcase classname="runners.TestRunner" name="runScenario" time="19.043"/>
  <system-out/>
  <testcase classname="runners.TestRunner" name="runScenario" time="15.336"/>
  <system-out/>
  <testcase classname="runners.TestRunner" name="runScenario" time="18.635"/>
  <system-out/>
  <testcase classname="runners.TestRunner" name="runScenario" time="15.436"/>
  <system-out/>
  <testcase classname="runners.TestRunner" name="runScenario" time="18.102"/>
  <system-out/>
  <testcase classname="runners.TestRunner" name="runScenario" time="18.444"/>
  <system-out/>
  <testcase classname="runners.TestRunner" name="runScenario" time="3.293"/>
  <system-out/>
  <testcase classname="runners.TestRunner" name="runScenario" time="5.021"/>
  <system-out/>
  <testcase classname="runners.TestRunner" name="runScenario" time="18.577"/>
  <system-out/>
  <testcase classname="runners.TestRunner" name="runScenario" time="8.001"/>
  <system-out/>
  <testcase classname="runners.TestRunner" name="runScenario" time="18.634"/>
  <system-out/>
  <testcase classname="runners.TestRunner" name="runScenario" time="18.537"/>
  <system-out/>
  <testcase classname="runners.TestRunner" name="runScenario" time="3.968">
    <error message="invalid selector: Unable to locate an element with the xpath expression //*[contains(@class,&#039;masthead&#039;)]//h1] because of the following error:
SyntaxError: Failed to execute &#039;evaluate&#039; on &#039;Document&#039;: The string &#039;//*[contains(@class,&#039;masthead&#039;)]//h1]&#039; is not a valid XPath expression.
  (Session info: chrome=118.0.5993.70)
For documentation on this error, please visit: https://www.selenium.dev/documentation/webdriver/troubleshooting/errors#invalid-selector-exception
Build info: version: &#039;4.11.0&#039;, revision: &#039;040bc5406b&#039;
System info: os.name: &#039;Windows Server 2019&#039;, os.arch: &#039;amd64&#039;, os.version: &#039;10.0&#039;, java.version: &#039;17.0.1&#039;
Driver info: org.openqa.selenium.chrome.ChromeDriver
Command: [6358160bd94262813a2b8ce0dc4cb47d, findElement {using=xpath, value=//*[contains(@class,&#039;masthead&#039;)]//h1]}]
Capabilities {acceptInsecureCerts: false, browserName: chrome, browserVersion: 118.0.5993.70, chrome: {chromedriverVersion: 118.0.5993.70 (e52f33f30b91..., userDataDir: C:\Users\TRUPTI~1.GUM\AppDa...}, fedcm:accounts: true, goog:chromeOptions: {debuggerAddress: localhost:49448}, networkConnectionEnabled: false, pageLoadStrategy: normal, platformName: windows, proxy: Proxy(), se:cdp: ws://localhost:49448/devtoo..., se:cdpVersion: 118.0.5993.70, setWindowRect: true, strictFileInteractability: false, timeouts: {implicit: 0, pageLoad: 300000, script: 30000}, unhandledPromptBehavior: dismiss and notify, webauthn:extension:credBlob: true, webauthn:extension:largeBlob: true, webauthn:extension:minPinLength: true, webauthn:extension:prf: true, webauthn:virtualAuthenticators: true}
Session ID: 6358160bd94262813a2b8ce0dc4cb47d" type="org.openqa.selenium.InvalidSelectorException">
      <![CDATA[org.openqa.selenium.InvalidSelectorException: invalid selector: Unable to locate an element with the xpath expression //*[contains(@class,'masthead')]//h1] because of the following error:
SyntaxError: Failed to execute 'evaluate' on 'Document': The string '//*[contains(@class,'masthead')]//h1]' is not a valid XPath expression.
  (Session info: chrome=118.0.5993.70)
For documentation on this error, please visit: https://www.selenium.dev/documentation/webdriver/troubleshooting/errors#invalid-selector-exception
Build info: version: '4.11.0', revision: '040bc5406b'
System info: os.name: 'Windows Server 2019', os.arch: 'amd64', os.version: '10.0', java.version: '17.0.1'
Driver info: org.openqa.selenium.chrome.ChromeDriver
Command: [6358160bd94262813a2b8ce0dc4cb47d, findElement {using=xpath, value=//*[contains(@class,'masthead')]//h1]}]
Capabilities {acceptInsecureCerts: false, browserName: chrome, browserVersion: 118.0.5993.70, chrome: {chromedriverVersion: 118.0.5993.70 (e52f33f30b91..., userDataDir: C:\Users\TRUPTI~1.GUM\AppDa...}, fedcm:accounts: true, goog:chromeOptions: {debuggerAddress: localhost:49448}, networkConnectionEnabled: false, pageLoadStrategy: normal, platformName: windows, proxy: Proxy(), se:cdp: ws://localhost:49448/devtoo..., se:cdpVersion: 118.0.5993.70, setWindowRect: true, strictFileInteractability: false, timeouts: {implicit: 0, pageLoad: 300000, script: 30000}, unhandledPromptBehavior: dismiss and notify, webauthn:extension:credBlob: true, webauthn:extension:largeBlob: true, webauthn:extension:minPinLength: true, webauthn:extension:prf: true, webauthn:virtualAuthenticators: true}
Session ID: 6358160bd94262813a2b8ce0dc4cb47d
at java.base/jdk.internal.reflect.NativeConstructorAccessorImpl.newInstance0(Native Method)
at java.base/jdk.internal.reflect.NativeConstructorAccessorImpl.newInstance(NativeConstructorAccessorImpl.java:77)
at java.base/jdk.internal.reflect.DelegatingConstructorAccessorImpl.newInstance(DelegatingConstructorAccessorImpl.java:45)
at java.base/java.lang.reflect.Constructor.newInstanceWithCaller(Constructor.java:499)
at java.base/java.lang.reflect.Constructor.newInstance(Constructor.java:480)
at org.openqa.selenium.remote.codec.w3c.W3CHttpResponseCodec.createException(W3CHttpResponseCodec.java:200)
at org.openqa.selenium.remote.codec.w3c.W3CHttpResponseCodec.decode(W3CHttpResponseCodec.java:133)
at org.openqa.selenium.remote.codec.w3c.W3CHttpResponseCodec.decode(W3CHttpResponseCodec.java:52)
at org.openqa.selenium.remote.HttpCommandExecutor.execute(HttpCommandExecutor.java:191)
at org.openqa.selenium.remote.service.DriverCommandExecutor.invokeExecute(DriverCommandExecutor.java:196)
at org.openqa.selenium.remote.service.DriverCommandExecutor.execute(DriverCommandExecutor.java:171)
at org.openqa.selenium.remote.RemoteWebDriver.execute(RemoteWebDriver.java:518)
at org.openqa.selenium.remote.ElementLocation$ElementFinder$2.findElement(ElementLocation.java:165)
at org.openqa.selenium.remote.ElementLocation.findElement(ElementLocation.java:59)
at org.openqa.selenium.remote.RemoteWebDriver.findElement(RemoteWebDriver.java:355)
at org.openqa.selenium.remote.RemoteWebDriver.findElement(RemoteWebDriver.java:349)
at org.openqa.selenium.support.pagefactory.DefaultElementLocator.findElement(DefaultElementLocator.java:68)
at org.openqa.selenium.support.pagefactory.internal.LocatingElementHandler.invoke(LocatingElementHandler.java:38)
at jdk.proxy2/jdk.proxy2.$Proxy29.getText(Unknown Source)
at pages.actions.AldermorePageActions.getmastheadHomepageHeaderText(AldermorePageActions.java:73)
at steps.AldermorePageSteps.i_should_see_the_as_header_for_the_masthead_homepage(AldermorePageSteps.java:43)
at ✽.I should see the "Backing you to achieve more" as header for the Masthead homepage(file:///G:/TRG/Website-Test-Automation-couk_Automation_Handover/Website_HomePage%20Completed/src/test/resources/HomePage_FeatureFiles/AldermoreHomepage.feature:11)
]]>
    </error>
  </testcase> <!-- runScenario -->
  <system-out/>
  <testcase classname="runners.TestRunner" name="runScenario" time="18.783"/>
  <system-out/>
  <testcase classname="runners.TestRunner" name="runScenario" time="1.878"/>
  <system-out/>
  <testcase classname="runners.TestRunner" name="runScenario" time="18.525"/>
  <system-out/>
  <testcase classname="runners.TestRunner" name="runScenario" time="18.600"/>
  <system-out/>
  <testcase classname="runners.TestRunner" name="runScenario" time="18.593"/>
  <system-out/>
  <testcase classname="runners.TestRunner" name="runScenario" time="15.586"/>
  <system-out/>
  <testcase classname="runners.TestRunner" name="runScenario" time="1.912"/>
  <system-out/>
  <testcase classname="runners.TestRunner" name="runScenario" time="15.448"/>
  <system-out/>
  <testcase classname="runners.TestRunner" name="runScenario" time="18.795"/>
  <system-out/>
  <testcase classname="runners.TestRunner" name="runScenario" time="17.299"/>
  <system-out/>
  <testcase classname="runners.TestRunner" name="runScenario" time="16.266"/>
  <system-out/>
  <testcase classname="runners.TestRunner" name="runScenario" time="18.484"/>
  <system-out/>
  <testcase classname="runners.TestRunner" name="runScenario" time="18.437"/>
  <system-out/>
  <testcase classname="runners.TestRunner" name="runScenario" time="18.302"/>
  <system-out/>
  <testcase classname="runners.TestRunner" name="runScenario" time="15.982"/>
  <system-out/>
  <testcase classname="runners.TestRunner" name="runScenario" time="15.122"/>
  <system-out/>
  <testcase classname="runners.TestRunner" name="runScenario" time="15.460"/>
  <system-out/>
  <testcase classname="runners.TestRunner" name="runScenario" time="18.266"/>
  <system-out/>
  <testcase classname="runners.TestRunner" name="runScenario" time="15.290"/>
  <system-out/>
  <testcase classname="runners.TestRunner" name="runScenario" time="18.715"/>
  <system-out/>
  <testcase classname="runners.TestRunner" name="runScenario" time="1.954"/>
  <system-out/>
  <testcase classname="runners.TestRunner" name="runScenario" time="18.600"/>
  <system-out/>
  <testcase classname="runners.TestRunner" name="runScenario" time="18.844"/>
  <system-out/>
  <testcase classname="runners.TestRunner" name="runScenario" time="4.778"/>
  <system-out/>
  <testcase classname="runners.TestRunner" name="runScenario" time="18.239"/>
  <system-out/>
</testsuite> <!-- runners.TestRunner -->
